[0.019s] Invoking command in '/home/bfg2h/bumperbot_ws/build/bumperbot_controller': CMAKE_PREFIX_PATH=${CMAKE_PREFIX_PATH}:/home/bfg2h/bumperbot_ws/install/bumperbot_py_examples:/home/bfg2h/ros2_ws/install/my_py_pkg:/home/bfg2h/udemy_ws/install/self_driving_car_pkg:/opt/ros/humble _=/usr/bin/env /usr/bin/cmake --build /home/bfg2h/bumperbot_ws/build/bumperbot_controller -- -j16 -l16
[0.044s] [35m[1mConsolidate compiler generated dependencies of target noisy_controller[0m
[0.056s] [ 75%] Built target simple_controller
[0.057s] [ 75%] [32mBuilding CXX object CMakeFiles/noisy_controller.dir/src/noisy_controller.cpp.o[0m
[0.057s] [ 75%] Built target ament_cmake_python_copy_bumperbot_controller
[0.351s] running egg_info
[0.352s] writing bumperbot_controller.egg-info/PKG-INFO
[0.352s] writing dependency_links to bumperbot_controller.egg-info/dependency_links.txt
[0.352s] writing top-level names to bumperbot_controller.egg-info/top_level.txt
[0.354s] reading manifest file 'bumperbot_controller.egg-info/SOURCES.txt'
[0.355s] writing manifest file 'bumperbot_controller.egg-info/SOURCES.txt'
[0.380s] [ 75%] Built target ament_cmake_python_build_bumperbot_controller_egg
[2.208s] [01m[K/home/bfg2h/bumperbot_ws/src/bumperbot_controller/src/noisy_controller.cpp:11:1:[m[K [01;31m[Kerror: [m[Kâ€˜[01m[KNoisyController[m[Kâ€™ does not name a type
[2.208s]    11 | [01;31m[KNoisyController[m[K::NoisyController(const std::string &name) : Node(name)
[2.208s]       | [01;31m[K^~~~~~~~~~~~~~~[m[K
[2.209s] [01m[K/home/bfg2h/bumperbot_ws/src/bumperbot_controller/src/noisy_controller.cpp:52:6:[m[K [01;31m[Kerror: [m[Kâ€˜[01m[KNoisyController[m[Kâ€™ has not been declared
[2.209s]    52 | void [01;31m[KNoisyController[m[K::jointCallback(const sensor_msgs::msg::JointState &msg)
[2.209s]       |      [01;31m[K^~~~~~~~~~~~~~~[m[K
[2.215s] [01m[K/home/bfg2h/bumperbot_ws/src/bumperbot_controller/src/noisy_controller.cpp:[m[K In function â€˜[01m[Kvoid jointCallback(const JointState&)[m[Kâ€™:
[2.215s] [01m[K/home/bfg2h/bumperbot_ws/src/bumperbot_controller/src/noisy_controller.cpp:62:45:[m[K [01;31m[Kerror: [m[Kâ€˜[01m[Kright_wheel_prev_pos_[m[Kâ€™ was not declared in this scope
[2.215s]    62 |     double dp_right = wheel_encoder_right - [01;31m[Kright_wheel_prev_pos_[m[K;
[2.215s]       |                                             [01;31m[K^~~~~~~~~~~~~~~~~~~~~[m[K
[2.220s] [01m[K/home/bfg2h/bumperbot_ws/src/bumperbot_controller/src/noisy_controller.cpp:63:43:[m[K [01;31m[Kerror: [m[Kâ€˜[01m[Kleft_wheel_prev_pos_[m[Kâ€™ was not declared in this scope
[2.220s]    63 |     double dp_left = wheel_encoder_left - [01;31m[Kleft_wheel_prev_pos_[m[K;
[2.220s]       |                                           [01;31m[K^~~~~~~~~~~~~~~~~~~~[m[K
[2.223s] [01m[K/home/bfg2h/bumperbot_ws/src/bumperbot_controller/src/noisy_controller.cpp:66:38:[m[K [01;31m[Kerror: [m[Kâ€˜[01m[Kprev_time_[m[Kâ€™ was not declared in this scope
[2.223s]    66 |     rclcpp::Duration dt = msg_time - [01;31m[Kprev_time_[m[K;
[2.223s]       |                                      [01;31m[K^~~~~~~~~~[m[K
[2.227s] [01m[K/home/bfg2h/bumperbot_ws/src/bumperbot_controller/src/noisy_controller.cpp:75:16:[m[K [01;31m[Kerror: [m[Kâ€˜[01m[Kwheel_radius_[m[Kâ€™ was not declared in this scope
[2.227s]    75 |     double V = [01;31m[Kwheel_radius_[m[K / 2 * (fi_right + fi_left);
[2.227s]       |                [01;31m[K^~~~~~~~~~~~~[m[K
[2.232s] [01m[K/home/bfg2h/bumperbot_ws/src/bumperbot_controller/src/noisy_controller.cpp:76:32:[m[K [01;31m[Kerror: [m[Kâ€˜[01m[Kwheel_separation_[m[Kâ€™ was not declared in this scope
[2.232s]    76 |     double w = wheel_radius_ / [01;31m[Kwheel_separation_[m[K * (fi_right - fi_left);
[2.232s]       |                                [01;31m[K^~~~~~~~~~~~~~~~~[m[K
[2.234s] [01m[K/home/bfg2h/bumperbot_ws/src/bumperbot_controller/src/noisy_controller.cpp:80:5:[m[K [01;31m[Kerror: [m[Kâ€˜[01m[Ktheta_[m[Kâ€™ was not declared in this scope
[2.234s]    80 |     [01;31m[Ktheta_[m[K += d_theta;
[2.234s]       |     [01;31m[K^~~~~~[m[K
[2.236s] [01m[K/home/bfg2h/bumperbot_ws/src/bumperbot_controller/src/noisy_controller.cpp:81:5:[m[K [01;31m[Kerror: [m[Kâ€˜[01m[Kx_[m[Kâ€™ was not declared in this scope
[2.236s]    81 |     [01;31m[Kx_[m[K += d_s * std::cos(theta_);
[2.236s]       |     [01;31m[K^~[m[K
[2.238s] [01m[K/home/bfg2h/bumperbot_ws/src/bumperbot_controller/src/noisy_controller.cpp:82:5:[m[K [01;31m[Kerror: [m[Kâ€˜[01m[Ky_[m[Kâ€™ was not declared in this scope; did you mean â€˜[01m[Kyn[m[Kâ€™?
[2.238s]    82 |     [01;31m[Ky_[m[K += d_s * std::sin(theta_);
[2.238s]       |     [01;31m[K^~[m[K
[2.238s]       |     [32m[Kyn[m[K
[2.240s] [01m[K/home/bfg2h/bumperbot_ws/src/bumperbot_controller/src/noisy_controller.cpp:84:5:[m[K [01;31m[Kerror: [m[Kâ€˜[01m[Kq[m[Kâ€™ was not declared in this scope
[2.240s]    84 |     [01;31m[Kq[m[K.setRPY(0, 0, theta_);
[2.240s]       |     [01;31m[K^[m[K
[2.243s] [01m[K/home/bfg2h/bumperbot_ws/src/bumperbot_controller/src/noisy_controller.cpp:85:5:[m[K [01;31m[Kerror: [m[Kâ€˜[01m[Kodom_msgs_[m[Kâ€™ was not declared in this scope
[2.243s]    85 |     [01;31m[Kodom_msgs_[m[K.pose.pose.orientation.x = q.x();
[2.243s]       |     [01;31m[K^~~~~~~~~~[m[K
[2.245s] [01m[K/home/bfg2h/bumperbot_ws/src/bumperbot_controller/src/noisy_controller.cpp:91:31:[m[K [01;31m[Kerror: [m[Kâ€˜[01m[Kget_clock[m[Kâ€™ was not declared in this scope
[2.246s]    91 |     odom_msgs_.header.stamp = [01;31m[Kget_clock[m[K()->now();
[2.246s]       |                               [01;31m[K^~~~~~~~~[m[K
[2.248s] [01m[K/home/bfg2h/bumperbot_ws/src/bumperbot_controller/src/noisy_controller.cpp:95:5:[m[K [01;31m[Kerror: [m[Kâ€˜[01m[Kodom_pub_[m[Kâ€™ was not declared in this scope
[2.248s]    95 |     [01;31m[Kodom_pub_[m[K->publish(odom_msgs_);
[2.249s]       |     [01;31m[K^~~~~~~~~[m[K
[2.253s] [01m[K/home/bfg2h/bumperbot_ws/src/bumperbot_controller/src/noisy_controller.cpp:97:5:[m[K [01;31m[Kerror: [m[Kâ€˜[01m[Ktransform_stamped_[m[Kâ€™ was not declared in this scope
[2.254s]    97 |     [01;31m[Ktransform_stamped_[m[K.transform.translation.x = x_;
[2.254s]       |     [01;31m[K^~~~~~~~~~~~~~~~~~[m[K
[2.255s] [01m[K/home/bfg2h/bumperbot_ws/src/bumperbot_controller/src/noisy_controller.cpp:104:5:[m[K [01;31m[Kerror: [m[Kâ€˜[01m[Kbr_[m[Kâ€™ was not declared in this scope; did you mean â€˜[01m[Kbrk[m[Kâ€™?
[2.256s]   104 |     [01;31m[Kbr_[m[K->sendTransform(transform_stamped_);
[2.256s]       |     [01;31m[K^~~[m[K
[2.256s]       |     [32m[Kbrk[m[K
[2.260s] [01m[K/home/bfg2h/bumperbot_ws/src/bumperbot_controller/src/noisy_controller.cpp:[m[K In function â€˜[01m[Kint main(int, char**)[m[Kâ€™:
[2.260s] [01m[K/home/bfg2h/bumperbot_ws/src/bumperbot_controller/src/noisy_controller.cpp:110:34:[m[K [01;31m[Kerror: [m[Kâ€˜[01m[KNoisyController[m[Kâ€™ was not declared in this scope
[2.260s]   110 |     auto node = std::make_shared<[01;31m[KNoisyController[m[K>("noisy_controller");
[2.260s]       |                                  [01;31m[K^~~~~~~~~~~~~~~[m[K
[2.260s] [01m[K/home/bfg2h/bumperbot_ws/src/bumperbot_controller/src/noisy_controller.cpp:110:50:[m[K [01;31m[Kerror: [m[Kno matching function for call to â€˜[01m[Kmake_shared<<expression error> >(const char [17])[m[Kâ€™
[2.261s]   110 |     auto node = [01;31m[Kstd::make_shared<NoisyController>("noisy_controller")[m[K;
[2.261s]       |                 [01;31m[K~~~~~~~~~~~~~~~~~~~~~~~~~~~~~~~~~^~~~~~~~~~~~~~~~~~~~[m[K
[2.261s] In file included from [01m[K/usr/include/c++/11/memory:77[m[K,
[2.261s]                  from [01m[K/opt/ros/humble/include/rclcpp/rclcpp/rclcpp.hpp:153[m[K,
[2.261s]                  from [01m[K/home/bfg2h/bumperbot_ws/src/bumperbot_controller/src/noisy_controller.cpp:2[m[K:
[2.261s] [01m[K/usr/include/c++/11/bits/shared_ptr.h:875:5:[m[K [01;36m[Knote: [m[Kcandidate: â€˜[01m[Ktemplate<class _Tp, class ... _Args> std::shared_ptr<_Tp> std::make_shared(_Args&& ...)[m[Kâ€™
[2.261s]   875 |     [01;36m[Kmake_shared[m[K(_Args&&... __args)
[2.261s]       |     [01;36m[K^~~~~~~~~~~[m[K
[2.261s] [01m[K/usr/include/c++/11/bits/shared_ptr.h:875:5:[m[K [01;36m[Knote: [m[K  template argument deduction/substitution failed:
[2.261s] [01m[K/home/bfg2h/bumperbot_ws/src/bumperbot_controller/src/noisy_controller.cpp:110:50:[m[K [01;31m[Kerror: [m[Ktemplate argument 1 is invalid
[2.261s]   110 |     auto node = [01;31m[Kstd::make_shared<NoisyController>("noisy_controller")[m[K;
[2.261s]       |                 [01;31m[K~~~~~~~~~~~~~~~~~~~~~~~~~~~~~~~~~^~~~~~~~~~~~~~~~~~~~[m[K
[2.644s] gmake[2]: *** [CMakeFiles/noisy_controller.dir/build.make:76: CMakeFiles/noisy_controller.dir/src/noisy_controller.cpp.o] Error 1
[2.645s] gmake[1]: *** [CMakeFiles/Makefile2:168: CMakeFiles/noisy_controller.dir/all] Error 2
[2.645s] gmake: *** [Makefile:146: all] Error 2
[2.647s] Invoked command in '/home/bfg2h/bumperbot_ws/build/bumperbot_controller' returned '2': CMAKE_PREFIX_PATH=${CMAKE_PREFIX_PATH}:/home/bfg2h/bumperbot_ws/install/bumperbot_py_examples:/home/bfg2h/ros2_ws/install/my_py_pkg:/home/bfg2h/udemy_ws/install/self_driving_car_pkg:/opt/ros/humble _=/usr/bin/env /usr/bin/cmake --build /home/bfg2h/bumperbot_ws/build/bumperbot_controller -- -j16 -l16
