-- The C compiler identification is GNU 11.4.0
-- The CXX compiler identification is GNU 11.4.0
-- Detecting C compiler ABI info
-- Detecting C compiler ABI info - done
-- Check for working C compiler: /usr/bin/cc - skipped
-- Detecting C compile features
-- Detecting C compile features - done
-- Detecting CXX compiler ABI info
-- Detecting CXX compiler ABI info - done
-- Check for working CXX compiler: /usr/bin/c++ - skipped
-- Detecting CXX compile features
-- Detecting CXX compile features - done
-- Found ament_cmake: 1.3.10 (/opt/ros/humble/share/ament_cmake/cmake)
-- Found Python3: /usr/bin/python3 (found version "3.10.12") found components: Interpreter 
-- Found rclcpp: 16.0.10 (/opt/ros/humble/share/rclcpp/cmake)
-- Found rosidl_generator_c: 3.1.5 (/opt/ros/humble/share/rosidl_generator_c/cmake)
-- Found rosidl_adapter: 3.1.5 (/opt/ros/humble/share/rosidl_adapter/cmake)
-- Found rosidl_generator_cpp: 3.1.5 (/opt/ros/humble/share/rosidl_generator_cpp/cmake)
-- Using all available rosidl_typesupport_c: rosidl_typesupport_fastrtps_c;rosidl_typesupport_introspection_c
-- Using all available rosidl_typesupport_cpp: rosidl_typesupport_fastrtps_cpp;rosidl_typesupport_introspection_cpp
-- Found rmw_implementation_cmake: 6.1.2 (/opt/ros/humble/share/rmw_implementation_cmake/cmake)
-- Found rmw_fastrtps_cpp: 6.2.7 (/opt/ros/humble/share/rmw_fastrtps_cpp/cmake)
-- Found OpenSSL: /usr/lib/x86_64-linux-gnu/libcrypto.so (found version "3.0.2")  
-- Found FastRTPS: /opt/ros/humble/include  
-- Using RMW implementation 'rmw_fastrtps_cpp' as default
-- Looking for pthread.h
-- Looking for pthread.h - found
-- Performing Test CMAKE_HAVE_LIBC_PTHREAD
-- Performing Test CMAKE_HAVE_LIBC_PTHREAD - Success
-- Found Threads: TRUE  
-- Found turtlesim: 1.4.2 (/opt/ros/humble/share/turtlesim/cmake)
-- Found tf2_ros: 0.25.8 (/opt/ros/humble/share/tf2_ros/cmake)
-- Found bumperbot_msgs: 0.0.0 (/home/bfg2h/bumperbot_ws/install/bumperbot_msgs/share/bumperbot_msgs/cmake)
-- Configuring done
-- Generating done
-- Build files have been written to: /home/bfg2h/bumperbot_ws/build/bumperbot_cpp_examples
[ 50%] [32mBuilding CXX object CMakeFiles/simple_tf_kinematics.dir/src/simple_tf_kinematics.cpp.o[0m
[ 50%] [32mBuilding CXX object CMakeFiles/simple_publisher.dir/src/simple_publisher.cpp.o[0m
[ 50%] [32mBuilding CXX object CMakeFiles/simple_subscriber.dir/src/simple_subscriber.cpp.o[0m
[ 50%] [32mBuilding CXX object CMakeFiles/simple_turtlesim_kinematics.dir/src/simple_turtlesim_kinematics.cpp.o[0m
[ 21%] [32mBuilding CXX object CMakeFiles/simple_service_client.dir/src/simple_service_client.cpp.o[0m
[ 21%] [32mBuilding CXX object CMakeFiles/simple_parameter.dir/src/simple_parameter.cpp.o[0m
[ 50%] [32mBuilding CXX object CMakeFiles/simple_service_server.dir/src/simple_service_server.cpp.o[0m
[01m[K/home/bfg2h/bumperbot_ws/src/bumperbot_cpp_examples/src/simple_tf_kinematics.cpp:64:77:[m[K [01;31m[Kerror: [m[Kâ€˜[01m[KGetTransform[m[Kâ€™ is not a member of â€˜[01m[Kbumperbot_msgs[m[Kâ€™; did you mean â€˜[01m[Kbumperbot_msgs::srv::GetTransform[m[Kâ€™?
   64 | bool SimpleTfKinematics::getTransform(const std::shared_ptr<bumperbot_msgs::[01;31m[KGetTransform[m[K::Request> req,
      |                                                                             [01;31m[K^~~~~~~~~~~~[m[K
In file included from [01m[K/home/bfg2h/bumperbot_ws/install/bumperbot_msgs/include/bumperbot_msgs/bumperbot_msgs/srv/get_transform.hpp:7[m[K,
                 from [01m[K/home/bfg2h/bumperbot_ws/src/bumperbot_cpp_examples/include/bumperbot_cpp_examples/simple_tf_kinematics.hpp:10[m[K,
                 from [01m[K/home/bfg2h/bumperbot_ws/src/bumperbot_cpp_examples/src/simple_tf_kinematics.cpp:1[m[K:
[01m[K/home/bfg2h/bumperbot_ws/install/bumperbot_msgs/include/bumperbot_msgs/bumperbot_msgs/srv/detail/get_transform__struct.hpp:283:8:[m[K [01;36m[Knote: [m[Kâ€˜[01m[Kbumperbot_msgs::srv::GetTransform[m[Kâ€™ declared here
  283 | struct [01;36m[KGetTransform[m[K
      |        [01;36m[K^~~~~~~~~~~~[m[K
[01m[K/home/bfg2h/bumperbot_ws/src/bumperbot_cpp_examples/src/simple_tf_kinematics.cpp:64:98:[m[K [01;31m[Kerror: [m[Ktemplate argument 1 is invalid
   64 | bool SimpleTfKinematics::getTransform(const std::shared_ptr<bumperbot_msgs::GetTransform::Request[01;31m[K>[m[K req,
      |                                                                                                  [01;31m[K^[m[K
[01m[K/home/bfg2h/bumperbot_ws/src/bumperbot_cpp_examples/src/simple_tf_kinematics.cpp:64:77:[m[K [01;31m[Kerror: [m[Kâ€˜[01m[KGetTransform[m[Kâ€™ is not a member of â€˜[01m[Kbumperbot_msgs[m[Kâ€™; did you mean â€˜[01m[Kbumperbot_msgs::srv::GetTransform[m[Kâ€™?
   64 | bool SimpleTfKinematics::getTransform(const std::shared_ptr<bumperbot_msgs::[01;31m[KGetTransform[m[K::Request> req,
      |                                                                             [01;31m[K^~~~~~~~~~~~[m[K
In file included from [01m[K/home/bfg2h/bumperbot_ws/install/bumperbot_msgs/include/bumperbot_msgs/bumperbot_msgs/srv/get_transform.hpp:7[m[K,
                 from [01m[K/home/bfg2h/bumperbot_ws/src/bumperbot_cpp_examples/include/bumperbot_cpp_examples/simple_tf_kinematics.hpp:10[m[K,
                 from [01m[K/home/bfg2h/bumperbot_ws/src/bumperbot_cpp_examples/src/simple_tf_kinematics.cpp:1[m[K:
[01m[K/home/bfg2h/bumperbot_ws/install/bumperbot_msgs/include/bumperbot_msgs/bumperbot_msgs/srv/detail/get_transform__struct.hpp:283:8:[m[K [01;36m[Knote: [m[Kâ€˜[01m[Kbumperbot_msgs::srv::GetTransform[m[Kâ€™ declared here
  283 | struct [01;36m[KGetTransform[m[K
      |        [01;36m[K^~~~~~~~~~~~[m[K
[01m[K/home/bfg2h/bumperbot_ws/src/bumperbot_cpp_examples/src/simple_tf_kinematics.cpp:64:98:[m[K [01;31m[Kerror: [m[Ktemplate argument 1 is invalid
   64 | bool SimpleTfKinematics::getTransform(const std::shared_ptr<bumperbot_msgs::GetTransform::Request[01;31m[K>[m[K req,
      |                                                                                                  [01;31m[K^[m[K
[01m[K/home/bfg2h/bumperbot_ws/src/bumperbot_cpp_examples/src/simple_tf_kinematics.cpp:64:77:[m[K [01;31m[Kerror: [m[Kâ€˜[01m[KGetTransform[m[Kâ€™ is not a member of â€˜[01m[Kbumperbot_msgs[m[Kâ€™; did you mean â€˜[01m[Kbumperbot_msgs::srv::GetTransform[m[Kâ€™?
   64 | bool SimpleTfKinematics::getTransform(const std::shared_ptr<bumperbot_msgs::[01;31m[KGetTransform[m[K::Request> req,
      |                                                                             [01;31m[K^~~~~~~~~~~~[m[K
In file included from [01m[K/home/bfg2h/bumperbot_ws/install/bumperbot_msgs/include/bumperbot_msgs/bumperbot_msgs/srv/get_transform.hpp:7[m[K,
                 from [01m[K/home/bfg2h/bumperbot_ws/src/bumperbot_cpp_examples/include/bumperbot_cpp_examples/simple_tf_kinematics.hpp:10[m[K,
                 from [01m[K/home/bfg2h/bumperbot_ws/src/bumperbot_cpp_examples/src/simple_tf_kinematics.cpp:1[m[K:
[01m[K/home/bfg2h/bumperbot_ws/install/bumperbot_msgs/include/bumperbot_msgs/bumperbot_msgs/srv/detail/get_transform__struct.hpp:283:8:[m[K [01;36m[Knote: [m[Kâ€˜[01m[Kbumperbot_msgs::srv::GetTransform[m[Kâ€™ declared here
  283 | struct [01;36m[KGetTransform[m[K
      |        [01;36m[K^~~~~~~~~~~~[m[K
[01m[K/home/bfg2h/bumperbot_ws/src/bumperbot_cpp_examples/src/simple_tf_kinematics.cpp:64:98:[m[K [01;31m[Kerror: [m[Ktemplate argument 1 is invalid
   64 | bool SimpleTfKinematics::getTransform(const std::shared_ptr<bumperbot_msgs::GetTransform::Request[01;31m[K>[m[K req,
      |                                                                                                  [01;31m[K^[m[K
[01m[K/home/bfg2h/bumperbot_ws/src/bumperbot_cpp_examples/src/simple_tf_kinematics.cpp:64:45:[m[K [01;31m[Kerror: [m[Kinvalid template-id
   64 | bool SimpleTfKinematics::getTransform(const [01;31m[Kstd[m[K::shared_ptr<bumperbot_msgs::GetTransform::Request> req,
      |                                             [01;31m[K^~~[m[K
[01m[K/home/bfg2h/bumperbot_ws/src/bumperbot_cpp_examples/src/simple_tf_kinematics.cpp:64:77:[m[K [01;31m[Kerror: [m[Kâ€˜[01m[KGetTransform[m[Kâ€™ is not a member of â€˜[01m[Kbumperbot_msgs[m[Kâ€™; did you mean â€˜[01m[Kbumperbot_msgs::srv::GetTransform[m[Kâ€™?
   64 | bool SimpleTfKinematics::getTransform(const std::shared_ptr<bumperbot_msgs::[01;31m[KGetTransform[m[K::Request> req,
      |                                                                             [01;31m[K^~~~~~~~~~~~[m[K
In file included from [01m[K/home/bfg2h/bumperbot_ws/install/bumperbot_msgs/include/bumperbot_msgs/bumperbot_msgs/srv/get_transform.hpp:7[m[K,
                 from [01m[K/home/bfg2h/bumperbot_ws/src/bumperbot_cpp_examples/include/bumperbot_cpp_examples/simple_tf_kinematics.hpp:10[m[K,
                 from [01m[K/home/bfg2h/bumperbot_ws/src/bumperbot_cpp_examples/src/simple_tf_kinematics.cpp:1[m[K:
[01m[K/home/bfg2h/bumperbot_ws/install/bumperbot_msgs/include/bumperbot_msgs/bumperbot_msgs/srv/detail/get_transform__struct.hpp:283:8:[m[K [01;36m[Knote: [m[Kâ€˜[01m[Kbumperbot_msgs::srv::GetTransform[m[Kâ€™ declared here
  283 | struct [01;36m[KGetTransform[m[K
      |        [01;36m[K^~~~~~~~~~~~[m[K
[01m[K/home/bfg2h/bumperbot_ws/src/bumperbot_cpp_examples/src/simple_tf_kinematics.cpp:64:6:[m[K [01;31m[Kerror: [m[Kâ€˜[01m[Kbool SimpleTfKinematics::getTransform[m[Kâ€™ is not a static data member of â€˜[01m[Kclass SimpleTfKinematics[m[Kâ€™
   64 | bool [01;31m[KSimpleTfKinematics[m[K::getTransform(const std::shared_ptr<bumperbot_msgs::GetTransform::Request> req,
      |      [01;31m[K^~~~~~~~~~~~~~~~~~[m[K
[01m[K/home/bfg2h/bumperbot_ws/src/bumperbot_cpp_examples/src/simple_tf_kinematics.cpp:64:39:[m[K [01;31m[Kerror: [m[Kexpected primary-expression before â€˜[01m[Kconst[m[Kâ€™
   64 | bool SimpleTfKinematics::getTransform([01;31m[Kconst[m[K std::shared_ptr<bumperbot_msgs::GetTransform::Request> req,
      |                                       [01;31m[K^~~~~[m[K
[01m[K/home/bfg2h/bumperbot_ws/src/bumperbot_cpp_examples/src/simple_tf_kinematics.cpp:65:23:[m[K [01;31m[Kerror: [m[Kexpected primary-expression before â€˜[01m[Kconst[m[Kâ€™
   65 |                       [01;31m[Kconst[m[K std::shared_ptr<bumperbot_msgs::GetTransform::Response> res)
      |                       [01;31m[K^~~~~[m[K
[01m[K/home/bfg2h/bumperbot_ws/src/bumperbot_cpp_examples/src/simple_tf_kinematics.cpp:65:88:[m[K [01;31m[Kerror: [m[Kexpression list treated as compound expression in initializer [[01;31m[K]8;;https://gcc.gnu.org/onlinedocs/gcc/Warning-Options.html#index-fpermissive-fpermissive]8;;[m[K]
   65 |                       const std::shared_ptr<bumperbot_msgs::GetTransform::Response> res[01;31m[K)[m[K
      |                                                                                        [01;31m[K^[m[K
[ 57%] [32m[1mLinking CXX executable simple_parameter[0m
[ 57%] Built target simple_parameter
[ 64%] [32m[1mLinking CXX executable simple_service_server[0m
[ 71%] [32m[1mLinking CXX executable simple_service_client[0m
gmake[2]: *** [CMakeFiles/simple_tf_kinematics.dir/build.make:76: CMakeFiles/simple_tf_kinematics.dir/src/simple_tf_kinematics.cpp.o] Error 1
gmake[1]: *** [CMakeFiles/Makefile2:253: CMakeFiles/simple_tf_kinematics.dir/all] Error 2
gmake[1]: *** Waiting for unfinished jobs....
[ 71%] Built target simple_service_server
[ 71%] Built target simple_service_client
[ 78%] [32m[1mLinking CXX executable simple_publisher[0m
[ 78%] Built target simple_publisher
[ 85%] [32m[1mLinking CXX executable simple_subscriber[0m
[ 92%] [32m[1mLinking CXX executable simple_turtlesim_kinematics[0m
[ 92%] Built target simple_subscriber
[ 92%] Built target simple_turtlesim_kinematics
gmake: *** [Makefile:146: all] Error 2
