[0.018s] Invoking command in '/home/bfg2h/bumperbot_ws/build/bumperbot_controller': CMAKE_PREFIX_PATH=${CMAKE_PREFIX_PATH}:/home/bfg2h/bumperbot_ws/install/bumperbot_py_examples:/home/bfg2h/ros2_ws/install/my_py_pkg:/home/bfg2h/udemy_ws/install/self_driving_car_pkg:/opt/ros/humble _=/usr/bin/env /usr/bin/cmake /home/bfg2h/bumperbot_ws/src/bumperbot_controller -DCMAKE_INSTALL_PREFIX=/home/bfg2h/bumperbot_ws/install/bumperbot_controller
[0.054s] -- The C compiler identification is GNU 11.4.0
[0.091s] -- The CXX compiler identification is GNU 11.4.0
[0.096s] -- Detecting C compiler ABI info
[0.143s] -- Detecting C compiler ABI info - done
[0.149s] -- Check for working C compiler: /usr/bin/cc - skipped
[0.149s] -- Detecting C compile features
[0.149s] -- Detecting C compile features - done
[0.151s] -- Detecting CXX compiler ABI info
[0.204s] -- Detecting CXX compiler ABI info - done
[0.210s] -- Check for working CXX compiler: /usr/bin/c++ - skipped
[0.210s] -- Detecting CXX compile features
[0.211s] -- Detecting CXX compile features - done
[0.214s] -- Found ament_cmake: 1.3.10 (/opt/ros/humble/share/ament_cmake/cmake)
[0.339s] -- Found Python3: /usr/bin/python3 (found version "3.10.12") found components: Interpreter 
[0.432s] -- Found rclcpp: 16.0.10 (/opt/ros/humble/share/rclcpp/cmake)
[0.482s] -- Found rosidl_generator_c: 3.1.5 (/opt/ros/humble/share/rosidl_generator_c/cmake)
[0.489s] -- Found rosidl_adapter: 3.1.5 (/opt/ros/humble/share/rosidl_adapter/cmake)
[0.498s] -- Found rosidl_generator_cpp: 3.1.5 (/opt/ros/humble/share/rosidl_generator_cpp/cmake)
[0.512s] -- Using all available rosidl_typesupport_c: rosidl_typesupport_fastrtps_c;rosidl_typesupport_introspection_c
[0.530s] -- Using all available rosidl_typesupport_cpp: rosidl_typesupport_fastrtps_cpp;rosidl_typesupport_introspection_cpp
[0.581s] -- Found rmw_implementation_cmake: 6.1.2 (/opt/ros/humble/share/rmw_implementation_cmake/cmake)
[0.584s] -- Found rmw_fastrtps_cpp: 6.2.7 (/opt/ros/humble/share/rmw_fastrtps_cpp/cmake)
[0.661s] -- Found OpenSSL: /usr/lib/x86_64-linux-gnu/libcrypto.so (found version "3.0.2")  
[0.696s] -- Found FastRTPS: /opt/ros/humble/include  
[0.737s] -- Using RMW implementation 'rmw_fastrtps_cpp' as default
[0.748s] -- Looking for pthread.h
[0.804s] -- Looking for pthread.h - found
[0.804s] -- Performing Test CMAKE_HAVE_LIBC_PTHREAD
[0.860s] -- Performing Test CMAKE_HAVE_LIBC_PTHREAD - Success
[0.861s] -- Found Threads: TRUE  
[0.915s] -- Found rclpy: 3.3.14 (/opt/ros/humble/share/rclpy/cmake)
[0.917s] -- Found geometry_msgs: 4.2.4 (/opt/ros/humble/share/geometry_msgs/cmake)
[0.938s] -- Found sensor_msgs: 4.2.4 (/opt/ros/humble/share/sensor_msgs/cmake)
[0.955s] -- Found nav_msgs: 4.2.4 (/opt/ros/humble/share/nav_msgs/cmake)
[0.972s] -- Found tf2: 0.25.8 (/opt/ros/humble/share/tf2/cmake)
[0.983s] -- Found tf2_ros: 0.25.9 (/opt/ros/humble/share/tf2_ros/cmake)
[1.190s] -- Configuring done
[1.202s] -- Generating done
[1.203s] -- Build files have been written to: /home/bfg2h/bumperbot_ws/build/bumperbot_controller
[1.211s] Invoked command in '/home/bfg2h/bumperbot_ws/build/bumperbot_controller' returned '0': CMAKE_PREFIX_PATH=${CMAKE_PREFIX_PATH}:/home/bfg2h/bumperbot_ws/install/bumperbot_py_examples:/home/bfg2h/ros2_ws/install/my_py_pkg:/home/bfg2h/udemy_ws/install/self_driving_car_pkg:/opt/ros/humble _=/usr/bin/env /usr/bin/cmake /home/bfg2h/bumperbot_ws/src/bumperbot_controller -DCMAKE_INSTALL_PREFIX=/home/bfg2h/bumperbot_ws/install/bumperbot_controller
[1.212s] Invoking command in '/home/bfg2h/bumperbot_ws/build/bumperbot_controller': CMAKE_PREFIX_PATH=${CMAKE_PREFIX_PATH}:/home/bfg2h/bumperbot_ws/install/bumperbot_py_examples:/home/bfg2h/ros2_ws/install/my_py_pkg:/home/bfg2h/udemy_ws/install/self_driving_car_pkg:/opt/ros/humble _=/usr/bin/env /usr/bin/cmake --build /home/bfg2h/bumperbot_ws/build/bumperbot_controller -- -j16 -l16
[1.239s] [35m[1mConsolidate compiler generated dependencies of target noisy_controller[0m
[1.239s] [35m[1mConsolidate compiler generated dependencies of target simple_controller[0m
[1.250s] [  0%] Built target ament_cmake_python_copy_bumperbot_controller
[1.250s] [ 25%] [32mBuilding CXX object CMakeFiles/noisy_controller.dir/src/noisy_controller.cpp.o[0m
[1.251s] [ 75%] Built target simple_controller
[1.510s] running egg_info
[1.510s] writing bumperbot_controller.egg-info/PKG-INFO
[1.510s] writing dependency_links to bumperbot_controller.egg-info/dependency_links.txt
[1.510s] writing top-level names to bumperbot_controller.egg-info/top_level.txt
[1.512s] reading manifest file 'bumperbot_controller.egg-info/SOURCES.txt'
[1.513s] writing manifest file 'bumperbot_controller.egg-info/SOURCES.txt'
[1.537s] [ 75%] Built target ament_cmake_python_build_bumperbot_controller_egg
[3.357s] [01m[K/home/bfg2h/bumperbot_ws/src/bumperbot_controller/src/noisy_controller.cpp:11:1:[m[K [01;31m[Kerror: [m[Kâ€˜[01m[KNoisyController[m[Kâ€™ does not name a type
[3.357s]    11 | [01;31m[KNoisyController[m[K::NoisyController(const std::string &name) : Node(name)
[3.357s]       | [01;31m[K^~~~~~~~~~~~~~~[m[K
[3.357s] [01m[K/home/bfg2h/bumperbot_ws/src/bumperbot_controller/src/noisy_controller.cpp:52:6:[m[K [01;31m[Kerror: [m[Kâ€˜[01m[KNoisyController[m[Kâ€™ has not been declared
[3.357s]    52 | void [01;31m[KNoisyController[m[K::jointCallback(const sensor_msgs::msg::JointState &msg)
[3.357s]       |      [01;31m[K^~~~~~~~~~~~~~~[m[K
[3.364s] [01m[K/home/bfg2h/bumperbot_ws/src/bumperbot_controller/src/noisy_controller.cpp:[m[K In function â€˜[01m[Kvoid jointCallback(const JointState&)[m[Kâ€™:
[3.365s] [01m[K/home/bfg2h/bumperbot_ws/src/bumperbot_controller/src/noisy_controller.cpp:62:45:[m[K [01;31m[Kerror: [m[Kâ€˜[01m[Kright_wheel_prev_pos_[m[Kâ€™ was not declared in this scope
[3.365s]    62 |     double dp_right = wheel_encoder_right - [01;31m[Kright_wheel_prev_pos_[m[K;
[3.365s]       |                                             [01;31m[K^~~~~~~~~~~~~~~~~~~~~[m[K
[3.369s] [01m[K/home/bfg2h/bumperbot_ws/src/bumperbot_controller/src/noisy_controller.cpp:63:43:[m[K [01;31m[Kerror: [m[Kâ€˜[01m[Kleft_wheel_prev_pos_[m[Kâ€™ was not declared in this scope
[3.369s]    63 |     double dp_left = wheel_encoder_left - [01;31m[Kleft_wheel_prev_pos_[m[K;
[3.370s]       |                                           [01;31m[K^~~~~~~~~~~~~~~~~~~~[m[K
[3.373s] [01m[K/home/bfg2h/bumperbot_ws/src/bumperbot_controller/src/noisy_controller.cpp:66:38:[m[K [01;31m[Kerror: [m[Kâ€˜[01m[Kprev_time_[m[Kâ€™ was not declared in this scope
[3.373s]    66 |     rclcpp::Duration dt = msg_time - [01;31m[Kprev_time_[m[K;
[3.373s]       |                                      [01;31m[K^~~~~~~~~~[m[K
[3.377s] [01m[K/home/bfg2h/bumperbot_ws/src/bumperbot_controller/src/noisy_controller.cpp:75:16:[m[K [01;31m[Kerror: [m[Kâ€˜[01m[Kwheel_radius_[m[Kâ€™ was not declared in this scope
[3.377s]    75 |     double V = [01;31m[Kwheel_radius_[m[K / 2 * (fi_right + fi_left);
[3.377s]       |                [01;31m[K^~~~~~~~~~~~~[m[K
[3.382s] [01m[K/home/bfg2h/bumperbot_ws/src/bumperbot_controller/src/noisy_controller.cpp:76:32:[m[K [01;31m[Kerror: [m[Kâ€˜[01m[Kwheel_separation_[m[Kâ€™ was not declared in this scope
[3.382s]    76 |     double w = wheel_radius_ / [01;31m[Kwheel_separation_[m[K * (fi_right - fi_left);
[3.382s]       |                                [01;31m[K^~~~~~~~~~~~~~~~~[m[K
[3.384s] [01m[K/home/bfg2h/bumperbot_ws/src/bumperbot_controller/src/noisy_controller.cpp:80:5:[m[K [01;31m[Kerror: [m[Kâ€˜[01m[Ktheta_[m[Kâ€™ was not declared in this scope
[3.384s]    80 |     [01;31m[Ktheta_[m[K += d_theta;
[3.384s]       |     [01;31m[K^~~~~~[m[K
[3.386s] [01m[K/home/bfg2h/bumperbot_ws/src/bumperbot_controller/src/noisy_controller.cpp:81:5:[m[K [01;31m[Kerror: [m[Kâ€˜[01m[Kx_[m[Kâ€™ was not declared in this scope
[3.386s]    81 |     [01;31m[Kx_[m[K += d_s * std::cos(theta_);
[3.386s]       |     [01;31m[K^~[m[K
[3.388s] [01m[K/home/bfg2h/bumperbot_ws/src/bumperbot_controller/src/noisy_controller.cpp:82:5:[m[K [01;31m[Kerror: [m[Kâ€˜[01m[Ky_[m[Kâ€™ was not declared in this scope; did you mean â€˜[01m[Kyn[m[Kâ€™?
[3.388s]    82 |     [01;31m[Ky_[m[K += d_s * std::sin(theta_);
[3.388s]       |     [01;31m[K^~[m[K
[3.388s]       |     [32m[Kyn[m[K
[3.390s] [01m[K/home/bfg2h/bumperbot_ws/src/bumperbot_controller/src/noisy_controller.cpp:84:5:[m[K [01;31m[Kerror: [m[Kâ€˜[01m[Kq[m[Kâ€™ was not declared in this scope
[3.390s]    84 |     [01;31m[Kq[m[K.setRPY(0, 0, theta_);
[3.390s]       |     [01;31m[K^[m[K
[3.392s] [01m[K/home/bfg2h/bumperbot_ws/src/bumperbot_controller/src/noisy_controller.cpp:85:5:[m[K [01;31m[Kerror: [m[Kâ€˜[01m[Kodom_msgs_[m[Kâ€™ was not declared in this scope
[3.393s]    85 |     [01;31m[Kodom_msgs_[m[K.pose.pose.orientation.x = q.x();
[3.393s]       |     [01;31m[K^~~~~~~~~~[m[K
[3.395s] [01m[K/home/bfg2h/bumperbot_ws/src/bumperbot_controller/src/noisy_controller.cpp:91:31:[m[K [01;31m[Kerror: [m[Kâ€˜[01m[Kget_clock[m[Kâ€™ was not declared in this scope
[3.395s]    91 |     odom_msgs_.header.stamp = [01;31m[Kget_clock[m[K()->now();
[3.395s]       |                               [01;31m[K^~~~~~~~~[m[K
[3.398s] [01m[K/home/bfg2h/bumperbot_ws/src/bumperbot_controller/src/noisy_controller.cpp:95:5:[m[K [01;31m[Kerror: [m[Kâ€˜[01m[Kodom_pub_[m[Kâ€™ was not declared in this scope
[3.398s]    95 |     [01;31m[Kodom_pub_[m[K->publish(odom_msgs_);
[3.398s]       |     [01;31m[K^~~~~~~~~[m[K
[3.403s] [01m[K/home/bfg2h/bumperbot_ws/src/bumperbot_controller/src/noisy_controller.cpp:97:5:[m[K [01;31m[Kerror: [m[Kâ€˜[01m[Ktransform_stamped_[m[Kâ€™ was not declared in this scope
[3.403s]    97 |     [01;31m[Ktransform_stamped_[m[K.transform.translation.x = x_;
[3.403s]       |     [01;31m[K^~~~~~~~~~~~~~~~~~[m[K
[3.405s] [01m[K/home/bfg2h/bumperbot_ws/src/bumperbot_controller/src/noisy_controller.cpp:104:5:[m[K [01;31m[Kerror: [m[Kâ€˜[01m[Kbr_[m[Kâ€™ was not declared in this scope; did you mean â€˜[01m[Kbrk[m[Kâ€™?
[3.406s]   104 |     [01;31m[Kbr_[m[K->sendTransform(transform_stamped_);
[3.406s]       |     [01;31m[K^~~[m[K
[3.406s]       |     [32m[Kbrk[m[K
[3.410s] [01m[K/home/bfg2h/bumperbot_ws/src/bumperbot_controller/src/noisy_controller.cpp:[m[K In function â€˜[01m[Kint main(int, char**)[m[Kâ€™:
[3.410s] [01m[K/home/bfg2h/bumperbot_ws/src/bumperbot_controller/src/noisy_controller.cpp:110:34:[m[K [01;31m[Kerror: [m[Kâ€˜[01m[KNoisyController[m[Kâ€™ was not declared in this scope
[3.410s]   110 |     auto node = std::make_shared<[01;31m[KNoisyController[m[K>("noisy_controller");
[3.410s]       |                                  [01;31m[K^~~~~~~~~~~~~~~[m[K
[3.410s] [01m[K/home/bfg2h/bumperbot_ws/src/bumperbot_controller/src/noisy_controller.cpp:110:50:[m[K [01;31m[Kerror: [m[Kno matching function for call to â€˜[01m[Kmake_shared<<expression error> >(const char [17])[m[Kâ€™
[3.410s]   110 |     auto node = [01;31m[Kstd::make_shared<NoisyController>("noisy_controller")[m[K;
[3.410s]       |                 [01;31m[K~~~~~~~~~~~~~~~~~~~~~~~~~~~~~~~~~^~~~~~~~~~~~~~~~~~~~[m[K
[3.410s] In file included from [01m[K/usr/include/c++/11/memory:77[m[K,
[3.411s]                  from [01m[K/opt/ros/humble/include/rclcpp/rclcpp/rclcpp.hpp:153[m[K,
[3.411s]                  from [01m[K/home/bfg2h/bumperbot_ws/src/bumperbot_controller/src/noisy_controller.cpp:2[m[K:
[3.411s] [01m[K/usr/include/c++/11/bits/shared_ptr.h:875:5:[m[K [01;36m[Knote: [m[Kcandidate: â€˜[01m[Ktemplate<class _Tp, class ... _Args> std::shared_ptr<_Tp> std::make_shared(_Args&& ...)[m[Kâ€™
[3.411s]   875 |     [01;36m[Kmake_shared[m[K(_Args&&... __args)
[3.411s]       |     [01;36m[K^~~~~~~~~~~[m[K
[3.411s] [01m[K/usr/include/c++/11/bits/shared_ptr.h:875:5:[m[K [01;36m[Knote: [m[K  template argument deduction/substitution failed:
[3.411s] [01m[K/home/bfg2h/bumperbot_ws/src/bumperbot_controller/src/noisy_controller.cpp:110:50:[m[K [01;31m[Kerror: [m[Ktemplate argument 1 is invalid
[3.411s]   110 |     auto node = [01;31m[Kstd::make_shared<NoisyController>("noisy_controller")[m[K;
[3.411s]       |                 [01;31m[K~~~~~~~~~~~~~~~~~~~~~~~~~~~~~~~~~^~~~~~~~~~~~~~~~~~~~[m[K
[3.795s] gmake[2]: *** [CMakeFiles/noisy_controller.dir/build.make:76: CMakeFiles/noisy_controller.dir/src/noisy_controller.cpp.o] Error 1
[3.795s] gmake[1]: *** [CMakeFiles/Makefile2:168: CMakeFiles/noisy_controller.dir/all] Error 2
[3.795s] gmake: *** [Makefile:146: all] Error 2
[3.797s] Invoked command in '/home/bfg2h/bumperbot_ws/build/bumperbot_controller' returned '2': CMAKE_PREFIX_PATH=${CMAKE_PREFIX_PATH}:/home/bfg2h/bumperbot_ws/install/bumperbot_py_examples:/home/bfg2h/ros2_ws/install/my_py_pkg:/home/bfg2h/udemy_ws/install/self_driving_car_pkg:/opt/ros/humble _=/usr/bin/env /usr/bin/cmake --build /home/bfg2h/bumperbot_ws/build/bumperbot_controller -- -j16 -l16
