[0.022s] Invoking command in '/home/bfg2h/bumperbot_ws/build/bumperbot_localization': CMAKE_PREFIX_PATH=${CMAKE_PREFIX_PATH}:/home/bfg2h/ros2_ws/install/my_py_pkg:/home/bfg2h/udemy_ws/install/self_driving_car_pkg:/opt/ros/humble _=/usr/bin/env /usr/bin/cmake --build /home/bfg2h/bumperbot_ws/build/bumperbot_localization -- -j16 -l16
[0.076s] [ 50%] [32mBuilding CXX object CMakeFiles/kalman_filter.dir/src/kalman_filter.cpp.o[0m
[0.152s] In file included from [01m[K/home/bfg2h/bumperbot_ws/src/bumperbot_localization/src/kalman_filter.cpp:1[m[K:
[0.152s] [01m[K/home/bfg2h/bumperbot_ws/src/bumperbot_localization/include/bumperbot_localization/kalman_filter.hpp:4:10:[m[K [01;31m[Kfatal error: [m[Krclcpp.hpp: No such file or directory
[0.152s]     4 | #include [01;31m[K<rclcpp.hpp>[m[K
[0.152s]       |          [01;31m[K^~~~~~~~~~~~[m[K
[0.153s] compilation terminated.
[0.154s] [ 50%] Built target ament_cmake_python_symlink_bumperbot_localization
[0.157s] gmake[2]: *** [CMakeFiles/kalman_filter.dir/build.make:76: CMakeFiles/kalman_filter.dir/src/kalman_filter.cpp.o] Error 1
[0.158s] gmake[1]: *** [CMakeFiles/Makefile2:192: CMakeFiles/kalman_filter.dir/all] Error 2
[0.158s] gmake[1]: *** Waiting for unfinished jobs....
[0.159s] gmake: *** [Makefile:146: all] Error 2
[0.193s] Invoked command in '/home/bfg2h/bumperbot_ws/build/bumperbot_localization' returned '2': CMAKE_PREFIX_PATH=${CMAKE_PREFIX_PATH}:/home/bfg2h/ros2_ws/install/my_py_pkg:/home/bfg2h/udemy_ws/install/self_driving_car_pkg:/opt/ros/humble _=/usr/bin/env /usr/bin/cmake --build /home/bfg2h/bumperbot_ws/build/bumperbot_localization -- -j16 -l16
