-- The C compiler identification is GNU 11.4.0
-- The CXX compiler identification is GNU 11.4.0
-- Detecting C compiler ABI info
-- Detecting C compiler ABI info - done
-- Check for working C compiler: /usr/bin/cc - skipped
-- Detecting C compile features
-- Detecting C compile features - done
-- Detecting CXX compiler ABI info
-- Detecting CXX compiler ABI info - done
-- Check for working CXX compiler: /usr/bin/c++ - skipped
-- Detecting CXX compile features
-- Detecting CXX compile features - done
-- Found ament_cmake: 1.3.10 (/opt/ros/humble/share/ament_cmake/cmake)
-- Found Python3: /usr/bin/python3 (found version "3.10.12") found components: Interpreter 
-- Found rclcpp: 16.0.10 (/opt/ros/humble/share/rclcpp/cmake)
-- Found rosidl_generator_c: 3.1.5 (/opt/ros/humble/share/rosidl_generator_c/cmake)
-- Found rosidl_adapter: 3.1.5 (/opt/ros/humble/share/rosidl_adapter/cmake)
-- Found rosidl_generator_cpp: 3.1.5 (/opt/ros/humble/share/rosidl_generator_cpp/cmake)
-- Using all available rosidl_typesupport_c: rosidl_typesupport_fastrtps_c;rosidl_typesupport_introspection_c
-- Using all available rosidl_typesupport_cpp: rosidl_typesupport_fastrtps_cpp;rosidl_typesupport_introspection_cpp
-- Found rmw_implementation_cmake: 6.1.2 (/opt/ros/humble/share/rmw_implementation_cmake/cmake)
-- Found rmw_fastrtps_cpp: 6.2.7 (/opt/ros/humble/share/rmw_fastrtps_cpp/cmake)
-- Found OpenSSL: /usr/lib/x86_64-linux-gnu/libcrypto.so (found version "3.0.2")  
-- Found FastRTPS: /opt/ros/humble/include  
-- Using RMW implementation 'rmw_fastrtps_cpp' as default
-- Looking for pthread.h
-- Looking for pthread.h - found
-- Performing Test CMAKE_HAVE_LIBC_PTHREAD
-- Performing Test CMAKE_HAVE_LIBC_PTHREAD - Success
-- Found Threads: TRUE  
-- Found rclpy: 3.3.14 (/opt/ros/humble/share/rclpy/cmake)
-- Found geometry_msgs: 4.2.4 (/opt/ros/humble/share/geometry_msgs/cmake)
-- Found sensor_msgs: 4.2.4 (/opt/ros/humble/share/sensor_msgs/cmake)
-- Found nav_msgs: 4.2.4 (/opt/ros/humble/share/nav_msgs/cmake)
-- Found tf2: 0.25.8 (/opt/ros/humble/share/tf2/cmake)
-- Found tf2_ros: 0.25.9 (/opt/ros/humble/share/tf2_ros/cmake)
-- Configuring done
-- Generating done
-- Build files have been written to: /home/bfg2h/bumperbot_ws/build/bumperbot_controller
[35m[1mConsolidate compiler generated dependencies of target noisy_controller[0m
[35m[1mConsolidate compiler generated dependencies of target simple_controller[0m
[  0%] Built target ament_cmake_python_copy_bumperbot_controller
[ 25%] [32mBuilding CXX object CMakeFiles/noisy_controller.dir/src/noisy_controller.cpp.o[0m
[ 75%] Built target simple_controller
running egg_info
writing bumperbot_controller.egg-info/PKG-INFO
writing dependency_links to bumperbot_controller.egg-info/dependency_links.txt
writing top-level names to bumperbot_controller.egg-info/top_level.txt
reading manifest file 'bumperbot_controller.egg-info/SOURCES.txt'
writing manifest file 'bumperbot_controller.egg-info/SOURCES.txt'
[ 75%] Built target ament_cmake_python_build_bumperbot_controller_egg
[01m[K/home/bfg2h/bumperbot_ws/src/bumperbot_controller/src/noisy_controller.cpp:11:1:[m[K [01;31m[Kerror: [m[Kâ€˜[01m[KNoisyController[m[Kâ€™ does not name a type
   11 | [01;31m[KNoisyController[m[K::NoisyController(const std::string &name) : Node(name)
      | [01;31m[K^~~~~~~~~~~~~~~[m[K
[01m[K/home/bfg2h/bumperbot_ws/src/bumperbot_controller/src/noisy_controller.cpp:52:6:[m[K [01;31m[Kerror: [m[Kâ€˜[01m[KNoisyController[m[Kâ€™ has not been declared
   52 | void [01;31m[KNoisyController[m[K::jointCallback(const sensor_msgs::msg::JointState &msg)
      |      [01;31m[K^~~~~~~~~~~~~~~[m[K
[01m[K/home/bfg2h/bumperbot_ws/src/bumperbot_controller/src/noisy_controller.cpp:[m[K In function â€˜[01m[Kvoid jointCallback(const JointState&)[m[Kâ€™:
[01m[K/home/bfg2h/bumperbot_ws/src/bumperbot_controller/src/noisy_controller.cpp:61:45:[m[K [01;31m[Kerror: [m[Kâ€˜[01m[Kright_wheel_prev_pos_[m[Kâ€™ was not declared in this scope
   61 |     double dp_right = wheel_encoder_right - [01;31m[Kright_wheel_prev_pos_[m[K;
      |                                             [01;31m[K^~~~~~~~~~~~~~~~~~~~~[m[K
[01m[K/home/bfg2h/bumperbot_ws/src/bumperbot_controller/src/noisy_controller.cpp:62:43:[m[K [01;31m[Kerror: [m[Kâ€˜[01m[Kleft_wheel_prev_pos_[m[Kâ€™ was not declared in this scope
   62 |     double dp_left = wheel_encoder_left - [01;31m[Kleft_wheel_prev_pos_[m[K;
      |                                           [01;31m[K^~~~~~~~~~~~~~~~~~~~[m[K
[01m[K/home/bfg2h/bumperbot_ws/src/bumperbot_controller/src/noisy_controller.cpp:65:38:[m[K [01;31m[Kerror: [m[Kâ€˜[01m[Kprev_time_[m[Kâ€™ was not declared in this scope
   65 |     rclcpp::Duration dt = msg_time - [01;31m[Kprev_time_[m[K;
      |                                      [01;31m[K^~~~~~~~~~[m[K
[01m[K/home/bfg2h/bumperbot_ws/src/bumperbot_controller/src/noisy_controller.cpp:74:16:[m[K [01;31m[Kerror: [m[Kâ€˜[01m[Kwheel_radius_[m[Kâ€™ was not declared in this scope
   74 |     double V = [01;31m[Kwheel_radius_[m[K / 2 * (fi_right + fi_left);
      |                [01;31m[K^~~~~~~~~~~~~[m[K
[01m[K/home/bfg2h/bumperbot_ws/src/bumperbot_controller/src/noisy_controller.cpp:75:32:[m[K [01;31m[Kerror: [m[Kâ€˜[01m[Kwheel_separation_[m[Kâ€™ was not declared in this scope
   75 |     double w = wheel_radius_ / [01;31m[Kwheel_separation_[m[K * (fi_right - fi_left);
      |                                [01;31m[K^~~~~~~~~~~~~~~~~[m[K
[01m[K/home/bfg2h/bumperbot_ws/src/bumperbot_controller/src/noisy_controller.cpp:79:5:[m[K [01;31m[Kerror: [m[Kâ€˜[01m[Ktheta_[m[Kâ€™ was not declared in this scope
   79 |     [01;31m[Ktheta_[m[K += d_theta;
      |     [01;31m[K^~~~~~[m[K
[01m[K/home/bfg2h/bumperbot_ws/src/bumperbot_controller/src/noisy_controller.cpp:80:5:[m[K [01;31m[Kerror: [m[Kâ€˜[01m[Kx_[m[Kâ€™ was not declared in this scope
   80 |     [01;31m[Kx_[m[K += d_s * std::cos(theta_);
      |     [01;31m[K^~[m[K
[01m[K/home/bfg2h/bumperbot_ws/src/bumperbot_controller/src/noisy_controller.cpp:81:5:[m[K [01;31m[Kerror: [m[Kâ€˜[01m[Ky_[m[Kâ€™ was not declared in this scope; did you mean â€˜[01m[Kyn[m[Kâ€™?
   81 |     [01;31m[Ky_[m[K += d_s * std::sin(theta_);
      |     [01;31m[K^~[m[K
      |     [32m[Kyn[m[K
[01m[K/home/bfg2h/bumperbot_ws/src/bumperbot_controller/src/noisy_controller.cpp:83:5:[m[K [01;31m[Kerror: [m[Kâ€˜[01m[Kq[m[Kâ€™ was not declared in this scope
   83 |     [01;31m[Kq[m[K.setRPY(0, 0, theta_);
      |     [01;31m[K^[m[K
[01m[K/home/bfg2h/bumperbot_ws/src/bumperbot_controller/src/noisy_controller.cpp:84:5:[m[K [01;31m[Kerror: [m[Kâ€˜[01m[Kodom_msgs_[m[Kâ€™ was not declared in this scope
   84 |     [01;31m[Kodom_msgs_[m[K.pose.pose.orientation.x = q.x();
      |     [01;31m[K^~~~~~~~~~[m[K
[01m[K/home/bfg2h/bumperbot_ws/src/bumperbot_controller/src/noisy_controller.cpp:90:31:[m[K [01;31m[Kerror: [m[Kâ€˜[01m[Kget_clock[m[Kâ€™ was not declared in this scope
   90 |     odom_msgs_.header.stamp = [01;31m[Kget_clock[m[K()->now();
      |                               [01;31m[K^~~~~~~~~[m[K
[01m[K/home/bfg2h/bumperbot_ws/src/bumperbot_controller/src/noisy_controller.cpp:94:5:[m[K [01;31m[Kerror: [m[Kâ€˜[01m[Kodom_pub_[m[Kâ€™ was not declared in this scope
   94 |     [01;31m[Kodom_pub_[m[K->publish(odom_msgs_);
      |     [01;31m[K^~~~~~~~~[m[K
[01m[K/home/bfg2h/bumperbot_ws/src/bumperbot_controller/src/noisy_controller.cpp:96:5:[m[K [01;31m[Kerror: [m[Kâ€˜[01m[Ktransform_stamped_[m[Kâ€™ was not declared in this scope
   96 |     [01;31m[Ktransform_stamped_[m[K.transform.translation.x = x_;
      |     [01;31m[K^~~~~~~~~~~~~~~~~~[m[K
[01m[K/home/bfg2h/bumperbot_ws/src/bumperbot_controller/src/noisy_controller.cpp:103:5:[m[K [01;31m[Kerror: [m[Kâ€˜[01m[Kbr_[m[Kâ€™ was not declared in this scope; did you mean â€˜[01m[Kbrk[m[Kâ€™?
  103 |     [01;31m[Kbr_[m[K->sendTransform(transform_stamped_);
      |     [01;31m[K^~~[m[K
      |     [32m[Kbrk[m[K
[01m[K/home/bfg2h/bumperbot_ws/src/bumperbot_controller/src/noisy_controller.cpp:[m[K In function â€˜[01m[Kint main(int, char**)[m[Kâ€™:
[01m[K/home/bfg2h/bumperbot_ws/src/bumperbot_controller/src/noisy_controller.cpp:109:34:[m[K [01;31m[Kerror: [m[Kâ€˜[01m[KNoisyController[m[Kâ€™ was not declared in this scope
  109 |     auto node = std::make_shared<[01;31m[KNoisyController[m[K>("noisy_controller");
      |                                  [01;31m[K^~~~~~~~~~~~~~~[m[K
[01m[K/home/bfg2h/bumperbot_ws/src/bumperbot_controller/src/noisy_controller.cpp:109:50:[m[K [01;31m[Kerror: [m[Kno matching function for call to â€˜[01m[Kmake_shared<<expression error> >(const char [17])[m[Kâ€™
  109 |     auto node = [01;31m[Kstd::make_shared<NoisyController>("noisy_controller")[m[K;
      |                 [01;31m[K~~~~~~~~~~~~~~~~~~~~~~~~~~~~~~~~~^~~~~~~~~~~~~~~~~~~~[m[K
In file included from [01m[K/usr/include/c++/11/memory:77[m[K,
                 from [01m[K/opt/ros/humble/include/rclcpp/rclcpp/rclcpp.hpp:153[m[K,
                 from [01m[K/home/bfg2h/bumperbot_ws/src/bumperbot_controller/src/noisy_controller.cpp:2[m[K:
[01m[K/usr/include/c++/11/bits/shared_ptr.h:875:5:[m[K [01;36m[Knote: [m[Kcandidate: â€˜[01m[Ktemplate<class _Tp, class ... _Args> std::shared_ptr<_Tp> std::make_shared(_Args&& ...)[m[Kâ€™
  875 |     [01;36m[Kmake_shared[m[K(_Args&&... __args)
      |     [01;36m[K^~~~~~~~~~~[m[K
[01m[K/usr/include/c++/11/bits/shared_ptr.h:875:5:[m[K [01;36m[Knote: [m[K  template argument deduction/substitution failed:
[01m[K/home/bfg2h/bumperbot_ws/src/bumperbot_controller/src/noisy_controller.cpp:109:50:[m[K [01;31m[Kerror: [m[Ktemplate argument 1 is invalid
  109 |     auto node = [01;31m[Kstd::make_shared<NoisyController>("noisy_controller")[m[K;
      |                 [01;31m[K~~~~~~~~~~~~~~~~~~~~~~~~~~~~~~~~~^~~~~~~~~~~~~~~~~~~~[m[K
gmake[2]: *** [CMakeFiles/noisy_controller.dir/build.make:76: CMakeFiles/noisy_controller.dir/src/noisy_controller.cpp.o] Error 1
gmake[1]: *** [CMakeFiles/Makefile2:168: CMakeFiles/noisy_controller.dir/all] Error 2
gmake: *** [Makefile:146: all] Error 2
