[01m[K/home/bfg2h/bumperbot_ws/src/bumperbot_controller/src/simple_controller.cpp:[m[K In constructor â€˜[01m[KSimpleController::SimpleController(const string&)[m[Kâ€™:
[01m[K/home/bfg2h/bumperbot_ws/src/bumperbot_controller/src/simple_controller.cpp:45:9:[m[K [01;31m[Kerror: [m[Kâ€˜[01m[KsetRPY[m[Kâ€™ was not declared in this scope
   45 |     q = [01;31m[KsetRPY[m[K(0,0,theta_);
      |         [01;31m[K^~~~~~[m[K
[01m[K/home/bfg2h/bumperbot_ws/src/bumperbot_controller/src/simple_controller.cpp:[m[K In member function â€˜[01m[Kvoid SimpleController::jointCallback(const JointState&)[m[Kâ€™:
[01m[K/home/bfg2h/bumperbot_ws/src/bumperbot_controller/src/simple_controller.cpp:94:9:[m[K [01;31m[Kerror: [m[Kâ€˜[01m[KsetRPY[m[Kâ€™ was not declared in this scope
   94 |     q = [01;31m[KsetRPY[m[K(0,0,theta_)
      |         [01;31m[K^~~~~~[m[K
gmake[2]: *** [CMakeFiles/simple_controller.dir/build.make:76: CMakeFiles/simple_controller.dir/src/simple_controller.cpp.o] Error 1
gmake[1]: *** [CMakeFiles/Makefile2:140: CMakeFiles/simple_controller.dir/all] Error 2
gmake: *** [Makefile:146: all] Error 2
