[0.020s] Invoking command in '/home/bfg2h/bumperbot_ws/build/bumperbot_controller': CMAKE_PREFIX_PATH=${CMAKE_PREFIX_PATH}:/home/bfg2h/bumperbot_ws/install/bumperbot_py_examples:/home/bfg2h/ros2_ws/install/my_py_pkg:/home/bfg2h/udemy_ws/install/self_driving_car_pkg:/opt/ros/humble _=/usr/bin/env /usr/bin/cmake --build /home/bfg2h/bumperbot_ws/build/bumperbot_controller -- -j16 -l16
[0.057s] [35m[1mConsolidate compiler generated dependencies of target simple_controller[0m
[0.071s] [  0%] Built target ament_cmake_python_copy_bumperbot_controller
[0.073s] [ 50%] [32mBuilding CXX object CMakeFiles/simple_controller.dir/src/simple_controller.cpp.o[0m
[0.379s] running egg_info
[0.380s] writing bumperbot_controller.egg-info/PKG-INFO
[0.380s] writing dependency_links to bumperbot_controller.egg-info/dependency_links.txt
[0.380s] writing top-level names to bumperbot_controller.egg-info/top_level.txt
[0.382s] reading manifest file 'bumperbot_controller.egg-info/SOURCES.txt'
[0.383s] writing manifest file 'bumperbot_controller.egg-info/SOURCES.txt'
[0.406s] [ 50%] Built target ament_cmake_python_build_bumperbot_controller_egg
[2.690s] [01m[K/home/bfg2h/bumperbot_ws/src/bumperbot_controller/src/simple_controller.cpp:[m[K In constructor â€˜[01m[KSimpleController::SimpleController(const string&)[m[Kâ€™:
[2.690s] [01m[K/home/bfg2h/bumperbot_ws/src/bumperbot_controller/src/simple_controller.cpp:45:9:[m[K [01;31m[Kerror: [m[Kâ€˜[01m[KsetRPY[m[Kâ€™ was not declared in this scope
[2.690s]    45 |     q = [01;31m[KsetRPY[m[K(0,0,theta_);
[2.690s]       |         [01;31m[K^~~~~~[m[K
[2.723s] [01m[K/home/bfg2h/bumperbot_ws/src/bumperbot_controller/src/simple_controller.cpp:[m[K In member function â€˜[01m[Kvoid SimpleController::jointCallback(const JointState&)[m[Kâ€™:
[2.723s] [01m[K/home/bfg2h/bumperbot_ws/src/bumperbot_controller/src/simple_controller.cpp:94:9:[m[K [01;31m[Kerror: [m[Kâ€˜[01m[KsetRPY[m[Kâ€™ was not declared in this scope
[2.723s]    94 |     q = [01;31m[KsetRPY[m[K(0,0,theta_)
[2.723s]       |         [01;31m[K^~~~~~[m[K
[5.775s] gmake[2]: *** [CMakeFiles/simple_controller.dir/build.make:76: CMakeFiles/simple_controller.dir/src/simple_controller.cpp.o] Error 1
[5.775s] gmake[1]: *** [CMakeFiles/Makefile2:140: CMakeFiles/simple_controller.dir/all] Error 2
[5.776s] gmake: *** [Makefile:146: all] Error 2
[5.777s] Invoked command in '/home/bfg2h/bumperbot_ws/build/bumperbot_controller' returned '2': CMAKE_PREFIX_PATH=${CMAKE_PREFIX_PATH}:/home/bfg2h/bumperbot_ws/install/bumperbot_py_examples:/home/bfg2h/ros2_ws/install/my_py_pkg:/home/bfg2h/udemy_ws/install/self_driving_car_pkg:/opt/ros/humble _=/usr/bin/env /usr/bin/cmake --build /home/bfg2h/bumperbot_ws/build/bumperbot_controller -- -j16 -l16
