[0.018s] Invoking command in '/home/bfg2h/bumperbot_ws/build/bumperbot_controller': CMAKE_PREFIX_PATH=${CMAKE_PREFIX_PATH}:/home/bfg2h/bumperbot_ws/install/bumperbot_py_examples:/home/bfg2h/ros2_ws/install/my_py_pkg:/home/bfg2h/udemy_ws/install/self_driving_car_pkg:/opt/ros/humble _=/usr/bin/env /usr/bin/cmake --build /home/bfg2h/bumperbot_ws/build/bumperbot_controller -- -j16 -l16
[0.044s] [35m[1mConsolidate compiler generated dependencies of target noisy_controller[0m
[0.053s] [ 25%] [32mBuilding CXX object CMakeFiles/noisy_controller.dir/src/noisy_controller.cpp.o[0m
[0.057s] [ 25%] Built target ament_cmake_python_copy_bumperbot_controller
[0.058s] [ 50%] [32mBuilding CXX object CMakeFiles/simple_controller.dir/src/simple_controller.cpp.o[0m
[0.350s] running egg_info
[0.351s] writing bumperbot_controller.egg-info/PKG-INFO
[0.351s] writing dependency_links to bumperbot_controller.egg-info/dependency_links.txt
[0.351s] writing top-level names to bumperbot_controller.egg-info/top_level.txt
[0.353s] reading manifest file 'bumperbot_controller.egg-info/SOURCES.txt'
[0.354s] writing manifest file 'bumperbot_controller.egg-info/SOURCES.txt'
[0.366s] [01m[K/home/bfg2h/bumperbot_ws/src/bumperbot_controller/src/noisy_controller.cpp:5:1:[m[K [01;31m[Kerror: [m[Kâ€˜[01m[KNoisyController[m[Kâ€™ does not name a type
[0.366s]     5 | [01;31m[KNoisyController[m[K::NoisyController(const std::string &name) : Node(name)
[0.366s]       | [01;31m[K^~~~~~~~~~~~~~~[m[K
[0.366s] [01m[K/home/bfg2h/bumperbot_ws/src/bumperbot_controller/src/noisy_controller.cpp:53:6:[m[K [01;31m[Kerror: [m[Kâ€˜[01m[KNoisyController[m[Kâ€™ has not been declared
[0.367s]    53 | void [01;31m[KNoisyController[m[K::jointCallback(const sensor_msgs::msg::JointState &msg)
[0.367s]       |      [01;31m[K^~~~~~~~~~~~~~~[m[K
[0.367s] [01m[K/home/bfg2h/bumperbot_ws/src/bumperbot_controller/src/noisy_controller.cpp:53:43:[m[K [01;31m[Kerror: [m[Kâ€˜[01m[Ksensor_msgs[m[Kâ€™ does not name a type
[0.367s]    53 | void NoisyController::jointCallback(const [01;31m[Ksensor_msgs[m[K::msg::JointState &msg)
[0.367s]       |                                           [01;31m[K^~~~~~~~~~~[m[K
[0.367s] [01m[K/home/bfg2h/bumperbot_ws/src/bumperbot_controller/src/noisy_controller.cpp:53:59:[m[K [01;31m[Kerror: [m[Kexpected unqualified-id before â€˜[01m[K::[m[Kâ€™ token
[0.368s]    53 | void NoisyController::jointCallback(const sensor_msgs::msg[01;31m[K::[m[KJointState &msg)
[0.368s]       |                                                           [01;31m[K^~[m[K
[0.368s] [01m[K/home/bfg2h/bumperbot_ws/src/bumperbot_controller/src/noisy_controller.cpp:53:59:[m[K [01;31m[Kerror: [m[Kexpected â€˜[01m[K)[m[Kâ€™ before â€˜[01m[K::[m[Kâ€™ token
[0.368s]    53 | void NoisyController::jointCallback[34m[K([m[Kconst sensor_msgs::msg[01;31m[K:[m[K[32m[K:[m[KJointState &msg)
[0.368s]       |                                    [34m[K~[m[K                      [01;31m[K^[m[K[32m[K~[m[K
[0.368s]       |                                                           [32m[K)[m[K
[0.368s] [01m[K/home/bfg2h/bumperbot_ws/src/bumperbot_controller/src/noisy_controller.cpp:53:59:[m[K [01;31m[Kerror: [m[Kexpected initializer before â€˜[01m[K::[m[Kâ€™ token
[0.368s]    53 | void NoisyController::jointCallback(const sensor_msgs::msg[01;31m[K::[m[KJointState &msg)
[0.368s]       |                                                           [01;31m[K^~[m[K
[0.368s] [01m[K/home/bfg2h/bumperbot_ws/src/bumperbot_controller/src/noisy_controller.cpp:[m[K In function â€˜[01m[Kint main(int, char**)[m[Kâ€™:
[0.368s] [01m[K/home/bfg2h/bumperbot_ws/src/bumperbot_controller/src/noisy_controller.cpp:116:5:[m[K [01;31m[Kerror: [m[Kâ€˜[01m[Krclcpp[m[Kâ€™ has not been declared
[0.368s]   116 |     [01;31m[Krclcpp[m[K::init(argc, argv);
[0.369s]       |     [01;31m[K^~~~~~[m[K
[0.371s] [01m[K/home/bfg2h/bumperbot_ws/src/bumperbot_controller/src/noisy_controller.cpp:117:34:[m[K [01;31m[Kerror: [m[Kâ€˜[01m[KNoisyController[m[Kâ€™ was not declared in this scope
[0.371s]   117 |     auto node = std::make_shared<[01;31m[KNoisyController[m[K>("noisy_controller");
[0.371s]       |                                  [01;31m[K^~~~~~~~~~~~~~~[m[K
[0.371s] [01m[K/home/bfg2h/bumperbot_ws/src/bumperbot_controller/src/noisy_controller.cpp:117:50:[m[K [01;31m[Kerror: [m[Kno matching function for call to â€˜[01m[Kmake_shared<<expression error> >(const char [17])[m[Kâ€™
[0.371s]   117 |     auto node = [01;31m[Kstd::make_shared<NoisyController>("noisy_controller")[m[K;
[0.371s]       |                 [01;31m[K~~~~~~~~~~~~~~~~~~~~~~~~~~~~~~~~~^~~~~~~~~~~~~~~~~~~~[m[K
[0.371s] In file included from [01m[K/usr/include/c++/11/memory:77[m[K,
[0.372s]                  from [01m[K/home/bfg2h/bumperbot_ws/src/bumperbot_controller/src/noisy_controller.cpp:3[m[K:
[0.372s] [01m[K/usr/include/c++/11/bits/shared_ptr.h:875:5:[m[K [01;36m[Knote: [m[Kcandidate: â€˜[01m[Ktemplate<class _Tp, class ... _Args> std::shared_ptr<_Tp> std::make_shared(_Args&& ...)[m[Kâ€™
[0.372s]   875 |     [01;36m[Kmake_shared[m[K(_Args&&... __args)
[0.372s]       |     [01;36m[K^~~~~~~~~~~[m[K
[0.372s] [01m[K/usr/include/c++/11/bits/shared_ptr.h:875:5:[m[K [01;36m[Knote: [m[K  template argument deduction/substitution failed:
[0.372s] [01m[K/home/bfg2h/bumperbot_ws/src/bumperbot_controller/src/noisy_controller.cpp:117:50:[m[K [01;31m[Kerror: [m[Ktemplate argument 1 is invalid
[0.372s]   117 |     auto node = [01;31m[Kstd::make_shared<NoisyController>("noisy_controller")[m[K;
[0.372s]       |                 [01;31m[K~~~~~~~~~~~~~~~~~~~~~~~~~~~~~~~~~^~~~~~~~~~~~~~~~~~~~[m[K
[0.372s] [01m[K/home/bfg2h/bumperbot_ws/src/bumperbot_controller/src/noisy_controller.cpp:118:5:[m[K [01;31m[Kerror: [m[Kâ€˜[01m[Krclcpp[m[Kâ€™ has not been declared
[0.373s]   118 |     [01;31m[Krclcpp[m[K::spin(node);
[0.373s]       |     [01;31m[K^~~~~~[m[K
[0.373s] [01m[K/home/bfg2h/bumperbot_ws/src/bumperbot_controller/src/noisy_controller.cpp:119:5:[m[K [01;31m[Kerror: [m[Kâ€˜[01m[Krclcpp[m[Kâ€™ has not been declared
[0.373s]   119 |     [01;31m[Krclcpp[m[K::shutdown();
[0.373s]       |     [01;31m[K^~~~~~[m[K
[0.383s] [ 50%] Built target ament_cmake_python_build_bumperbot_controller_egg
[0.429s] gmake[2]: *** [CMakeFiles/noisy_controller.dir/build.make:76: CMakeFiles/noisy_controller.dir/src/noisy_controller.cpp.o] Error 1
[0.429s] gmake[1]: *** [CMakeFiles/Makefile2:168: CMakeFiles/noisy_controller.dir/all] Error 2
[0.430s] gmake[1]: *** Waiting for unfinished jobs....
[2.646s] [01m[K/home/bfg2h/bumperbot_ws/src/bumperbot_controller/src/simple_controller.cpp:[m[K In constructor â€˜[01m[KSimpleController::SimpleController(const string&)[m[Kâ€™:
[2.647s] [01m[K/home/bfg2h/bumperbot_ws/src/bumperbot_controller/src/simple_controller.cpp:28:5:[m[K [01;31m[Kerror: [m[Kâ€˜[01m[Kodom_pub_[m[Kâ€™ was not declared in this scope
[2.647s]    28 |     [01;31m[Kodom_pub_[m[K = create_publisher<nav_msgs::msg::Odometry>(
[2.647s]       |     [01;31m[K^~~~~~~~~[m[K
[2.652s] [01m[K/home/bfg2h/bumperbot_ws/src/bumperbot_controller/src/simple_controller.cpp:28:34:[m[K [01;31m[Kerror: [m[Kâ€˜[01m[Knav_msgs[m[Kâ€™ was not declared in this scope
[2.652s]    28 |     odom_pub_ = create_publisher<[01;31m[Knav_msgs[m[K::msg::Odometry>(
[2.652s]       |                                  [01;31m[K^~~~~~~~[m[K
[2.652s] [01m[K/home/bfg2h/bumperbot_ws/src/bumperbot_controller/src/simple_controller.cpp:28:17:[m[K [01;31m[Kerror: [m[Kparse error in template argument list
[2.652s]    28 |     odom_pub_ = [01;31m[Kcreate_publisher<nav_msgs::msg::Odometry>[m[K(
[2.652s]       |                 [01;31m[K^~~~~~~~~~~~~~~~~~~~~~~~~~~~~~~~~~~~~~~~~[m[K
[2.652s] [01m[K/home/bfg2h/bumperbot_ws/src/bumperbot_controller/src/simple_controller.cpp:28:58:[m[K [01;31m[Kerror: [m[Kno matching function for call to â€˜[01m[KSimpleController::create_publisher<<expression error> >(const char [27], int)[m[Kâ€™
[2.652s]    28 |     odom_pub_ = [01;31m[Kcreate_publisher<nav_msgs::msg::Odometry>([m[K
[2.653s]       |                 [01;31m[K~~~~~~~~~~~~~~~~~~~~~~~~~~~~~~~~~~~~~~~~~^[m[K
[2.653s]    29 | [01;31m[K        "/bumperbot_controller/odom",10)[m[K;
[2.653s]       |         [01;31m[K~~~~~~~~~~~~~~~~~~~~~~~~~~~~~~~~[m[K                  
[2.653s] In file included from [01m[K/opt/ros/humble/include/rclcpp/rclcpp/node.hpp:1321[m[K,
[2.653s]                  from [01m[K/opt/ros/humble/include/rclcpp/rclcpp/executors/single_threaded_executor.hpp:28[m[K,
[2.653s]                  from [01m[K/opt/ros/humble/include/rclcpp/rclcpp/executors.hpp:22[m[K,
[2.653s]                  from [01m[K/opt/ros/humble/include/rclcpp/rclcpp/rclcpp.hpp:155[m[K,
[2.653s]                  from [01m[K/home/bfg2h/bumperbot_ws/src/bumperbot_controller/include/bumperbot_controller/simple_controller.hpp:5[m[K,
[2.653s]                  from [01m[K/home/bfg2h/bumperbot_ws/src/bumperbot_controller/src/simple_controller.cpp:1[m[K:
[2.653s] [01m[K/opt/ros/humble/include/rclcpp/rclcpp/node_impl.hpp:73:1:[m[K [01;36m[Knote: [m[Kcandidate: â€˜[01m[Ktemplate<class MessageT, class AllocatorT, class PublisherT> std::shared_ptr<PublisherT> rclcpp::Node::create_publisher(const string&, const rclcpp::QoS&, const rclcpp::PublisherOptionsWithAllocator<AllocatorT>&)[m[Kâ€™
[2.653s]    73 | [01;36m[KNode[m[K::create_publisher(
[2.653s]       | [01;36m[K^~~~[m[K
[2.653s] [01m[K/opt/ros/humble/include/rclcpp/rclcpp/node_impl.hpp:73:1:[m[K [01;36m[Knote: [m[K  template argument deduction/substitution failed:
[2.653s] [01m[K/home/bfg2h/bumperbot_ws/src/bumperbot_controller/src/simple_controller.cpp:28:58:[m[K [01;31m[Kerror: [m[Ktemplate argument 1 is invalid
[2.653s]    28 |     odom_pub_ = [01;31m[Kcreate_publisher<nav_msgs::msg::Odometry>([m[K
[2.653s]       |                 [01;31m[K~~~~~~~~~~~~~~~~~~~~~~~~~~~~~~~~~~~~~~~~~^[m[K
[2.653s]    29 | [01;31m[K        "/bumperbot_controller/odom",10)[m[K;
[2.653s]       |         [01;31m[K~~~~~~~~~~~~~~~~~~~~~~~~~~~~~~~~[m[K                  
[2.657s] [01m[K/home/bfg2h/bumperbot_ws/src/bumperbot_controller/src/simple_controller.cpp:41:5:[m[K [01;31m[Kerror: [m[Kâ€˜[01m[Kx_[m[Kâ€™ was not declared in this scope
[2.657s]    41 |     [01;31m[Kx_[m[K = 0.0;
[2.657s]       |     [01;31m[K^~[m[K
[2.661s] [01m[K/home/bfg2h/bumperbot_ws/src/bumperbot_controller/src/simple_controller.cpp:42:5:[m[K [01;31m[Kerror: [m[Kâ€˜[01m[Ky_[m[Kâ€™ was not declared in this scope; did you mean â€˜[01m[Kyn[m[Kâ€™?
[2.661s]    42 |     [01;31m[Ky_[m[K = 0.0;
[2.661s]       |     [01;31m[K^~[m[K
[2.661s]       |     [32m[Kyn[m[K
[2.666s] [01m[K/home/bfg2h/bumperbot_ws/src/bumperbot_controller/src/simple_controller.cpp:43:5:[m[K [01;31m[Kerror: [m[Kâ€˜[01m[Ktheta_[m[Kâ€™ was not declared in this scope
[2.666s]    43 |     [01;31m[Ktheta_[m[K = 0.0;
[2.666s]       |     [01;31m[K^~~~~~[m[K
[2.669s] [01m[K/home/bfg2h/bumperbot_ws/src/bumperbot_controller/src/simple_controller.cpp:45:5:[m[K [01;31m[Kerror: [m[Kâ€˜[01m[Kq[m[Kâ€™ was not declared in this scope
[2.669s]    45 |     [01;31m[Kq[m[K.setRPY(0,0,theta_);
[2.669s]       |     [01;31m[K^[m[K
[2.675s] [01m[K/home/bfg2h/bumperbot_ws/src/bumperbot_controller/src/simple_controller.cpp:50:5:[m[K [01;31m[Kerror: [m[Kâ€˜[01m[Kodom_msgs_[m[Kâ€™ was not declared in this scope
[2.675s]    50 |     [01;31m[Kodom_msgs_[m[K.header.frame_id = "odom";
[2.675s]       |     [01;31m[K^~~~~~~~~~[m[K
[2.679s] [01m[K/home/bfg2h/bumperbot_ws/src/bumperbot_controller/src/simple_controller.cpp:58:5:[m[K [01;31m[Kerror: [m[Kâ€˜[01m[Kbr_[m[Kâ€™ was not declared in this scope; did you mean â€˜[01m[Kbrk[m[Kâ€™?
[2.679s]    58 |     [01;31m[Kbr_[m[K = std::make_shared<tf2_ros::TransformBroadcaster>(this);
[2.679s]       |     [01;31m[K^~~[m[K
[2.679s]       |     [32m[Kbrk[m[K
[2.684s] [01m[K/home/bfg2h/bumperbot_ws/src/bumperbot_controller/src/simple_controller.cpp:58:28:[m[K [01;31m[Kerror: [m[Kâ€˜[01m[Ktf2_ros[m[Kâ€™ was not declared in this scope
[2.684s]    58 |     br_ = std::make_shared<[01;31m[Ktf2_ros[m[K::TransformBroadcaster>(this);
[2.684s]       |                            [01;31m[K^~~~~~~[m[K
[2.685s] [01m[K/home/bfg2h/bumperbot_ws/src/bumperbot_controller/src/simple_controller.cpp:58:16:[m[K [01;31m[Kerror: [m[Kparse error in template argument list
[2.685s]    58 |     br_ = std::[01;31m[Kmake_shared<tf2_ros::TransformBroadcaster>[m[K(this);
[2.685s]       |                [01;31m[K^~~~~~~~~~~~~~~~~~~~~~~~~~~~~~~~~~~~~~~~~~[m[K
[2.685s] [01m[K/home/bfg2h/bumperbot_ws/src/bumperbot_controller/src/simple_controller.cpp:58:58:[m[K [01;31m[Kerror: [m[Kno matching function for call to â€˜[01m[Kmake_shared<<expression error> >(SimpleController*)[m[Kâ€™
[2.685s]    58 |     br_ = [01;31m[Kstd::make_shared<tf2_ros::TransformBroadcaster>(this)[m[K;
[2.685s]       |           [01;31m[K~~~~~~~~~~~~~~~~~~~~~~~~~~~~~~~~~~~~~~~~~~~~~~~^~~~~~[m[K
[2.685s] In file included from [01m[K/usr/include/c++/11/memory:77[m[K,
[2.685s]                  from [01m[K/opt/ros/humble/include/rclcpp/rclcpp/rclcpp.hpp:153[m[K,
[2.685s]                  from [01m[K/home/bfg2h/bumperbot_ws/src/bumperbot_controller/include/bumperbot_controller/simple_controller.hpp:5[m[K,
[2.685s]                  from [01m[K/home/bfg2h/bumperbot_ws/src/bumperbot_controller/src/simple_controller.cpp:1[m[K:
[2.685s] [01m[K/usr/include/c++/11/bits/shared_ptr.h:875:5:[m[K [01;36m[Knote: [m[Kcandidate: â€˜[01m[Ktemplate<class _Tp, class ... _Args> std::shared_ptr<_Tp> std::make_shared(_Args&& ...)[m[Kâ€™
[2.685s]   875 |     [01;36m[Kmake_shared[m[K(_Args&&... __args)
[2.685s]       |     [01;36m[K^~~~~~~~~~~[m[K
[2.685s] [01m[K/usr/include/c++/11/bits/shared_ptr.h:875:5:[m[K [01;36m[Knote: [m[K  template argument deduction/substitution failed:
[2.685s] [01m[K/home/bfg2h/bumperbot_ws/src/bumperbot_controller/src/simple_controller.cpp:58:58:[m[K [01;31m[Kerror: [m[Ktemplate argument 1 is invalid
[2.685s]    58 |     br_ = [01;31m[Kstd::make_shared<tf2_ros::TransformBroadcaster>(this)[m[K;
[2.685s]       |           [01;31m[K~~~~~~~~~~~~~~~~~~~~~~~~~~~~~~~~~~~~~~~~~~~~~~~^~~~~~[m[K
[2.694s] [01m[K/home/bfg2h/bumperbot_ws/src/bumperbot_controller/src/simple_controller.cpp:59:5:[m[K [01;31m[Kerror: [m[Kâ€˜[01m[Ktransform_stamped_[m[Kâ€™ was not declared in this scope
[2.694s]    59 |     [01;31m[Ktransform_stamped_[m[K.header.frame_id = "odom";
[2.694s]       |     [01;31m[K^~~~~~~~~~~~~~~~~~[m[K
[2.726s] [01m[K/home/bfg2h/bumperbot_ws/src/bumperbot_controller/src/simple_controller.cpp:[m[K In member function â€˜[01m[Kvoid SimpleController::jointCallback(const JointState&)[m[Kâ€™:
[2.726s] [01m[K/home/bfg2h/bumperbot_ws/src/bumperbot_controller/src/simple_controller.cpp:99:5:[m[K [01;31m[Kerror: [m[Kâ€˜[01m[Ktheta_[m[Kâ€™ was not declared in this scope
[2.726s]    99 |     [01;31m[Ktheta_[m[K += d_theta;
[2.726s]       |     [01;31m[K^~~~~~[m[K
[2.730s] [01m[K/home/bfg2h/bumperbot_ws/src/bumperbot_controller/src/simple_controller.cpp:100:5:[m[K [01;31m[Kerror: [m[Kâ€˜[01m[Kx_[m[Kâ€™ was not declared in this scope
[2.730s]   100 |     [01;31m[Kx_[m[K += d_s * std::cos(theta_);
[2.730s]       |     [01;31m[K^~[m[K
[2.734s] [01m[K/home/bfg2h/bumperbot_ws/src/bumperbot_controller/src/simple_controller.cpp:101:5:[m[K [01;31m[Kerror: [m[Kâ€˜[01m[Ky_[m[Kâ€™ was not declared in this scope; did you mean â€˜[01m[Kyn[m[Kâ€™?
[2.735s]   101 |     [01;31m[Ky_[m[K += d_s * std::sin(theta_);
[2.735s]       |     [01;31m[K^~[m[K
[2.735s]       |     [32m[Kyn[m[K
[2.738s] [01m[K/home/bfg2h/bumperbot_ws/src/bumperbot_controller/src/simple_controller.cpp:103:5:[m[K [01;31m[Kerror: [m[Kâ€˜[01m[Kq[m[Kâ€™ was not declared in this scope
[2.738s]   103 |     [01;31m[Kq[m[K.setRPY(0,0,theta_);
[2.739s]       |     [01;31m[K^[m[K
[2.744s] [01m[K/home/bfg2h/bumperbot_ws/src/bumperbot_controller/src/simple_controller.cpp:104:5:[m[K [01;31m[Kerror: [m[Kâ€˜[01m[Kodom_msgs_[m[Kâ€™ was not declared in this scope
[2.744s]   104 |     [01;31m[Kodom_msgs_[m[K.pose.pose.orientation.x = q.x();
[2.744s]       |     [01;31m[K^~~~~~~~~~[m[K
[2.750s] [01m[K/home/bfg2h/bumperbot_ws/src/bumperbot_controller/src/simple_controller.cpp:114:5:[m[K [01;31m[Kerror: [m[Kâ€˜[01m[Kodom_pub_[m[Kâ€™ was not declared in this scope
[2.750s]   114 |     [01;31m[Kodom_pub_[m[K->publish(odom_msgs_);
[2.750s]       |     [01;31m[K^~~~~~~~~[m[K
[2.760s] [01m[K/home/bfg2h/bumperbot_ws/src/bumperbot_controller/src/simple_controller.cpp:116:5:[m[K [01;31m[Kerror: [m[Kâ€˜[01m[Ktransform_stamped_[m[Kâ€™ was not declared in this scope
[2.760s]   116 |     [01;31m[Ktransform_stamped_[m[K.transform.translation.x  = x_;
[2.760s]       |     [01;31m[K^~~~~~~~~~~~~~~~~~[m[K
[2.764s] [01m[K/home/bfg2h/bumperbot_ws/src/bumperbot_controller/src/simple_controller.cpp:123:5:[m[K [01;31m[Kerror: [m[Kâ€˜[01m[Kbr_[m[Kâ€™ was not declared in this scope; did you mean â€˜[01m[Kbrk[m[Kâ€™?
[2.764s]   123 |     [01;31m[Kbr_[m[K->sendTransform(transform_stamped_);
[2.764s]       |     [01;31m[K^~~[m[K
[2.764s]       |     [32m[Kbrk[m[K
[5.720s] gmake[2]: *** [CMakeFiles/simple_controller.dir/build.make:76: CMakeFiles/simple_controller.dir/src/simple_controller.cpp.o] Error 1
[5.720s] gmake[1]: *** [CMakeFiles/Makefile2:142: CMakeFiles/simple_controller.dir/all] Error 2
[5.720s] gmake: *** [Makefile:146: all] Error 2
[5.722s] Invoked command in '/home/bfg2h/bumperbot_ws/build/bumperbot_controller' returned '2': CMAKE_PREFIX_PATH=${CMAKE_PREFIX_PATH}:/home/bfg2h/bumperbot_ws/install/bumperbot_py_examples:/home/bfg2h/ros2_ws/install/my_py_pkg:/home/bfg2h/udemy_ws/install/self_driving_car_pkg:/opt/ros/humble _=/usr/bin/env /usr/bin/cmake --build /home/bfg2h/bumperbot_ws/build/bumperbot_controller -- -j16 -l16
