[35m[1mConsolidate compiler generated dependencies of target simple_action_server[0m
[  5%] [32mBuilding CXX object CMakeFiles/simple_service_server.dir/src/simple_service_server.cpp.o[0m
[ 16%] Built target simple_parameter
[ 22%] [32mBuilding CXX object CMakeFiles/simple_tf_kinematics.dir/src/simple_tf_kinematics.cpp.o[0m
[ 33%] Built target simple_publisher
[ 44%] Built target simple_action_server_node
[ 55%] Built target simple_turtlesim_kinematics
[ 72%] Built target simple_subscriber
[ 72%] [32mBuilding CXX object CMakeFiles/simple_service_client.dir/src/simple_service_client.cpp.o[0m
[ 77%] [32mBuilding CXX object CMakeFiles/simple_action_server.dir/src/simple_action_server.cpp.o[0m
[01m[K/home/bfg2h/bumperbot_ws/src/bumperbot_cpp_examples/src/simple_action_server.cpp:[m[K In member function â€˜[01m[Kvoid bumperbot_cpp_example::SimpleActionServer::execute(std::shared_ptr<rclcpp_action::ServerGoalHandle<bumperbot_msgs::action::Fibonacci> >)[m[Kâ€™:
[01m[K/home/bfg2h/bumperbot_ws/src/bumperbot_cpp_examples/src/simple_action_server.cpp:63:25:[m[K [01;31m[Kerror: [m[Kâ€˜[01m[Kusing element_type = struct bumperbot_msgs::action::Fibonacci_Result_<std::allocator<void> >[m[Kâ€™ {aka â€˜[01m[Kstruct bumperbot_msgs::action::Fibonacci_Result_<std::allocator<void> >[m[Kâ€™} has no member named â€˜[01m[Ksequnece[m[Kâ€™; did you mean â€˜[01m[Ksequence[m[Kâ€™?
   63 |                 result->[01;31m[Ksequnece[m[K = sequence; // âœ… Correct field name
      |                         [01;31m[K^~~~~~~~[m[K
      |                         [32m[Ksequence[m[K
[01m[K/home/bfg2h/bumperbot_ws/src/bumperbot_cpp_examples/src/simple_action_server.cpp:77:21:[m[K [01;31m[Kerror: [m[Kâ€˜[01m[Kusing element_type = struct bumperbot_msgs::action::Fibonacci_Result_<std::allocator<void> >[m[Kâ€™ {aka â€˜[01m[Kstruct bumperbot_msgs::action::Fibonacci_Result_<std::allocator<void> >[m[Kâ€™} has no member named â€˜[01m[Ksequnece[m[Kâ€™; did you mean â€˜[01m[Ksequence[m[Kâ€™?
   77 |             result->[01;31m[Ksequnece[m[K = sequence; // âœ… Correct field name
      |                     [01;31m[K^~~~~~~~[m[K
      |                     [32m[Ksequence[m[K
gmake[2]: *** [CMakeFiles/simple_action_server.dir/build.make:76: CMakeFiles/simple_action_server.dir/src/simple_action_server.cpp.o] Error 1
gmake[1]: *** [CMakeFiles/Makefile2:335: CMakeFiles/simple_action_server.dir/all] Error 2
gmake[1]: *** Waiting for unfinished jobs....
[ 83%] [32m[1mLinking CXX executable simple_service_server[0m
[ 88%] [32m[1mLinking CXX executable simple_service_client[0m
[ 88%] Built target simple_service_server
[ 88%] Built target simple_service_client
[ 94%] [32m[1mLinking CXX executable simple_tf_kinematics[0m
[ 94%] Built target simple_tf_kinematics
gmake: *** [Makefile:146: all] Error 2
