[0.013s] Invoking command in '/home/bfg2h/bumperbot_ws/build/bumperbot_cpp_examples': CMAKE_PREFIX_PATH=/home/bfg2h/bumperbot_ws/install/bumperbot_msgs:/home/bfg2h/bumperbot_ws/install/bumperbot_utils:/home/bfg2h/bumperbot_ws/install/bumperbot_cpp_examples:/home/bfg2h/bumperbot_ws/install/bumperbot_localization:/home/bfg2h/bumperbot_ws/install/bumperbot_description:/home/bfg2h/bumperbot_ws/install/bumperbot_controller:/home/bfg2h/manipulator_ws/install/arduinobot_moveit:/home/bfg2h/manipulator_ws/install/arduinobot_controllers:/home/bfg2h/manipulator_ws/install/arduinobot_description:/home/bfg2h/turtlebot3_ws/install/turtlebot3_simulations:/home/bfg2h/turtlebot3_ws/install/turtlebot3_gazebo:/home/bfg2h/turtlebot3_ws/install/turtlebot3_fake_node:/home/bfg2h/ros2_ws/install/my_cpp_pkg:/home/bfg2h/bumperbot_ws/install/bumperbot_py_examples:/home/bfg2h/ros2_ws/install/my_py_pkg:/home/bfg2h/udemy_ws/install/self_driving_car_pkg:/opt/ros/humble LD_LIBRARY_PATH=/home/bfg2h/bumperbot_ws/install/bumperbot_msgs/lib:/usr/lib/x86_64-linux-gnu/gazebo-11/plugins:/opt/ros/humble/opt/rviz_ogre_vendor/lib:/opt/ros/humble/lib/x86_64-linux-gnu:/opt/ros/humble/lib:/usr/share/gazebo/../../lib/x86_64-linux-gnu/gazebo-11/plugins _=/usr/bin/env /usr/bin/cmake --build /home/bfg2h/bumperbot_ws/build/bumperbot_cpp_examples -- -j16 -l16
[0.052s] [35m[1mConsolidate compiler generated dependencies of target simple_action_server[0m
[0.058s] [  5%] [32mBuilding CXX object CMakeFiles/simple_service_server.dir/src/simple_service_server.cpp.o[0m
[0.059s] [ 16%] Built target simple_parameter
[0.059s] [ 22%] [32mBuilding CXX object CMakeFiles/simple_tf_kinematics.dir/src/simple_tf_kinematics.cpp.o[0m
[0.060s] [ 33%] Built target simple_publisher
[0.060s] [ 44%] Built target simple_action_server_node
[0.060s] [ 55%] Built target simple_turtlesim_kinematics
[0.063s] [ 72%] Built target simple_subscriber
[0.063s] [ 72%] [32mBuilding CXX object CMakeFiles/simple_service_client.dir/src/simple_service_client.cpp.o[0m
[0.069s] [ 77%] [32mBuilding CXX object CMakeFiles/simple_action_server.dir/src/simple_action_server.cpp.o[0m
[2.391s] [01m[K/home/bfg2h/bumperbot_ws/src/bumperbot_cpp_examples/src/simple_action_server.cpp:[m[K In member function â€˜[01m[Kvoid bumperbot_cpp_example::SimpleActionServer::execute(std::shared_ptr<rclcpp_action::ServerGoalHandle<bumperbot_msgs::action::Fibonacci> >)[m[Kâ€™:
[2.391s] [01m[K/home/bfg2h/bumperbot_ws/src/bumperbot_cpp_examples/src/simple_action_server.cpp:63:25:[m[K [01;31m[Kerror: [m[Kâ€˜[01m[Kusing element_type = struct bumperbot_msgs::action::Fibonacci_Result_<std::allocator<void> >[m[Kâ€™ {aka â€˜[01m[Kstruct bumperbot_msgs::action::Fibonacci_Result_<std::allocator<void> >[m[Kâ€™} has no member named â€˜[01m[Ksequnece[m[Kâ€™; did you mean â€˜[01m[Ksequence[m[Kâ€™?
[2.391s]    63 |                 result->[01;31m[Ksequnece[m[K = sequence; // âœ… Correct field name
[2.391s]       |                         [01;31m[K^~~~~~~~[m[K
[2.391s]       |                         [32m[Ksequence[m[K
[2.393s] [01m[K/home/bfg2h/bumperbot_ws/src/bumperbot_cpp_examples/src/simple_action_server.cpp:77:21:[m[K [01;31m[Kerror: [m[Kâ€˜[01m[Kusing element_type = struct bumperbot_msgs::action::Fibonacci_Result_<std::allocator<void> >[m[Kâ€™ {aka â€˜[01m[Kstruct bumperbot_msgs::action::Fibonacci_Result_<std::allocator<void> >[m[Kâ€™} has no member named â€˜[01m[Ksequnece[m[Kâ€™; did you mean â€˜[01m[Ksequence[m[Kâ€™?
[2.393s]    77 |             result->[01;31m[Ksequnece[m[K = sequence; // âœ… Correct field name
[2.393s]       |                     [01;31m[K^~~~~~~~[m[K
[2.393s]       |                     [32m[Ksequence[m[K
[3.087s] gmake[2]: *** [CMakeFiles/simple_action_server.dir/build.make:76: CMakeFiles/simple_action_server.dir/src/simple_action_server.cpp.o] Error 1
[3.087s] gmake[1]: *** [CMakeFiles/Makefile2:335: CMakeFiles/simple_action_server.dir/all] Error 2
[3.087s] gmake[1]: *** Waiting for unfinished jobs....
[3.342s] [ 83%] [32m[1mLinking CXX executable simple_service_server[0m
[3.439s] [ 88%] [32m[1mLinking CXX executable simple_service_client[0m
[3.477s] [ 88%] Built target simple_service_server
[3.572s] [ 88%] Built target simple_service_client
[5.074s] [ 94%] [32m[1mLinking CXX executable simple_tf_kinematics[0m
[5.286s] [ 94%] Built target simple_tf_kinematics
[5.287s] gmake: *** [Makefile:146: all] Error 2
[5.288s] Invoked command in '/home/bfg2h/bumperbot_ws/build/bumperbot_cpp_examples' returned '2': CMAKE_PREFIX_PATH=/home/bfg2h/bumperbot_ws/install/bumperbot_msgs:/home/bfg2h/bumperbot_ws/install/bumperbot_utils:/home/bfg2h/bumperbot_ws/install/bumperbot_cpp_examples:/home/bfg2h/bumperbot_ws/install/bumperbot_localization:/home/bfg2h/bumperbot_ws/install/bumperbot_description:/home/bfg2h/bumperbot_ws/install/bumperbot_controller:/home/bfg2h/manipulator_ws/install/arduinobot_moveit:/home/bfg2h/manipulator_ws/install/arduinobot_controllers:/home/bfg2h/manipulator_ws/install/arduinobot_description:/home/bfg2h/turtlebot3_ws/install/turtlebot3_simulations:/home/bfg2h/turtlebot3_ws/install/turtlebot3_gazebo:/home/bfg2h/turtlebot3_ws/install/turtlebot3_fake_node:/home/bfg2h/ros2_ws/install/my_cpp_pkg:/home/bfg2h/bumperbot_ws/install/bumperbot_py_examples:/home/bfg2h/ros2_ws/install/my_py_pkg:/home/bfg2h/udemy_ws/install/self_driving_car_pkg:/opt/ros/humble LD_LIBRARY_PATH=/home/bfg2h/bumperbot_ws/install/bumperbot_msgs/lib:/usr/lib/x86_64-linux-gnu/gazebo-11/plugins:/opt/ros/humble/opt/rviz_ogre_vendor/lib:/opt/ros/humble/lib/x86_64-linux-gnu:/opt/ros/humble/lib:/usr/share/gazebo/../../lib/x86_64-linux-gnu/gazebo-11/plugins _=/usr/bin/env /usr/bin/cmake --build /home/bfg2h/bumperbot_ws/build/bumperbot_cpp_examples -- -j16 -l16
