[35m[1mConsolidate compiler generated dependencies of target simple_publisher[0m
[35m[1mConsolidate compiler generated dependencies of target simple_turtlesim_kinematics[0m
[35m[1mConsolidate compiler generated dependencies of target simple_subscriber[0m
[35m[1mConsolidate compiler generated dependencies of target simple_parameter[0m
[35m[1mConsolidate compiler generated dependencies of target simple_tf_kinematics[0m
[35m[1mConsolidate compiler generated dependencies of target simple_service_server[0m
[35m[1mConsolidate compiler generated dependencies of target simple_service_client[0m
[ 92%] Built target simple_parameter
[ 92%] Built target simple_subscriber
[ 92%] [32mBuilding CXX object CMakeFiles/simple_tf_kinematics.dir/src/simple_tf_kinematics.cpp.o[0m
[ 92%] Built target simple_turtlesim_kinematics
[ 92%] Built target simple_service_client
[ 92%] Built target simple_service_server
[ 92%] Built target simple_publisher
[01m[K/home/bfg2h/bumperbot_ws/src/bumperbot_cpp_examples/src/simple_tf_kinematics.cpp:64:77:[m[K [01;31m[Kerror: [m[Kâ€˜[01m[KGetTransform[m[Kâ€™ is not a member of â€˜[01m[Kbumperbot_msgs[m[Kâ€™; did you mean â€˜[01m[Kbumperbot_msgs::srv::GetTransform[m[Kâ€™?
   64 | bool SimpleTfKinematics::getTransform(const std::shared_ptr<bumperbot_msgs::[01;31m[KGetTransform[m[K::Request> req,
      |                                                                             [01;31m[K^~~~~~~~~~~~[m[K
In file included from [01m[K/home/bfg2h/bumperbot_ws/install/bumperbot_msgs/include/bumperbot_msgs/bumperbot_msgs/srv/get_transform.hpp:7[m[K,
                 from [01m[K/home/bfg2h/bumperbot_ws/src/bumperbot_cpp_examples/include/bumperbot_cpp_examples/simple_tf_kinematics.hpp:10[m[K,
                 from [01m[K/home/bfg2h/bumperbot_ws/src/bumperbot_cpp_examples/src/simple_tf_kinematics.cpp:1[m[K:
[01m[K/home/bfg2h/bumperbot_ws/install/bumperbot_msgs/include/bumperbot_msgs/bumperbot_msgs/srv/detail/get_transform__struct.hpp:283:8:[m[K [01;36m[Knote: [m[Kâ€˜[01m[Kbumperbot_msgs::srv::GetTransform[m[Kâ€™ declared here
  283 | struct [01;36m[KGetTransform[m[K
      |        [01;36m[K^~~~~~~~~~~~[m[K
[01m[K/home/bfg2h/bumperbot_ws/src/bumperbot_cpp_examples/src/simple_tf_kinematics.cpp:64:98:[m[K [01;31m[Kerror: [m[Ktemplate argument 1 is invalid
   64 | bool SimpleTfKinematics::getTransform(const std::shared_ptr<bumperbot_msgs::GetTransform::Request[01;31m[K>[m[K req,
      |                                                                                                  [01;31m[K^[m[K
[01m[K/home/bfg2h/bumperbot_ws/src/bumperbot_cpp_examples/src/simple_tf_kinematics.cpp:64:77:[m[K [01;31m[Kerror: [m[Kâ€˜[01m[KGetTransform[m[Kâ€™ is not a member of â€˜[01m[Kbumperbot_msgs[m[Kâ€™; did you mean â€˜[01m[Kbumperbot_msgs::srv::GetTransform[m[Kâ€™?
   64 | bool SimpleTfKinematics::getTransform(const std::shared_ptr<bumperbot_msgs::[01;31m[KGetTransform[m[K::Request> req,
      |                                                                             [01;31m[K^~~~~~~~~~~~[m[K
In file included from [01m[K/home/bfg2h/bumperbot_ws/install/bumperbot_msgs/include/bumperbot_msgs/bumperbot_msgs/srv/get_transform.hpp:7[m[K,
                 from [01m[K/home/bfg2h/bumperbot_ws/src/bumperbot_cpp_examples/include/bumperbot_cpp_examples/simple_tf_kinematics.hpp:10[m[K,
                 from [01m[K/home/bfg2h/bumperbot_ws/src/bumperbot_cpp_examples/src/simple_tf_kinematics.cpp:1[m[K:
[01m[K/home/bfg2h/bumperbot_ws/install/bumperbot_msgs/include/bumperbot_msgs/bumperbot_msgs/srv/detail/get_transform__struct.hpp:283:8:[m[K [01;36m[Knote: [m[Kâ€˜[01m[Kbumperbot_msgs::srv::GetTransform[m[Kâ€™ declared here
  283 | struct [01;36m[KGetTransform[m[K
      |        [01;36m[K^~~~~~~~~~~~[m[K
[01m[K/home/bfg2h/bumperbot_ws/src/bumperbot_cpp_examples/src/simple_tf_kinematics.cpp:64:98:[m[K [01;31m[Kerror: [m[Ktemplate argument 1 is invalid
   64 | bool SimpleTfKinematics::getTransform(const std::shared_ptr<bumperbot_msgs::GetTransform::Request[01;31m[K>[m[K req,
      |                                                                                                  [01;31m[K^[m[K
[01m[K/home/bfg2h/bumperbot_ws/src/bumperbot_cpp_examples/src/simple_tf_kinematics.cpp:64:77:[m[K [01;31m[Kerror: [m[Kâ€˜[01m[KGetTransform[m[Kâ€™ is not a member of â€˜[01m[Kbumperbot_msgs[m[Kâ€™; did you mean â€˜[01m[Kbumperbot_msgs::srv::GetTransform[m[Kâ€™?
   64 | bool SimpleTfKinematics::getTransform(const std::shared_ptr<bumperbot_msgs::[01;31m[KGetTransform[m[K::Request> req,
      |                                                                             [01;31m[K^~~~~~~~~~~~[m[K
In file included from [01m[K/home/bfg2h/bumperbot_ws/install/bumperbot_msgs/include/bumperbot_msgs/bumperbot_msgs/srv/get_transform.hpp:7[m[K,
                 from [01m[K/home/bfg2h/bumperbot_ws/src/bumperbot_cpp_examples/include/bumperbot_cpp_examples/simple_tf_kinematics.hpp:10[m[K,
                 from [01m[K/home/bfg2h/bumperbot_ws/src/bumperbot_cpp_examples/src/simple_tf_kinematics.cpp:1[m[K:
[01m[K/home/bfg2h/bumperbot_ws/install/bumperbot_msgs/include/bumperbot_msgs/bumperbot_msgs/srv/detail/get_transform__struct.hpp:283:8:[m[K [01;36m[Knote: [m[Kâ€˜[01m[Kbumperbot_msgs::srv::GetTransform[m[Kâ€™ declared here
  283 | struct [01;36m[KGetTransform[m[K
      |        [01;36m[K^~~~~~~~~~~~[m[K
[01m[K/home/bfg2h/bumperbot_ws/src/bumperbot_cpp_examples/src/simple_tf_kinematics.cpp:64:98:[m[K [01;31m[Kerror: [m[Ktemplate argument 1 is invalid
   64 | bool SimpleTfKinematics::getTransform(const std::shared_ptr<bumperbot_msgs::GetTransform::Request[01;31m[K>[m[K req,
      |                                                                                                  [01;31m[K^[m[K
[01m[K/home/bfg2h/bumperbot_ws/src/bumperbot_cpp_examples/src/simple_tf_kinematics.cpp:64:45:[m[K [01;31m[Kerror: [m[Kinvalid template-id
   64 | bool SimpleTfKinematics::getTransform(const [01;31m[Kstd[m[K::shared_ptr<bumperbot_msgs::GetTransform::Request> req,
      |                                             [01;31m[K^~~[m[K
[01m[K/home/bfg2h/bumperbot_ws/src/bumperbot_cpp_examples/src/simple_tf_kinematics.cpp:64:77:[m[K [01;31m[Kerror: [m[Kâ€˜[01m[KGetTransform[m[Kâ€™ is not a member of â€˜[01m[Kbumperbot_msgs[m[Kâ€™; did you mean â€˜[01m[Kbumperbot_msgs::srv::GetTransform[m[Kâ€™?
   64 | bool SimpleTfKinematics::getTransform(const std::shared_ptr<bumperbot_msgs::[01;31m[KGetTransform[m[K::Request> req,
      |                                                                             [01;31m[K^~~~~~~~~~~~[m[K
In file included from [01m[K/home/bfg2h/bumperbot_ws/install/bumperbot_msgs/include/bumperbot_msgs/bumperbot_msgs/srv/get_transform.hpp:7[m[K,
                 from [01m[K/home/bfg2h/bumperbot_ws/src/bumperbot_cpp_examples/include/bumperbot_cpp_examples/simple_tf_kinematics.hpp:10[m[K,
                 from [01m[K/home/bfg2h/bumperbot_ws/src/bumperbot_cpp_examples/src/simple_tf_kinematics.cpp:1[m[K:
[01m[K/home/bfg2h/bumperbot_ws/install/bumperbot_msgs/include/bumperbot_msgs/bumperbot_msgs/srv/detail/get_transform__struct.hpp:283:8:[m[K [01;36m[Knote: [m[Kâ€˜[01m[Kbumperbot_msgs::srv::GetTransform[m[Kâ€™ declared here
  283 | struct [01;36m[KGetTransform[m[K
      |        [01;36m[K^~~~~~~~~~~~[m[K
[01m[K/home/bfg2h/bumperbot_ws/src/bumperbot_cpp_examples/src/simple_tf_kinematics.cpp:64:6:[m[K [01;31m[Kerror: [m[Kâ€˜[01m[Kbool SimpleTfKinematics::getTransform[m[Kâ€™ is not a static data member of â€˜[01m[Kclass SimpleTfKinematics[m[Kâ€™
   64 | bool [01;31m[KSimpleTfKinematics[m[K::getTransform(const std::shared_ptr<bumperbot_msgs::GetTransform::Request> req,
      |      [01;31m[K^~~~~~~~~~~~~~~~~~[m[K
[01m[K/home/bfg2h/bumperbot_ws/src/bumperbot_cpp_examples/src/simple_tf_kinematics.cpp:64:39:[m[K [01;31m[Kerror: [m[Kexpected primary-expression before â€˜[01m[Kconst[m[Kâ€™
   64 | bool SimpleTfKinematics::getTransform([01;31m[Kconst[m[K std::shared_ptr<bumperbot_msgs::GetTransform::Request> req,
      |                                       [01;31m[K^~~~~[m[K
[01m[K/home/bfg2h/bumperbot_ws/src/bumperbot_cpp_examples/src/simple_tf_kinematics.cpp:65:23:[m[K [01;31m[Kerror: [m[Kexpected primary-expression before â€˜[01m[Kconst[m[Kâ€™
   65 |                       [01;31m[Kconst[m[K std::shared_ptr<bumperbot_msgs::GetTransform::Response> res)
      |                       [01;31m[K^~~~~[m[K
[01m[K/home/bfg2h/bumperbot_ws/src/bumperbot_cpp_examples/src/simple_tf_kinematics.cpp:65:88:[m[K [01;31m[Kerror: [m[Kexpression list treated as compound expression in initializer [[01;31m[K]8;;https://gcc.gnu.org/onlinedocs/gcc/Warning-Options.html#index-fpermissive-fpermissive]8;;[m[K]
   65 |                       const std::shared_ptr<bumperbot_msgs::GetTransform::Response> res[01;31m[K)[m[K
      |                                                                                        [01;31m[K^[m[K
gmake[2]: *** [CMakeFiles/simple_tf_kinematics.dir/build.make:76: CMakeFiles/simple_tf_kinematics.dir/src/simple_tf_kinematics.cpp.o] Error 1
gmake[1]: *** [CMakeFiles/Makefile2:253: CMakeFiles/simple_tf_kinematics.dir/all] Error 2
gmake: *** [Makefile:146: all] Error 2
