[0.012s] Invoking command in '/home/bfg2h/bumperbot_ws/build/bumperbot_cpp_examples': CMAKE_PREFIX_PATH=/home/bfg2h/bumperbot_ws/install/bumperbot_msgs:/home/bfg2h/turtlebot3_ws/install/turtlebot3_simulations:/home/bfg2h/turtlebot3_ws/install/turtlebot3_gazebo:/home/bfg2h/turtlebot3_ws/install/turtlebot3_fake_node:/home/bfg2h/ros2_ws/install/my_cpp_pkg:/home/bfg2h/arduinobot_ws/install/arduinobot_description:/home/bfg2h/arduinobot_ws/install/arduinobot_cpp_examples:/home/bfg2h/arduinobot_ws/install/arduinobot_controller:/home/bfg2h/ros2_ws/install/my_py_pkg:/home/bfg2h/udemy_ws/install/self_driving_car_pkg:/opt/ros/humble LD_LIBRARY_PATH=/home/bfg2h/bumperbot_ws/install/bumperbot_msgs/lib:/usr/lib/x86_64-linux-gnu/gazebo-11/plugins:/opt/ros/humble/opt/rviz_ogre_vendor/lib:/opt/ros/humble/lib/x86_64-linux-gnu:/opt/ros/humble/lib:/usr/share/gazebo/../../lib/x86_64-linux-gnu/gazebo-11/plugins _=/usr/bin/env /usr/bin/cmake --build /home/bfg2h/bumperbot_ws/build/bumperbot_cpp_examples -- -j16 -l16
[0.041s] [35m[1mConsolidate compiler generated dependencies of target simple_publisher[0m
[0.041s] [35m[1mConsolidate compiler generated dependencies of target simple_turtlesim_kinematics[0m
[0.041s] [35m[1mConsolidate compiler generated dependencies of target simple_subscriber[0m
[0.042s] [35m[1mConsolidate compiler generated dependencies of target simple_parameter[0m
[0.042s] [35m[1mConsolidate compiler generated dependencies of target simple_tf_kinematics[0m
[0.042s] [35m[1mConsolidate compiler generated dependencies of target simple_service_server[0m
[0.042s] [35m[1mConsolidate compiler generated dependencies of target simple_service_client[0m
[0.055s] [ 92%] Built target simple_parameter
[0.055s] [ 92%] Built target simple_subscriber
[0.055s] [ 92%] [32mBuilding CXX object CMakeFiles/simple_tf_kinematics.dir/src/simple_tf_kinematics.cpp.o[0m
[0.055s] [ 92%] Built target simple_turtlesim_kinematics
[0.055s] [ 92%] Built target simple_service_client
[0.055s] [ 92%] Built target simple_service_server
[0.056s] [ 92%] Built target simple_publisher
[2.244s] [01m[K/home/bfg2h/bumperbot_ws/src/bumperbot_cpp_examples/src/simple_tf_kinematics.cpp:64:77:[m[K [01;31m[Kerror: [m[Kâ€˜[01m[KGetTransform[m[Kâ€™ is not a member of â€˜[01m[Kbumperbot_msgs[m[Kâ€™; did you mean â€˜[01m[Kbumperbot_msgs::srv::GetTransform[m[Kâ€™?
[2.244s]    64 | bool SimpleTfKinematics::getTransform(const std::shared_ptr<bumperbot_msgs::[01;31m[KGetTransform[m[K::Request> req,
[2.244s]       |                                                                             [01;31m[K^~~~~~~~~~~~[m[K
[2.244s] In file included from [01m[K/home/bfg2h/bumperbot_ws/install/bumperbot_msgs/include/bumperbot_msgs/bumperbot_msgs/srv/get_transform.hpp:7[m[K,
[2.244s]                  from [01m[K/home/bfg2h/bumperbot_ws/src/bumperbot_cpp_examples/include/bumperbot_cpp_examples/simple_tf_kinematics.hpp:10[m[K,
[2.244s]                  from [01m[K/home/bfg2h/bumperbot_ws/src/bumperbot_cpp_examples/src/simple_tf_kinematics.cpp:1[m[K:
[2.244s] [01m[K/home/bfg2h/bumperbot_ws/install/bumperbot_msgs/include/bumperbot_msgs/bumperbot_msgs/srv/detail/get_transform__struct.hpp:283:8:[m[K [01;36m[Knote: [m[Kâ€˜[01m[Kbumperbot_msgs::srv::GetTransform[m[Kâ€™ declared here
[2.244s]   283 | struct [01;36m[KGetTransform[m[K
[2.244s]       |        [01;36m[K^~~~~~~~~~~~[m[K
[2.244s] [01m[K/home/bfg2h/bumperbot_ws/src/bumperbot_cpp_examples/src/simple_tf_kinematics.cpp:64:98:[m[K [01;31m[Kerror: [m[Ktemplate argument 1 is invalid
[2.244s]    64 | bool SimpleTfKinematics::getTransform(const std::shared_ptr<bumperbot_msgs::GetTransform::Request[01;31m[K>[m[K req,
[2.245s]       |                                                                                                  [01;31m[K^[m[K
[2.245s] [01m[K/home/bfg2h/bumperbot_ws/src/bumperbot_cpp_examples/src/simple_tf_kinematics.cpp:64:77:[m[K [01;31m[Kerror: [m[Kâ€˜[01m[KGetTransform[m[Kâ€™ is not a member of â€˜[01m[Kbumperbot_msgs[m[Kâ€™; did you mean â€˜[01m[Kbumperbot_msgs::srv::GetTransform[m[Kâ€™?
[2.245s]    64 | bool SimpleTfKinematics::getTransform(const std::shared_ptr<bumperbot_msgs::[01;31m[KGetTransform[m[K::Request> req,
[2.245s]       |                                                                             [01;31m[K^~~~~~~~~~~~[m[K
[2.245s] In file included from [01m[K/home/bfg2h/bumperbot_ws/install/bumperbot_msgs/include/bumperbot_msgs/bumperbot_msgs/srv/get_transform.hpp:7[m[K,
[2.245s]                  from [01m[K/home/bfg2h/bumperbot_ws/src/bumperbot_cpp_examples/include/bumperbot_cpp_examples/simple_tf_kinematics.hpp:10[m[K,
[2.245s]                  from [01m[K/home/bfg2h/bumperbot_ws/src/bumperbot_cpp_examples/src/simple_tf_kinematics.cpp:1[m[K:
[2.245s] [01m[K/home/bfg2h/bumperbot_ws/install/bumperbot_msgs/include/bumperbot_msgs/bumperbot_msgs/srv/detail/get_transform__struct.hpp:283:8:[m[K [01;36m[Knote: [m[Kâ€˜[01m[Kbumperbot_msgs::srv::GetTransform[m[Kâ€™ declared here
[2.245s]   283 | struct [01;36m[KGetTransform[m[K
[2.245s]       |        [01;36m[K^~~~~~~~~~~~[m[K
[2.245s] [01m[K/home/bfg2h/bumperbot_ws/src/bumperbot_cpp_examples/src/simple_tf_kinematics.cpp:64:98:[m[K [01;31m[Kerror: [m[Ktemplate argument 1 is invalid
[2.245s]    64 | bool SimpleTfKinematics::getTransform(const std::shared_ptr<bumperbot_msgs::GetTransform::Request[01;31m[K>[m[K req,
[2.245s]       |                                                                                                  [01;31m[K^[m[K
[2.245s] [01m[K/home/bfg2h/bumperbot_ws/src/bumperbot_cpp_examples/src/simple_tf_kinematics.cpp:64:77:[m[K [01;31m[Kerror: [m[Kâ€˜[01m[KGetTransform[m[Kâ€™ is not a member of â€˜[01m[Kbumperbot_msgs[m[Kâ€™; did you mean â€˜[01m[Kbumperbot_msgs::srv::GetTransform[m[Kâ€™?
[2.245s]    64 | bool SimpleTfKinematics::getTransform(const std::shared_ptr<bumperbot_msgs::[01;31m[KGetTransform[m[K::Request> req,
[2.245s]       |                                                                             [01;31m[K^~~~~~~~~~~~[m[K
[2.245s] In file included from [01m[K/home/bfg2h/bumperbot_ws/install/bumperbot_msgs/include/bumperbot_msgs/bumperbot_msgs/srv/get_transform.hpp:7[m[K,
[2.245s]                  from [01m[K/home/bfg2h/bumperbot_ws/src/bumperbot_cpp_examples/include/bumperbot_cpp_examples/simple_tf_kinematics.hpp:10[m[K,
[2.245s]                  from [01m[K/home/bfg2h/bumperbot_ws/src/bumperbot_cpp_examples/src/simple_tf_kinematics.cpp:1[m[K:
[2.246s] [01m[K/home/bfg2h/bumperbot_ws/install/bumperbot_msgs/include/bumperbot_msgs/bumperbot_msgs/srv/detail/get_transform__struct.hpp:283:8:[m[K [01;36m[Knote: [m[Kâ€˜[01m[Kbumperbot_msgs::srv::GetTransform[m[Kâ€™ declared here
[2.246s]   283 | struct [01;36m[KGetTransform[m[K
[2.246s]       |        [01;36m[K^~~~~~~~~~~~[m[K
[2.246s] [01m[K/home/bfg2h/bumperbot_ws/src/bumperbot_cpp_examples/src/simple_tf_kinematics.cpp:64:98:[m[K [01;31m[Kerror: [m[Ktemplate argument 1 is invalid
[2.246s]    64 | bool SimpleTfKinematics::getTransform(const std::shared_ptr<bumperbot_msgs::GetTransform::Request[01;31m[K>[m[K req,
[2.246s]       |                                                                                                  [01;31m[K^[m[K
[2.246s] [01m[K/home/bfg2h/bumperbot_ws/src/bumperbot_cpp_examples/src/simple_tf_kinematics.cpp:64:45:[m[K [01;31m[Kerror: [m[Kinvalid template-id
[2.246s]    64 | bool SimpleTfKinematics::getTransform(const [01;31m[Kstd[m[K::shared_ptr<bumperbot_msgs::GetTransform::Request> req,
[2.246s]       |                                             [01;31m[K^~~[m[K
[2.246s] [01m[K/home/bfg2h/bumperbot_ws/src/bumperbot_cpp_examples/src/simple_tf_kinematics.cpp:64:77:[m[K [01;31m[Kerror: [m[Kâ€˜[01m[KGetTransform[m[Kâ€™ is not a member of â€˜[01m[Kbumperbot_msgs[m[Kâ€™; did you mean â€˜[01m[Kbumperbot_msgs::srv::GetTransform[m[Kâ€™?
[2.246s]    64 | bool SimpleTfKinematics::getTransform(const std::shared_ptr<bumperbot_msgs::[01;31m[KGetTransform[m[K::Request> req,
[2.246s]       |                                                                             [01;31m[K^~~~~~~~~~~~[m[K
[2.246s] In file included from [01m[K/home/bfg2h/bumperbot_ws/install/bumperbot_msgs/include/bumperbot_msgs/bumperbot_msgs/srv/get_transform.hpp:7[m[K,
[2.246s]                  from [01m[K/home/bfg2h/bumperbot_ws/src/bumperbot_cpp_examples/include/bumperbot_cpp_examples/simple_tf_kinematics.hpp:10[m[K,
[2.246s]                  from [01m[K/home/bfg2h/bumperbot_ws/src/bumperbot_cpp_examples/src/simple_tf_kinematics.cpp:1[m[K:
[2.246s] [01m[K/home/bfg2h/bumperbot_ws/install/bumperbot_msgs/include/bumperbot_msgs/bumperbot_msgs/srv/detail/get_transform__struct.hpp:283:8:[m[K [01;36m[Knote: [m[Kâ€˜[01m[Kbumperbot_msgs::srv::GetTransform[m[Kâ€™ declared here
[2.246s]   283 | struct [01;36m[KGetTransform[m[K
[2.246s]       |        [01;36m[K^~~~~~~~~~~~[m[K
[2.247s] [01m[K/home/bfg2h/bumperbot_ws/src/bumperbot_cpp_examples/src/simple_tf_kinematics.cpp:64:6:[m[K [01;31m[Kerror: [m[Kâ€˜[01m[Kbool SimpleTfKinematics::getTransform[m[Kâ€™ is not a static data member of â€˜[01m[Kclass SimpleTfKinematics[m[Kâ€™
[2.247s]    64 | bool [01;31m[KSimpleTfKinematics[m[K::getTransform(const std::shared_ptr<bumperbot_msgs::GetTransform::Request> req,
[2.247s]       |      [01;31m[K^~~~~~~~~~~~~~~~~~[m[K
[2.247s] [01m[K/home/bfg2h/bumperbot_ws/src/bumperbot_cpp_examples/src/simple_tf_kinematics.cpp:64:39:[m[K [01;31m[Kerror: [m[Kexpected primary-expression before â€˜[01m[Kconst[m[Kâ€™
[2.247s]    64 | bool SimpleTfKinematics::getTransform([01;31m[Kconst[m[K std::shared_ptr<bumperbot_msgs::GetTransform::Request> req,
[2.247s]       |                                       [01;31m[K^~~~~[m[K
[2.247s] [01m[K/home/bfg2h/bumperbot_ws/src/bumperbot_cpp_examples/src/simple_tf_kinematics.cpp:65:23:[m[K [01;31m[Kerror: [m[Kexpected primary-expression before â€˜[01m[Kconst[m[Kâ€™
[2.247s]    65 |                       [01;31m[Kconst[m[K std::shared_ptr<bumperbot_msgs::GetTransform::Response> res)
[2.247s]       |                       [01;31m[K^~~~~[m[K
[2.247s] [01m[K/home/bfg2h/bumperbot_ws/src/bumperbot_cpp_examples/src/simple_tf_kinematics.cpp:65:88:[m[K [01;31m[Kerror: [m[Kexpression list treated as compound expression in initializer [[01;31m[K]8;;https://gcc.gnu.org/onlinedocs/gcc/Warning-Options.html#index-fpermissive-fpermissive]8;;[m[K]
[2.247s]    65 |                       const std::shared_ptr<bumperbot_msgs::GetTransform::Response> res[01;31m[K)[m[K
[2.247s]       |                                                                                        [01;31m[K^[m[K
[3.154s] gmake[2]: *** [CMakeFiles/simple_tf_kinematics.dir/build.make:76: CMakeFiles/simple_tf_kinematics.dir/src/simple_tf_kinematics.cpp.o] Error 1
[3.154s] gmake[1]: *** [CMakeFiles/Makefile2:253: CMakeFiles/simple_tf_kinematics.dir/all] Error 2
[3.154s] gmake: *** [Makefile:146: all] Error 2
[3.156s] Invoked command in '/home/bfg2h/bumperbot_ws/build/bumperbot_cpp_examples' returned '2': CMAKE_PREFIX_PATH=/home/bfg2h/bumperbot_ws/install/bumperbot_msgs:/home/bfg2h/turtlebot3_ws/install/turtlebot3_simulations:/home/bfg2h/turtlebot3_ws/install/turtlebot3_gazebo:/home/bfg2h/turtlebot3_ws/install/turtlebot3_fake_node:/home/bfg2h/ros2_ws/install/my_cpp_pkg:/home/bfg2h/arduinobot_ws/install/arduinobot_description:/home/bfg2h/arduinobot_ws/install/arduinobot_cpp_examples:/home/bfg2h/arduinobot_ws/install/arduinobot_controller:/home/bfg2h/ros2_ws/install/my_py_pkg:/home/bfg2h/udemy_ws/install/self_driving_car_pkg:/opt/ros/humble LD_LIBRARY_PATH=/home/bfg2h/bumperbot_ws/install/bumperbot_msgs/lib:/usr/lib/x86_64-linux-gnu/gazebo-11/plugins:/opt/ros/humble/opt/rviz_ogre_vendor/lib:/opt/ros/humble/lib/x86_64-linux-gnu:/opt/ros/humble/lib:/usr/share/gazebo/../../lib/x86_64-linux-gnu/gazebo-11/plugins _=/usr/bin/env /usr/bin/cmake --build /home/bfg2h/bumperbot_ws/build/bumperbot_cpp_examples -- -j16 -l16
