[0.015s] Invoking command in '/home/bfg2h/bumperbot_ws/build/bumperbot_cpp_examples': CMAKE_PREFIX_PATH=/home/bfg2h/bumperbot_ws/install/bumperbot_msgs:/home/bfg2h/bumperbot_ws/install/bumperbot_utils:/home/bfg2h/bumperbot_ws/install/bumperbot_cpp_examples:/home/bfg2h/bumperbot_ws/install/bumperbot_localization:/home/bfg2h/bumperbot_ws/install/bumperbot_description:/home/bfg2h/bumperbot_ws/install/bumperbot_controller:/home/bfg2h/manipulator_ws/install/arduinobot_moveit:/home/bfg2h/manipulator_ws/install/arduinobot_controllers:/home/bfg2h/manipulator_ws/install/arduinobot_description:/home/bfg2h/turtlebot3_ws/install/turtlebot3_simulations:/home/bfg2h/turtlebot3_ws/install/turtlebot3_gazebo:/home/bfg2h/turtlebot3_ws/install/turtlebot3_fake_node:/home/bfg2h/ros2_ws/install/my_cpp_pkg:/home/bfg2h/bumperbot_ws/install/bumperbot_py_examples:/home/bfg2h/ros2_ws/install/my_py_pkg:/home/bfg2h/udemy_ws/install/self_driving_car_pkg:/opt/ros/humble LD_LIBRARY_PATH=/home/bfg2h/bumperbot_ws/install/bumperbot_msgs/lib:/usr/lib/x86_64-linux-gnu/gazebo-11/plugins:/opt/ros/humble/opt/rviz_ogre_vendor/lib:/opt/ros/humble/lib/x86_64-linux-gnu:/opt/ros/humble/lib:/usr/share/gazebo/../../lib/x86_64-linux-gnu/gazebo-11/plugins _=/usr/bin/env /usr/bin/cmake --build /home/bfg2h/bumperbot_ws/build/bumperbot_cpp_examples -- -j16 -l16
[0.052s] [35m[1mConsolidate compiler generated dependencies of target simple_action_server[0m
[0.061s] [ 22%] Built target simple_publisher
[0.061s] [ 22%] Built target simple_subscriber
[0.062s] [ 33%] Built target simple_parameter
[0.062s] [ 44%] Built target simple_tf_kinematics
[0.067s] [ 55%] Built target simple_turtlesim_kinematics
[0.067s] [ 72%] Built target simple_service_server
[0.067s] [ 77%] Built target simple_action_server_node
[0.068s] [ 88%] Built target simple_service_client
[0.073s] [ 94%] [32mBuilding CXX object CMakeFiles/simple_action_server.dir/src/simple_action_server.cpp.o[0m
[2.214s] [01m[K/home/bfg2h/bumperbot_ws/src/bumperbot_cpp_examples/src/simple_action_server.cpp:[m[K In member function â€˜[01m[Krclcpp_action::GoalResponse bumperbot_cpp_example::SimpleActionServer::goalCallback(const GoalUUID&, std::shared_ptr<const bumperbot_msgs::action::Fibonacci_Goal_<std::allocator<void> > >)[m[Kâ€™:
[2.214s] [01m[K/home/bfg2h/bumperbot_ws/src/bumperbot_cpp_examples/src/simple_action_server.cpp:32:40:[m[K [01;35m[Kwarning: [m[Kunused parameter â€˜[01m[Kuuid[m[Kâ€™ [[01;35m[K]8;;https://gcc.gnu.org/onlinedocs/gcc/Warning-Options.html#index-Wunused-parameter-Wunused-parameter]8;;[m[K]
[2.214s]    32 |         [01;35m[Kconst rclcpp_action::GoalUUID &uuid[m[K,
[2.214s]       |         [01;35m[K~~~~~~~~~~~~~~~~~~~~~~~~~~~~~~~^~~~[m[K
[2.220s] [01m[K/home/bfg2h/bumperbot_ws/src/bumperbot_cpp_examples/src/simple_action_server.cpp:[m[K In member function â€˜[01m[Kvoid bumperbot_cpp_example::SimpleActionServer::execute(std::shared_ptr<rclcpp_action::ServerGoalHandle<bumperbot_msgs::action::Fibonacci> >)[m[Kâ€™:
[2.220s] [01m[K/home/bfg2h/bumperbot_ws/src/bumperbot_cpp_examples/src/simple_action_server.cpp:63:25:[m[K [01;31m[Kerror: [m[Kâ€˜[01m[Kusing element_type = struct bumperbot_msgs::action::Fibonacci_Result_<std::allocator<void> >[m[Kâ€™ {aka â€˜[01m[Kstruct bumperbot_msgs::action::Fibonacci_Result_<std::allocator<void> >[m[Kâ€™} has no member named â€˜[01m[Ksequence[m[Kâ€™; did you mean â€˜[01m[Ksequnece[m[Kâ€™?
[2.220s]    63 |                 result->[01;31m[Ksequence[m[K = sequence;
[2.220s]       |                         [01;31m[K^~~~~~~~[m[K
[2.220s]       |                         [32m[Ksequnece[m[K
[2.223s] [01m[K/home/bfg2h/bumperbot_ws/src/bumperbot_cpp_examples/src/simple_action_server.cpp:77:21:[m[K [01;31m[Kerror: [m[Kâ€˜[01m[Kusing element_type = struct bumperbot_msgs::action::Fibonacci_Result_<std::allocator<void> >[m[Kâ€™ {aka â€˜[01m[Kstruct bumperbot_msgs::action::Fibonacci_Result_<std::allocator<void> >[m[Kâ€™} has no member named â€˜[01m[Ksequence[m[Kâ€™; did you mean â€˜[01m[Ksequnece[m[Kâ€™?
[2.223s]    77 |             result->[01;31m[Ksequence[m[K = sequence;
[2.223s]       |                     [01;31m[K^~~~~~~~[m[K
[2.223s]       |                     [32m[Ksequnece[m[K
[2.224s] [01m[K/home/bfg2h/bumperbot_ws/src/bumperbot_cpp_examples/src/simple_action_server.cpp:[m[K In member function â€˜[01m[Krclcpp_action::CancelResponse bumperbot_cpp_example::SimpleActionServer::cancelCallback(std::shared_ptr<rclcpp_action::ServerGoalHandle<bumperbot_msgs::action::Fibonacci> >)[m[Kâ€™:
[2.224s] [01m[K/home/bfg2h/bumperbot_ws/src/bumperbot_cpp_examples/src/simple_action_server.cpp:84:99:[m[K [01;35m[Kwarning: [m[Kunused parameter â€˜[01m[Kgoalhandle[m[Kâ€™ [[01;35m[K]8;;https://gcc.gnu.org/onlinedocs/gcc/Warning-Options.html#index-Wunused-parameter-Wunused-parameter]8;;[m[K]
[2.224s]    84 |         [01;35m[Kconst std::shared_ptr<rclcpp_action::ServerGoalHandle<bumperbot_msgs::action::Fibonacci>> goalhandle[m[K)
[2.224s]       |         [01;35m[K~~~~~~~~~~~~~~~~~~~~~~~~~~~~~~~~~~~~~~~~~~~~~~~~~~~~~~~~~~~~~~~~~~~~~~~~~~~~~~~~~~~~~~~~~~^~~~~~~~~~[m[K
[2.878s] gmake[2]: *** [CMakeFiles/simple_action_server.dir/build.make:76: CMakeFiles/simple_action_server.dir/src/simple_action_server.cpp.o] Error 1
[2.878s] gmake[1]: *** [CMakeFiles/Makefile2:335: CMakeFiles/simple_action_server.dir/all] Error 2
[2.879s] gmake: *** [Makefile:146: all] Error 2
[2.880s] Invoked command in '/home/bfg2h/bumperbot_ws/build/bumperbot_cpp_examples' returned '2': CMAKE_PREFIX_PATH=/home/bfg2h/bumperbot_ws/install/bumperbot_msgs:/home/bfg2h/bumperbot_ws/install/bumperbot_utils:/home/bfg2h/bumperbot_ws/install/bumperbot_cpp_examples:/home/bfg2h/bumperbot_ws/install/bumperbot_localization:/home/bfg2h/bumperbot_ws/install/bumperbot_description:/home/bfg2h/bumperbot_ws/install/bumperbot_controller:/home/bfg2h/manipulator_ws/install/arduinobot_moveit:/home/bfg2h/manipulator_ws/install/arduinobot_controllers:/home/bfg2h/manipulator_ws/install/arduinobot_description:/home/bfg2h/turtlebot3_ws/install/turtlebot3_simulations:/home/bfg2h/turtlebot3_ws/install/turtlebot3_gazebo:/home/bfg2h/turtlebot3_ws/install/turtlebot3_fake_node:/home/bfg2h/ros2_ws/install/my_cpp_pkg:/home/bfg2h/bumperbot_ws/install/bumperbot_py_examples:/home/bfg2h/ros2_ws/install/my_py_pkg:/home/bfg2h/udemy_ws/install/self_driving_car_pkg:/opt/ros/humble LD_LIBRARY_PATH=/home/bfg2h/bumperbot_ws/install/bumperbot_msgs/lib:/usr/lib/x86_64-linux-gnu/gazebo-11/plugins:/opt/ros/humble/opt/rviz_ogre_vendor/lib:/opt/ros/humble/lib/x86_64-linux-gnu:/opt/ros/humble/lib:/usr/share/gazebo/../../lib/x86_64-linux-gnu/gazebo-11/plugins _=/usr/bin/env /usr/bin/cmake --build /home/bfg2h/bumperbot_ws/build/bumperbot_cpp_examples -- -j16 -l16
