[0.014s] Invoking command in '/home/bfg2h/bumperbot_ws/build/bumperbot_controller': CMAKE_PREFIX_PATH=${CMAKE_PREFIX_PATH}:/home/bfg2h/bumperbot_ws/install/bumperbot_py_examples:/home/bfg2h/ros2_ws/install/my_py_pkg:/home/bfg2h/udemy_ws/install/self_driving_car_pkg:/opt/ros/humble _=/usr/bin/env /usr/bin/cmake --build /home/bfg2h/bumperbot_ws/build/bumperbot_controller -- -j16 -l16
[0.041s] [35m[1mConsolidate compiler generated dependencies of target simple_controller[0m
[0.053s] [  0%] Built target ament_cmake_python_copy_bumperbot_controller
[0.056s] [ 50%] [32mBuilding CXX object CMakeFiles/simple_controller.dir/src/simple_controller.cpp.o[0m
[0.351s] running egg_info
[0.351s] writing bumperbot_controller.egg-info/PKG-INFO
[0.351s] writing dependency_links to bumperbot_controller.egg-info/dependency_links.txt
[0.352s] writing top-level names to bumperbot_controller.egg-info/top_level.txt
[0.353s] reading manifest file 'bumperbot_controller.egg-info/SOURCES.txt'
[0.354s] writing manifest file 'bumperbot_controller.egg-info/SOURCES.txt'
[0.377s] [ 50%] Built target ament_cmake_python_build_bumperbot_controller_egg
[2.655s] [01m[K/home/bfg2h/bumperbot_ws/src/bumperbot_controller/src/simple_controller.cpp:[m[K In constructor â€˜[01m[KSimpleController::SimpleController(const string&)[m[Kâ€™:
[2.655s] [01m[K/home/bfg2h/bumperbot_ws/src/bumperbot_controller/src/simple_controller.cpp:38:5:[m[K [01;31m[Kerror: [m[Kâ€˜[01m[Kx_[m[Kâ€™ was not declared in this scope
[2.655s]    38 |     [01;31m[Kx_[m[K = 0.0;
[2.655s]       |     [01;31m[K^~[m[K
[2.659s] [01m[K/home/bfg2h/bumperbot_ws/src/bumperbot_controller/src/simple_controller.cpp:39:5:[m[K [01;31m[Kerror: [m[Kâ€˜[01m[Ky_[m[Kâ€™ was not declared in this scope; did you mean â€˜[01m[Kyn[m[Kâ€™?
[2.659s]    39 |     [01;31m[Ky_[m[K = 0.0;
[2.659s]       |     [01;31m[K^~[m[K
[2.659s]       |     [32m[Kyn[m[K
[2.664s] [01m[K/home/bfg2h/bumperbot_ws/src/bumperbot_controller/src/simple_controller.cpp:40:5:[m[K [01;31m[Kerror: [m[Kâ€˜[01m[Ktheta_[m[Kâ€™ was not declared in this scope
[2.664s]    40 |     [01;31m[Ktheta_[m[K = 0;
[2.664s]       |     [01;31m[K^~~~~~[m[K
[2.697s] [01m[K/home/bfg2h/bumperbot_ws/src/bumperbot_controller/src/simple_controller.cpp:[m[K In member function â€˜[01m[Kvoid SimpleController::jointCallback(const JointState&)[m[Kâ€™:
[2.697s] [01m[K/home/bfg2h/bumperbot_ws/src/bumperbot_controller/src/simple_controller.cpp:78:5:[m[K [01;31m[Kerror: [m[Kâ€˜[01m[Ktheta_[m[Kâ€™ was not declared in this scope
[2.697s]    78 |     [01;31m[Ktheta_[m[K += d_theta;
[2.697s]       |     [01;31m[K^~~~~~[m[K
[2.701s] [01m[K/home/bfg2h/bumperbot_ws/src/bumperbot_controller/src/simple_controller.cpp:79:5:[m[K [01;31m[Kerror: [m[Kâ€˜[01m[Kx_[m[Kâ€™ was not declared in this scope
[2.701s]    79 |     [01;31m[Kx_[m[K += d_s * std::cos(theta_);
[2.701s]       |     [01;31m[K^~[m[K
[2.705s] [01m[K/home/bfg2h/bumperbot_ws/src/bumperbot_controller/src/simple_controller.cpp:80:5:[m[K [01;31m[Kerror: [m[Kâ€˜[01m[Ky_[m[Kâ€™ was not declared in this scope; did you mean â€˜[01m[Kyn[m[Kâ€™?
[2.705s]    80 |     [01;31m[Ky_[m[K += d_s * std::sin(theta_);
[2.705s]       |     [01;31m[K^~[m[K
[2.705s]       |     [32m[Kyn[m[K
[5.693s] gmake[2]: *** [CMakeFiles/simple_controller.dir/build.make:76: CMakeFiles/simple_controller.dir/src/simple_controller.cpp.o] Error 1
[5.693s] gmake[1]: *** [CMakeFiles/Makefile2:140: CMakeFiles/simple_controller.dir/all] Error 2
[5.693s] gmake: *** [Makefile:146: all] Error 2
[5.695s] Invoked command in '/home/bfg2h/bumperbot_ws/build/bumperbot_controller' returned '2': CMAKE_PREFIX_PATH=${CMAKE_PREFIX_PATH}:/home/bfg2h/bumperbot_ws/install/bumperbot_py_examples:/home/bfg2h/ros2_ws/install/my_py_pkg:/home/bfg2h/udemy_ws/install/self_driving_car_pkg:/opt/ros/humble _=/usr/bin/env /usr/bin/cmake --build /home/bfg2h/bumperbot_ws/build/bumperbot_controller -- -j16 -l16
