[0.027s] Invoking command in '/home/bfg2h/bumperbot_ws/build/bumperbot_cpp_examples': CMAKE_PREFIX_PATH=/home/bfg2h/bumperbot_ws/install/bumperbot_py_examples:/home/bfg2h/ros2_ws/install/my_py_pkg:/home/bfg2h/udemy_ws/install/self_driving_car_pkg:/opt/ros/humble:${CMAKE_PREFIX_PATH} _=/usr/bin/env /usr/bin/cmake --build /home/bfg2h/bumperbot_ws/build/bumperbot_cpp_examples -- -j16 -l16
[0.069s] [ 12%] [32m[1mLinking CXX executable simple_turtlesim_kinematics[0m
[0.072s] [ 62%] Built target simple_publisher
[0.072s] [ 62%] Built target simple_subscriber
[0.073s] [ 87%] Built target simple_parameter
[0.128s] /usr/bin/ld: /usr/lib/gcc/x86_64-linux-gnu/11/../../../x86_64-linux-gnu/Scrt1.o: in function `_start':
[0.128s] (.text+0x1b): undefined reference to `main'
[0.130s] collect2: error: ld returned 1 exit status
[0.131s] gmake[2]: *** [CMakeFiles/simple_turtlesim_kinematics.dir/build.make:175: simple_turtlesim_kinematics] Error 1
[0.131s] gmake[1]: *** [CMakeFiles/Makefile2:221: CMakeFiles/simple_turtlesim_kinematics.dir/all] Error 2
[0.131s] gmake: *** [Makefile:146: all] Error 2
[0.353s] Invoked command in '/home/bfg2h/bumperbot_ws/build/bumperbot_cpp_examples' returned '2': CMAKE_PREFIX_PATH=/home/bfg2h/bumperbot_ws/install/bumperbot_py_examples:/home/bfg2h/ros2_ws/install/my_py_pkg:/home/bfg2h/udemy_ws/install/self_driving_car_pkg:/opt/ros/humble:${CMAKE_PREFIX_PATH} _=/usr/bin/env /usr/bin/cmake --build /home/bfg2h/bumperbot_ws/build/bumperbot_cpp_examples -- -j16 -l16
