In file included from [01m[K/opt/ros/humble/include/class_loader/class_loader/class_loader.hpp:56[m[K,
                 from [01m[K/opt/ros/humble/include/rclcpp_components/rclcpp_components/register_node_macro.hpp:18[m[K,
                 from [01m[K/home/bfg2h/bumperbot_ws/src/bumperbot_cpp_examples/src/simple_action_server.cpp:6[m[K:
[01m[K/home/bfg2h/bumperbot_ws/src/bumperbot_cpp_examples/src/simple_action_server.cpp:93:33:[m[K [01;31m[Kerror: [m[Kâ€˜[01m[Kbumperbot_cpp_examples[m[Kâ€™ was not declared in this scope; did you mean â€˜[01m[Kbumperbot_cpp_example[m[Kâ€™?
   93 | RCLCPP_COMPONENTS_REGISTER_NODE([01;31m[Kbumperbot_cpp_examples[m[K::SimpleActionServer)
      |                                 [01;31m[K^~~~~~~~~~~~~~~~~~~~~~[m[K
[01m[K/home/bfg2h/bumperbot_ws/src/bumperbot_cpp_examples/src/simple_action_server.cpp:93:1:[m[K [01;31m[Kerror: [m[Ktemplate argument 1 is invalid
   93 | [01;31m[KRCLCPP_COMPONENTS_REGISTER_NODE[m[K(bumperbot_cpp_examples::SimpleActionServer)
      | [01;31m[K^~~~~~~~~~~~~~~~~~~~~~~~~~~~~~~[m[K
In file included from [01m[K/opt/ros/humble/include/class_loader/class_loader/class_loader_core.hpp:57[m[K,
                 from [01m[K/opt/ros/humble/include/class_loader/class_loader/class_loader.hpp:55[m[K,
                 from [01m[K/opt/ros/humble/include/rclcpp_components/rclcpp_components/register_node_macro.hpp:18[m[K,
                 from [01m[K/home/bfg2h/bumperbot_ws/src/bumperbot_cpp_examples/src/simple_action_server.cpp:6[m[K:
/opt/ros/humble/include/class_loader/class_loader/meta_object.hpp: In instantiation of â€˜[01m[KB* class_loader::impl::MetaObject<C, B>::create() const [with C = int; B = rclcpp_components::NodeFactory][m[Kâ€™:
[01m[K/opt/ros/humble/include/class_loader/class_loader/meta_object.hpp:216:7:[m[K   required from here
[01m[K/opt/ros/humble/include/class_loader/class_loader/meta_object.hpp:218:12:[m[K [01;31m[Kerror: [m[Kcannot convert â€˜[01m[Kint*[m[Kâ€™ to â€˜[01m[Krclcpp_components::NodeFactory*[m[Kâ€™ in return
  218 |     return [01;31m[Knew C[m[K;
      |            [01;31m[K^~~~~[m[K
      |            [01;31m[K|[m[K
      |            [01;31m[Kint*[m[K
gmake[2]: *** [CMakeFiles/simple_action_server.dir/build.make:76: CMakeFiles/simple_action_server.dir/src/simple_action_server.cpp.o] Error 1
gmake[1]: *** [CMakeFiles/Makefile2:335: CMakeFiles/simple_action_server.dir/all] Error 2
gmake[1]: *** Waiting for unfinished jobs....
gmake: *** [Makefile:146: all] Error 2
