-- Found ament_cmake: 1.3.11 (/opt/ros/humble/share/ament_cmake/cmake)
-- Found rclcpp: 16.0.11 (/opt/ros/humble/share/rclcpp/cmake)
-- Found rosidl_generator_c: 3.1.6 (/opt/ros/humble/share/rosidl_generator_c/cmake)
-- Found rosidl_adapter: 3.1.6 (/opt/ros/humble/share/rosidl_adapter/cmake)
-- Found rosidl_generator_cpp: 3.1.6 (/opt/ros/humble/share/rosidl_generator_cpp/cmake)
-- Using all available rosidl_typesupport_c: rosidl_typesupport_fastrtps_c;rosidl_typesupport_introspection_c
-- Using all available rosidl_typesupport_cpp: rosidl_typesupport_fastrtps_cpp;rosidl_typesupport_introspection_cpp
-- Found rmw_implementation_cmake: 6.1.2 (/opt/ros/humble/share/rmw_implementation_cmake/cmake)
-- Found rmw_fastrtps_cpp: 6.2.7 (/opt/ros/humble/share/rmw_fastrtps_cpp/cmake)
-- Using RMW implementation 'rmw_fastrtps_cpp' as default
-- Found turtlesim: 1.4.2 (/opt/ros/humble/share/turtlesim/cmake)
-- Found tf2_ros: 0.25.11 (/opt/ros/humble/share/tf2_ros/cmake)
-- Found bumperbot_msgs: 0.0.0 (/home/bfg2h/bumperbot_ws/install/bumperbot_msgs/share/bumperbot_msgs/cmake)
-- Configuring done
-- Generating done
-- Build files have been written to: /home/bfg2h/bumperbot_ws/build/bumperbot_cpp_examples
[35m[1mConsolidate compiler generated dependencies of target simple_publisher[0m
[35m[1mConsolidate compiler generated dependencies of target simple_subscriber[0m
[35m[1mConsolidate compiler generated dependencies of target simple_service_client[0m
[35m[1mConsolidate compiler generated dependencies of target simple_turtlesim_kinematics[0m
[35m[1mConsolidate compiler generated dependencies of target simple_tf_kinematics[0m
[35m[1mConsolidate compiler generated dependencies of target simple_parameter[0m
[35m[1mConsolidate compiler generated dependencies of target simple_service_server[0m
[35m[1mConsolidate compiler generated dependencies of target simple_action_server_node[0m
[35m[1mConsolidate compiler generated dependencies of target simple_action_server[0m
[ 33%] Built target simple_turtlesim_kinematics
[ 33%] Built target simple_publisher
[ 33%] Built target simple_service_client
[ 44%] Built target simple_subscriber
[ 66%] Built target simple_parameter
[ 66%] Built target simple_service_server
[ 77%] Built target simple_tf_kinematics
[ 83%] [32mBuilding CXX object CMakeFiles/simple_action_server.dir/src/simple_action_server.cpp.o[0m
[ 88%] [32mBuilding CXX object CMakeFiles/simple_action_server_node.dir/rclcpp_components/node_main_simple_action_server_node.cpp.o[0m
In file included from [01m[K/opt/ros/humble/include/class_loader/class_loader/class_loader.hpp:56[m[K,
                 from [01m[K/opt/ros/humble/include/rclcpp_components/rclcpp_components/register_node_macro.hpp:18[m[K,
                 from [01m[K/home/bfg2h/bumperbot_ws/src/bumperbot_cpp_examples/src/simple_action_server.cpp:6[m[K:
[01m[K/home/bfg2h/bumperbot_ws/src/bumperbot_cpp_examples/src/simple_action_server.cpp:93:33:[m[K [01;31m[Kerror: [m[Kâ€˜[01m[Kbumperbot_cpp_examples[m[Kâ€™ was not declared in this scope; did you mean â€˜[01m[Kbumperbot_cpp_example[m[Kâ€™?
   93 | RCLCPP_COMPONENTS_REGISTER_NODE([01;31m[Kbumperbot_cpp_examples[m[K::SimpleActionServer)
      |                                 [01;31m[K^~~~~~~~~~~~~~~~~~~~~~[m[K
[01m[K/home/bfg2h/bumperbot_ws/src/bumperbot_cpp_examples/src/simple_action_server.cpp:93:1:[m[K [01;31m[Kerror: [m[Ktemplate argument 1 is invalid
   93 | [01;31m[KRCLCPP_COMPONENTS_REGISTER_NODE[m[K(bumperbot_cpp_examples::SimpleActionServer)
      | [01;31m[K^~~~~~~~~~~~~~~~~~~~~~~~~~~~~~~[m[K
In file included from [01m[K/opt/ros/humble/include/class_loader/class_loader/class_loader_core.hpp:57[m[K,
                 from [01m[K/opt/ros/humble/include/class_loader/class_loader/class_loader.hpp:55[m[K,
                 from [01m[K/opt/ros/humble/include/rclcpp_components/rclcpp_components/register_node_macro.hpp:18[m[K,
                 from [01m[K/home/bfg2h/bumperbot_ws/src/bumperbot_cpp_examples/src/simple_action_server.cpp:6[m[K:
/opt/ros/humble/include/class_loader/class_loader/meta_object.hpp: In instantiation of â€˜[01m[KB* class_loader::impl::MetaObject<C, B>::create() const [with C = int; B = rclcpp_components::NodeFactory][m[Kâ€™:
[01m[K/opt/ros/humble/include/class_loader/class_loader/meta_object.hpp:216:7:[m[K   required from here
[01m[K/opt/ros/humble/include/class_loader/class_loader/meta_object.hpp:218:12:[m[K [01;31m[Kerror: [m[Kcannot convert â€˜[01m[Kint*[m[Kâ€™ to â€˜[01m[Krclcpp_components::NodeFactory*[m[Kâ€™ in return
  218 |     return [01;31m[Knew C[m[K;
      |            [01;31m[K^~~~~[m[K
      |            [01;31m[K|[m[K
      |            [01;31m[Kint*[m[K
[ 94%] [32m[1mLinking CXX executable simple_action_server_node[0m
gmake[2]: *** [CMakeFiles/simple_action_server.dir/build.make:76: CMakeFiles/simple_action_server.dir/src/simple_action_server.cpp.o] Error 1
gmake[1]: *** [CMakeFiles/Makefile2:335: CMakeFiles/simple_action_server.dir/all] Error 2
gmake[1]: *** Waiting for unfinished jobs....
[ 94%] Built target simple_action_server_node
gmake: *** [Makefile:146: all] Error 2
