[0.019s] Invoking command in '/home/bfg2h/bumperbot_ws/build/bumperbot_controller': CMAKE_PREFIX_PATH=${CMAKE_PREFIX_PATH}:/home/bfg2h/bumperbot_ws/install/bumperbot_py_examples:/home/bfg2h/ros2_ws/install/my_py_pkg:/home/bfg2h/udemy_ws/install/self_driving_car_pkg:/opt/ros/humble _=/usr/bin/env /usr/bin/cmake --build /home/bfg2h/bumperbot_ws/build/bumperbot_controller -- -j16 -l16
[0.049s] [35m[1mConsolidate compiler generated dependencies of target noisy_controller[0m
[0.058s] [ 25%] [32mBuilding CXX object CMakeFiles/noisy_controller.dir/src/noisy_controller.cpp.o[0m
[0.064s] [ 25%] Built target ament_cmake_python_copy_bumperbot_controller
[0.064s] [ 50%] [32mBuilding CXX object CMakeFiles/simple_controller.dir/src/simple_controller.cpp.o[0m
[0.327s] [01m[K/home/bfg2h/bumperbot_ws/src/bumperbot_controller/src/noisy_controller.cpp:4:1:[m[K [01;31m[Kerror: [m[Kâ€˜[01m[KNoisyController[m[Kâ€™ does not name a type
[0.327s]     4 | [01;31m[KNoisyController[m[K::NoisyController(const std::string &name) : Node(name)
[0.327s]       | [01;31m[K^~~~~~~~~~~~~~~[m[K
[0.327s] [01m[K/home/bfg2h/bumperbot_ws/src/bumperbot_controller/src/noisy_controller.cpp:52:6:[m[K [01;31m[Kerror: [m[Kâ€˜[01m[KNoisyController[m[Kâ€™ has not been declared
[0.327s]    52 | void [01;31m[KNoisyController[m[K::jointCallback(const sensor_msgs::msg::JointState &msg)
[0.327s]       |      [01;31m[K^~~~~~~~~~~~~~~[m[K
[0.328s] [01m[K/home/bfg2h/bumperbot_ws/src/bumperbot_controller/src/noisy_controller.cpp:52:43:[m[K [01;31m[Kerror: [m[Kâ€˜[01m[Ksensor_msgs[m[Kâ€™ does not name a type
[0.328s]    52 | void NoisyController::jointCallback(const [01;31m[Ksensor_msgs[m[K::msg::JointState &msg)
[0.328s]       |                                           [01;31m[K^~~~~~~~~~~[m[K
[0.328s] [01m[K/home/bfg2h/bumperbot_ws/src/bumperbot_controller/src/noisy_controller.cpp:52:59:[m[K [01;31m[Kerror: [m[Kexpected unqualified-id before â€˜[01m[K::[m[Kâ€™ token
[0.328s]    52 | void NoisyController::jointCallback(const sensor_msgs::msg[01;31m[K::[m[KJointState &msg)
[0.328s]       |                                                           [01;31m[K^~[m[K
[0.328s] [01m[K/home/bfg2h/bumperbot_ws/src/bumperbot_controller/src/noisy_controller.cpp:52:59:[m[K [01;31m[Kerror: [m[Kexpected â€˜[01m[K)[m[Kâ€™ before â€˜[01m[K::[m[Kâ€™ token
[0.328s]    52 | void NoisyController::jointCallback[34m[K([m[Kconst sensor_msgs::msg[01;31m[K:[m[K[32m[K:[m[KJointState &msg)
[0.328s]       |                                    [34m[K~[m[K                      [01;31m[K^[m[K[32m[K~[m[K
[0.328s]       |                                                           [32m[K)[m[K
[0.328s] [01m[K/home/bfg2h/bumperbot_ws/src/bumperbot_controller/src/noisy_controller.cpp:52:59:[m[K [01;31m[Kerror: [m[Kexpected initializer before â€˜[01m[K::[m[Kâ€™ token
[0.328s]    52 | void NoisyController::jointCallback(const sensor_msgs::msg[01;31m[K::[m[KJointState &msg)
[0.328s]       |                                                           [01;31m[K^~[m[K
[0.328s] [01m[K/home/bfg2h/bumperbot_ws/src/bumperbot_controller/src/noisy_controller.cpp:[m[K In function â€˜[01m[Kint main(int, char**)[m[Kâ€™:
[0.328s] [01m[K/home/bfg2h/bumperbot_ws/src/bumperbot_controller/src/noisy_controller.cpp:115:5:[m[K [01;31m[Kerror: [m[Kâ€˜[01m[Krclcpp[m[Kâ€™ has not been declared
[0.329s]   115 |     [01;31m[Krclcpp[m[K::init(argc, argv);
[0.329s]       |     [01;31m[K^~~~~~[m[K
[0.329s] [01m[K/home/bfg2h/bumperbot_ws/src/bumperbot_controller/src/noisy_controller.cpp:116:22:[m[K [01;31m[Kerror: [m[Kâ€˜[01m[Kmake_shared[m[Kâ€™ is not a member of â€˜[01m[Kstd[m[Kâ€™
[0.329s]   116 |     auto node = std::[01;31m[Kmake_shared[m[K<NoisyController>("noisy_controller");
[0.329s]       |                      [01;31m[K^~~~~~~~~~~[m[K
[0.329s] [01m[K/home/bfg2h/bumperbot_ws/src/bumperbot_controller/src/noisy_controller.cpp:3:1:[m[K [01;36m[Knote: [m[Kâ€˜[01m[Kstd::make_shared[m[Kâ€™ is defined in header â€˜[01m[K<memory>[m[Kâ€™; did you forget to â€˜[01m[K#include <memory>[m[Kâ€™?
[0.329s]     2 | #include <random>
[0.329s]   +++ |+[32m[K#include <memory>[m[K
[0.329s]     3 | 
[0.330s] [01m[K/home/bfg2h/bumperbot_ws/src/bumperbot_controller/src/noisy_controller.cpp:116:34:[m[K [01;31m[Kerror: [m[Kâ€˜[01m[KNoisyController[m[Kâ€™ was not declared in this scope
[0.330s]   116 |     auto node = std::make_shared<[01;31m[KNoisyController[m[K>("noisy_controller");
[0.330s]       |                                  [01;31m[K^~~~~~~~~~~~~~~[m[K
[0.330s] [01m[K/home/bfg2h/bumperbot_ws/src/bumperbot_controller/src/noisy_controller.cpp:117:5:[m[K [01;31m[Kerror: [m[Kâ€˜[01m[Krclcpp[m[Kâ€™ has not been declared
[0.330s]   117 |     [01;31m[Krclcpp[m[K::spin(node);
[0.330s]       |     [01;31m[K^~~~~~[m[K
[0.331s] [01m[K/home/bfg2h/bumperbot_ws/src/bumperbot_controller/src/noisy_controller.cpp:118:5:[m[K [01;31m[Kerror: [m[Kâ€˜[01m[Krclcpp[m[Kâ€™ has not been declared
[0.331s]   118 |     [01;31m[Krclcpp[m[K::shutdown();
[0.331s]       |     [01;31m[K^~~~~~[m[K
[0.376s] running egg_info
[0.377s] writing bumperbot_controller.egg-info/PKG-INFO
[0.377s] writing dependency_links to bumperbot_controller.egg-info/dependency_links.txt
[0.377s] writing top-level names to bumperbot_controller.egg-info/top_level.txt
[0.380s] reading manifest file 'bumperbot_controller.egg-info/SOURCES.txt'
[0.380s] writing manifest file 'bumperbot_controller.egg-info/SOURCES.txt'
[0.385s] gmake[2]: *** [CMakeFiles/noisy_controller.dir/build.make:76: CMakeFiles/noisy_controller.dir/src/noisy_controller.cpp.o] Error 1
[0.385s] gmake[1]: *** [CMakeFiles/Makefile2:168: CMakeFiles/noisy_controller.dir/all] Error 2
[0.385s] gmake[1]: *** Waiting for unfinished jobs....
[0.408s] [ 50%] Built target ament_cmake_python_build_bumperbot_controller_egg
[11.123s] [ 75%] [32m[1mLinking CXX executable simple_controller[0m
[11.612s] [ 75%] Built target simple_controller
[11.612s] gmake: *** [Makefile:146: all] Error 2
[11.614s] Invoked command in '/home/bfg2h/bumperbot_ws/build/bumperbot_controller' returned '2': CMAKE_PREFIX_PATH=${CMAKE_PREFIX_PATH}:/home/bfg2h/bumperbot_ws/install/bumperbot_py_examples:/home/bfg2h/ros2_ws/install/my_py_pkg:/home/bfg2h/udemy_ws/install/self_driving_car_pkg:/opt/ros/humble _=/usr/bin/env /usr/bin/cmake --build /home/bfg2h/bumperbot_ws/build/bumperbot_controller -- -j16 -l16
