[0.020s] Invoking command in '/home/bfg2h/bumperbot_ws/build/bumperbot_controller': CMAKE_PREFIX_PATH=${CMAKE_PREFIX_PATH}:/home/bfg2h/bumperbot_ws/install/bumperbot_py_examples:/home/bfg2h/ros2_ws/install/my_py_pkg:/home/bfg2h/udemy_ws/install/self_driving_car_pkg:/opt/ros/humble _=/usr/bin/env /usr/bin/cmake --build /home/bfg2h/bumperbot_ws/build/bumperbot_controller -- -j16 -l16
[0.050s] -- Found ament_cmake: 1.3.10 (/opt/ros/humble/share/ament_cmake/cmake)
[0.270s] -- Found rclcpp: 16.0.10 (/opt/ros/humble/share/rclcpp/cmake)
[0.302s] -- Found rosidl_generator_c: 3.1.5 (/opt/ros/humble/share/rosidl_generator_c/cmake)
[0.305s] -- Found rosidl_adapter: 3.1.5 (/opt/ros/humble/share/rosidl_adapter/cmake)
[0.312s] -- Found rosidl_generator_cpp: 3.1.5 (/opt/ros/humble/share/rosidl_generator_cpp/cmake)
[0.322s] -- Using all available rosidl_typesupport_c: rosidl_typesupport_fastrtps_c;rosidl_typesupport_introspection_c
[0.336s] -- Using all available rosidl_typesupport_cpp: rosidl_typesupport_fastrtps_cpp;rosidl_typesupport_introspection_cpp
[0.372s] -- Found rmw_implementation_cmake: 6.1.2 (/opt/ros/humble/share/rmw_implementation_cmake/cmake)
[0.374s] -- Found rmw_fastrtps_cpp: 6.2.7 (/opt/ros/humble/share/rmw_fastrtps_cpp/cmake)
[0.489s] -- Using RMW implementation 'rmw_fastrtps_cpp' as default
[0.547s] -- Found rclpy: 3.3.14 (/opt/ros/humble/share/rclpy/cmake)
[0.547s] -- Found geometry_msgs: 4.2.4 (/opt/ros/humble/share/geometry_msgs/cmake)
[0.563s] -- Found sensor_msgs: 4.2.4 (/opt/ros/humble/share/sensor_msgs/cmake)
[0.581s] -- Found nav_msgs: 4.2.4 (/opt/ros/humble/share/nav_msgs/cmake)
[0.604s] -- Found tf2: 0.25.8 (/opt/ros/humble/share/tf2/cmake)
[0.814s] -- Configuring done
[0.831s] -- Generating done
[0.833s] -- Build files have been written to: /home/bfg2h/bumperbot_ws/build/bumperbot_controller
[0.871s] [35m[1mConsolidate compiler generated dependencies of target simple_controller[0m
[0.895s] [  0%] Built target ament_cmake_python_copy_bumperbot_controller
[0.898s] [ 50%] [32mBuilding CXX object CMakeFiles/simple_controller.dir/src/simple_controller.cpp.o[0m
[1.355s] running egg_info
[1.356s] writing bumperbot_controller.egg-info/PKG-INFO
[1.357s] writing dependency_links to bumperbot_controller.egg-info/dependency_links.txt
[1.357s] writing top-level names to bumperbot_controller.egg-info/top_level.txt
[1.362s] reading manifest file 'bumperbot_controller.egg-info/SOURCES.txt'
[1.362s] writing manifest file 'bumperbot_controller.egg-info/SOURCES.txt'
[1.428s] [ 50%] Built target ament_cmake_python_build_bumperbot_controller_egg
[4.697s] In file included from [01m[K/home/bfg2h/bumperbot_ws/src/bumperbot_controller/src/simple_controller.cpp:1[m[K:
[4.697s] [01m[K/home/bfg2h/bumperbot_ws/src/bumperbot_controller/include/bumperbot_controller/simple_controller.hpp:47:5:[m[K [01;31m[Kerror: [m[Kâ€˜[01m[Ktf2[m[Kâ€™ does not name a type
[4.697s]    47 |     [01;31m[Ktf2[m[K::Quaternion q;
[4.697s]       |     [01;31m[K^~~[m[K
[4.723s] [01m[K/home/bfg2h/bumperbot_ws/src/bumperbot_controller/src/simple_controller.cpp:[m[K In constructor â€˜[01m[KSimpleController::SimpleController(const string&)[m[Kâ€™:
[4.723s] [01m[K/home/bfg2h/bumperbot_ws/src/bumperbot_controller/src/simple_controller.cpp:45:5:[m[K [01;31m[Kerror: [m[Kâ€˜[01m[Kq[m[Kâ€™ was not declared in this scope
[4.724s]    45 |     [01;31m[Kq[m[K = setRPY(0,0,theta_);
[4.724s]       |     [01;31m[K^[m[K
[4.730s] [01m[K/home/bfg2h/bumperbot_ws/src/bumperbot_controller/src/simple_controller.cpp:45:9:[m[K [01;31m[Kerror: [m[Kâ€˜[01m[KsetRPY[m[Kâ€™ was not declared in this scope
[4.730s]    45 |     q = [01;31m[KsetRPY[m[K(0,0,theta_);
[4.730s]       |         [01;31m[K^~~~~~[m[K
[4.777s] [01m[K/home/bfg2h/bumperbot_ws/src/bumperbot_controller/src/simple_controller.cpp:[m[K In member function â€˜[01m[Kvoid SimpleController::jointCallback(const JointState&)[m[Kâ€™:
[4.777s] [01m[K/home/bfg2h/bumperbot_ws/src/bumperbot_controller/src/simple_controller.cpp:94:5:[m[K [01;31m[Kerror: [m[Kâ€˜[01m[Kq[m[Kâ€™ was not declared in this scope
[4.777s]    94 |     [01;31m[Kq[m[K = setRPY(0,0,theta_)
[4.777s]       |     [01;31m[K^[m[K
[4.785s] [01m[K/home/bfg2h/bumperbot_ws/src/bumperbot_controller/src/simple_controller.cpp:94:9:[m[K [01;31m[Kerror: [m[Kâ€˜[01m[KsetRPY[m[Kâ€™ was not declared in this scope
[4.785s]    94 |     q = [01;31m[KsetRPY[m[K(0,0,theta_)
[4.785s]       |         [01;31m[K^~~~~~[m[K
[9.035s] gmake[2]: *** [CMakeFiles/simple_controller.dir/build.make:76: CMakeFiles/simple_controller.dir/src/simple_controller.cpp.o] Error 1
[9.035s] gmake[1]: *** [CMakeFiles/Makefile2:140: CMakeFiles/simple_controller.dir/all] Error 2
[9.035s] gmake: *** [Makefile:146: all] Error 2
[9.037s] Invoked command in '/home/bfg2h/bumperbot_ws/build/bumperbot_controller' returned '2': CMAKE_PREFIX_PATH=${CMAKE_PREFIX_PATH}:/home/bfg2h/bumperbot_ws/install/bumperbot_py_examples:/home/bfg2h/ros2_ws/install/my_py_pkg:/home/bfg2h/udemy_ws/install/self_driving_car_pkg:/opt/ros/humble _=/usr/bin/env /usr/bin/cmake --build /home/bfg2h/bumperbot_ws/build/bumperbot_controller -- -j16 -l16
