[0.027s] Invoking command in '/home/bfg2h/bumperbot_ws/build/bumperbot_controller': CMAKE_PREFIX_PATH=${CMAKE_PREFIX_PATH}:/home/bfg2h/bumperbot_ws/install/bumperbot_py_examples:/home/bfg2h/ros2_ws/install/my_py_pkg:/home/bfg2h/udemy_ws/install/self_driving_car_pkg:/opt/ros/humble _=/usr/bin/env /usr/bin/cmake --build /home/bfg2h/bumperbot_ws/build/bumperbot_controller -- -j16 -l16
[0.064s] [35m[1mConsolidate compiler generated dependencies of target noisy_controller[0m
[0.068s] [35m[1mConsolidate compiler generated dependencies of target simple_controller[0m
[0.079s] [ 25%] [32mBuilding CXX object CMakeFiles/noisy_controller.dir/src/noisy_controller.cpp.o[0m
[0.085s] [ 25%] Built target ament_cmake_python_copy_bumperbot_controller
[0.090s] [ 75%] Built target simple_controller
[0.189s] [01m[K/home/bfg2h/bumperbot_ws/src/bumperbot_controller/src/noisy_controller.cpp:3:16:[m[K [01;31m[Kerror: [m[Kmissing terminating > character
[0.189s]     3 | #include<memory
[0.189s]       |                [01;31m[K^[m[K
[0.461s] running egg_info
[0.462s] writing bumperbot_controller.egg-info/PKG-INFO
[0.462s] writing dependency_links to bumperbot_controller.egg-info/dependency_links.txt
[0.462s] writing top-level names to bumperbot_controller.egg-info/top_level.txt
[0.467s] reading manifest file 'bumperbot_controller.egg-info/SOURCES.txt'
[0.468s] writing manifest file 'bumperbot_controller.egg-info/SOURCES.txt'
[0.479s] [01m[K/home/bfg2h/bumperbot_ws/src/bumperbot_controller/src/noisy_controller.cpp:5:1:[m[K [01;31m[Kerror: [m[Kâ€˜[01m[KNoisyController[m[Kâ€™ does not name a type
[0.480s]     5 | [01;31m[KNoisyController[m[K::NoisyController(const std::string &name) : Node(name)
[0.480s]       | [01;31m[K^~~~~~~~~~~~~~~[m[K
[0.480s] [01m[K/home/bfg2h/bumperbot_ws/src/bumperbot_controller/src/noisy_controller.cpp:53:6:[m[K [01;31m[Kerror: [m[Kâ€˜[01m[KNoisyController[m[Kâ€™ has not been declared
[0.480s]    53 | void [01;31m[KNoisyController[m[K::jointCallback(const sensor_msgs::msg::JointState &msg)
[0.480s]       |      [01;31m[K^~~~~~~~~~~~~~~[m[K
[0.482s] [01m[K/home/bfg2h/bumperbot_ws/src/bumperbot_controller/src/noisy_controller.cpp:53:43:[m[K [01;31m[Kerror: [m[Kâ€˜[01m[Ksensor_msgs[m[Kâ€™ does not name a type
[0.482s]    53 | void NoisyController::jointCallback(const [01;31m[Ksensor_msgs[m[K::msg::JointState &msg)
[0.482s]       |                                           [01;31m[K^~~~~~~~~~~[m[K
[0.482s] [01m[K/home/bfg2h/bumperbot_ws/src/bumperbot_controller/src/noisy_controller.cpp:53:59:[m[K [01;31m[Kerror: [m[Kexpected unqualified-id before â€˜[01m[K::[m[Kâ€™ token
[0.482s]    53 | void NoisyController::jointCallback(const sensor_msgs::msg[01;31m[K::[m[KJointState &msg)
[0.482s]       |                                                           [01;31m[K^~[m[K
[0.482s] [01m[K/home/bfg2h/bumperbot_ws/src/bumperbot_controller/src/noisy_controller.cpp:53:59:[m[K [01;31m[Kerror: [m[Kexpected â€˜[01m[K)[m[Kâ€™ before â€˜[01m[K::[m[Kâ€™ token
[0.483s]    53 | void NoisyController::jointCallback[34m[K([m[Kconst sensor_msgs::msg[01;31m[K:[m[K[32m[K:[m[KJointState &msg)
[0.483s]       |                                    [34m[K~[m[K                      [01;31m[K^[m[K[32m[K~[m[K
[0.483s]       |                                                           [32m[K)[m[K
[0.483s] [01m[K/home/bfg2h/bumperbot_ws/src/bumperbot_controller/src/noisy_controller.cpp:53:59:[m[K [01;31m[Kerror: [m[Kexpected initializer before â€˜[01m[K::[m[Kâ€™ token
[0.483s]    53 | void NoisyController::jointCallback(const sensor_msgs::msg[01;31m[K::[m[KJointState &msg)
[0.483s]       |                                                           [01;31m[K^~[m[K
[0.483s] [01m[K/home/bfg2h/bumperbot_ws/src/bumperbot_controller/src/noisy_controller.cpp:[m[K In function â€˜[01m[Kint main(int, char**)[m[Kâ€™:
[0.483s] [01m[K/home/bfg2h/bumperbot_ws/src/bumperbot_controller/src/noisy_controller.cpp:116:5:[m[K [01;31m[Kerror: [m[Kâ€˜[01m[Krclcpp[m[Kâ€™ has not been declared
[0.484s]   116 |     [01;31m[Krclcpp[m[K::init(argc, argv);
[0.484s]       |     [01;31m[K^~~~~~[m[K
[0.490s] [01m[K/home/bfg2h/bumperbot_ws/src/bumperbot_controller/src/noisy_controller.cpp:117:34:[m[K [01;31m[Kerror: [m[Kâ€˜[01m[KNoisyController[m[Kâ€™ was not declared in this scope
[0.490s]   117 |     auto node = std::make_shared<[01;31m[KNoisyController[m[K>("noisy_controller");
[0.490s]       |                                  [01;31m[K^~~~~~~~~~~~~~~[m[K
[0.490s] [01m[K/home/bfg2h/bumperbot_ws/src/bumperbot_controller/src/noisy_controller.cpp:117:50:[m[K [01;31m[Kerror: [m[Kno matching function for call to â€˜[01m[Kmake_shared<<expression error> >(const char [17])[m[Kâ€™
[0.490s]   117 |     auto node = [01;31m[Kstd::make_shared<NoisyController>("noisy_controller")[m[K;
[0.491s]       |                 [01;31m[K~~~~~~~~~~~~~~~~~~~~~~~~~~~~~~~~~^~~~~~~~~~~~~~~~~~~~[m[K
[0.491s] In file included from [01m[K/usr/include/c++/11/memory:77[m[K,
[0.491s]                  from [01m[K/home/bfg2h/bumperbot_ws/src/bumperbot_controller/src/noisy_controller.cpp:3[m[K:
[0.491s] [01m[K/usr/include/c++/11/bits/shared_ptr.h:875:5:[m[K [01;36m[Knote: [m[Kcandidate: â€˜[01m[Ktemplate<class _Tp, class ... _Args> std::shared_ptr<_Tp> std::make_shared(_Args&& ...)[m[Kâ€™
[0.491s]   875 |     [01;36m[Kmake_shared[m[K(_Args&&... __args)
[0.491s]       |     [01;36m[K^~~~~~~~~~~[m[K
[0.491s] [01m[K/usr/include/c++/11/bits/shared_ptr.h:875:5:[m[K [01;36m[Knote: [m[K  template argument deduction/substitution failed:
[0.491s] [01m[K/home/bfg2h/bumperbot_ws/src/bumperbot_controller/src/noisy_controller.cpp:117:50:[m[K [01;31m[Kerror: [m[Ktemplate argument 1 is invalid
[0.492s]   117 |     auto node = [01;31m[Kstd::make_shared<NoisyController>("noisy_controller")[m[K;
[0.492s]       |                 [01;31m[K~~~~~~~~~~~~~~~~~~~~~~~~~~~~~~~~~^~~~~~~~~~~~~~~~~~~~[m[K
[0.492s] [01m[K/home/bfg2h/bumperbot_ws/src/bumperbot_controller/src/noisy_controller.cpp:118:5:[m[K [01;31m[Kerror: [m[Kâ€˜[01m[Krclcpp[m[Kâ€™ has not been declared
[0.492s]   118 |     [01;31m[Krclcpp[m[K::spin(node);
[0.492s]       |     [01;31m[K^~~~~~[m[K
[0.493s] [01m[K/home/bfg2h/bumperbot_ws/src/bumperbot_controller/src/noisy_controller.cpp:119:5:[m[K [01;31m[Kerror: [m[Kâ€˜[01m[Krclcpp[m[Kâ€™ has not been declared
[0.493s]   119 |     [01;31m[Krclcpp[m[K::shutdown();
[0.493s]       |     [01;31m[K^~~~~~[m[K
[0.541s] [ 75%] Built target ament_cmake_python_build_bumperbot_controller_egg
[0.569s] gmake[2]: *** [CMakeFiles/noisy_controller.dir/build.make:76: CMakeFiles/noisy_controller.dir/src/noisy_controller.cpp.o] Error 1
[0.569s] gmake[1]: *** [CMakeFiles/Makefile2:168: CMakeFiles/noisy_controller.dir/all] Error 2
[0.569s] gmake: *** [Makefile:146: all] Error 2
[0.571s] Invoked command in '/home/bfg2h/bumperbot_ws/build/bumperbot_controller' returned '2': CMAKE_PREFIX_PATH=${CMAKE_PREFIX_PATH}:/home/bfg2h/bumperbot_ws/install/bumperbot_py_examples:/home/bfg2h/ros2_ws/install/my_py_pkg:/home/bfg2h/udemy_ws/install/self_driving_car_pkg:/opt/ros/humble _=/usr/bin/env /usr/bin/cmake --build /home/bfg2h/bumperbot_ws/build/bumperbot_controller -- -j16 -l16
