[35m[1mConsolidate compiler generated dependencies of target simple_action_server[0m
[ 44%] Built target simple_turtlesim_kinematics
[ 44%] Built target simple_parameter
[ 55%] Built target simple_action_server_node
[ 55%] Built target simple_subscriber
[ 55%] Built target simple_tf_kinematics
[ 66%] Built target simple_publisher
[ 77%] Built target simple_service_client
[ 88%] Built target simple_service_server
[ 94%] [32mBuilding CXX object CMakeFiles/simple_action_server.dir/src/simple_action_server.cpp.o[0m
[01m[K/home/bfg2h/bumperbot_ws/src/bumperbot_cpp_examples/src/simple_action_server.cpp:[m[K In function â€˜[01m[Kint main(int, char**)[m[Kâ€™:
[01m[K/home/bfg2h/bumperbot_ws/src/bumperbot_cpp_examples/src/simple_action_server.cpp:95:32:[m[K [01;31m[Kerror: [m[Kâ€˜[01m[KSimpleActionServer[m[Kâ€™ was not declared in this scope; did you mean â€˜[01m[Kbumperbot_cpp_example::SimpleActionServer[m[Kâ€™?
   95 |   auto node = std::make_shared<[01;31m[KSimpleActionServer[m[K>();
      |                                [01;31m[K^~~~~~~~~~~~~~~~~~[m[K
      |                                [32m[Kbumperbot_cpp_example::SimpleActionServer[m[K
[01m[K/home/bfg2h/bumperbot_ws/src/bumperbot_cpp_examples/src/simple_action_server.cpp:12:7:[m[K [01;36m[Knote: [m[Kâ€˜[01m[Kbumperbot_cpp_example::SimpleActionServer[m[Kâ€™ declared here
   12 | class [01;36m[KSimpleActionServer[m[K : public rclcpp::Node
      |       [01;36m[K^~~~~~~~~~~~~~~~~~[m[K
[01m[K/home/bfg2h/bumperbot_ws/src/bumperbot_cpp_examples/src/simple_action_server.cpp:95:51:[m[K [01;31m[Kerror: [m[Kno matching function for call to â€˜[01m[Kmake_shared<<expression error> >()[m[Kâ€™
   95 |   auto node = [01;31m[Kstd::make_shared<SimpleActionServer>()[m[K;
      |               [01;31m[K~~~~~~~~~~~~~~~~~~~~~~~~~~~~~~~~~~~~^~[m[K
In file included from [01m[K/usr/include/c++/11/memory:77[m[K,
                 from [01m[K/opt/ros/humble/include/rclcpp/rclcpp/rclcpp.hpp:153[m[K,
                 from [01m[K/home/bfg2h/bumperbot_ws/src/bumperbot_cpp_examples/src/simple_action_server.cpp:1[m[K:
[01m[K/usr/include/c++/11/bits/shared_ptr.h:875:5:[m[K [01;36m[Knote: [m[Kcandidate: â€˜[01m[Ktemplate<class _Tp, class ... _Args> std::shared_ptr<_Tp> std::make_shared(_Args&& ...)[m[Kâ€™
  875 |     [01;36m[Kmake_shared[m[K(_Args&&... __args)
      |     [01;36m[K^~~~~~~~~~~[m[K
[01m[K/usr/include/c++/11/bits/shared_ptr.h:875:5:[m[K [01;36m[Knote: [m[K  template argument deduction/substitution failed:
[01m[K/home/bfg2h/bumperbot_ws/src/bumperbot_cpp_examples/src/simple_action_server.cpp:95:51:[m[K [01;31m[Kerror: [m[Ktemplate argument 1 is invalid
   95 |   auto node = [01;31m[Kstd::make_shared<SimpleActionServer>()[m[K;
      |               [01;31m[K~~~~~~~~~~~~~~~~~~~~~~~~~~~~~~~~~~~~^~[m[K
gmake[2]: *** [CMakeFiles/simple_action_server.dir/build.make:76: CMakeFiles/simple_action_server.dir/src/simple_action_server.cpp.o] Error 1
gmake[1]: *** [CMakeFiles/Makefile2:335: CMakeFiles/simple_action_server.dir/all] Error 2
gmake: *** [Makefile:146: all] Error 2
