[0.016s] Invoking command in '/home/bfg2h/bumperbot_ws/build/bumperbot_controller': CMAKE_PREFIX_PATH=${CMAKE_PREFIX_PATH}:/home/bfg2h/bumperbot_ws/install/bumperbot_py_examples:/home/bfg2h/ros2_ws/install/my_py_pkg:/home/bfg2h/udemy_ws/install/self_driving_car_pkg:/opt/ros/humble _=/usr/bin/env /usr/bin/cmake --build /home/bfg2h/bumperbot_ws/build/bumperbot_controller -- -j16 -l16
[0.034s] -- Found ament_cmake: 1.3.10 (/opt/ros/humble/share/ament_cmake/cmake)
[0.159s] -- Found rclcpp: 16.0.10 (/opt/ros/humble/share/rclcpp/cmake)
[0.187s] -- Found rosidl_generator_c: 3.1.5 (/opt/ros/humble/share/rosidl_generator_c/cmake)
[0.189s] -- Found rosidl_adapter: 3.1.5 (/opt/ros/humble/share/rosidl_adapter/cmake)
[0.194s] -- Found rosidl_generator_cpp: 3.1.5 (/opt/ros/humble/share/rosidl_generator_cpp/cmake)
[0.203s] -- Using all available rosidl_typesupport_c: rosidl_typesupport_fastrtps_c;rosidl_typesupport_introspection_c
[0.215s] -- Using all available rosidl_typesupport_cpp: rosidl_typesupport_fastrtps_cpp;rosidl_typesupport_introspection_cpp
[0.244s] -- Found rmw_implementation_cmake: 6.1.2 (/opt/ros/humble/share/rmw_implementation_cmake/cmake)
[0.245s] -- Found rmw_fastrtps_cpp: 6.2.7 (/opt/ros/humble/share/rmw_fastrtps_cpp/cmake)
[0.329s] -- Using RMW implementation 'rmw_fastrtps_cpp' as default
[0.369s] -- Found rclpy: 3.3.14 (/opt/ros/humble/share/rclpy/cmake)
[0.369s] -- Found geometry_msgs: 4.2.4 (/opt/ros/humble/share/geometry_msgs/cmake)
[0.379s] -- Found sensor_msgs: 4.2.4 (/opt/ros/humble/share/sensor_msgs/cmake)
[0.493s] -- Configuring done
[0.500s] -- Generating done
[0.502s] -- Build files have been written to: /home/bfg2h/bumperbot_ws/build/bumperbot_controller
[0.522s] [35m[1mConsolidate compiler generated dependencies of target simple_controller[0m
[0.535s] [  0%] Built target ament_cmake_python_copy_bumperbot_controller
[0.537s] [ 50%] [32mBuilding CXX object CMakeFiles/simple_controller.dir/src/simple_controller.cpp.o[0m
[0.826s] running egg_info
[0.827s] writing bumperbot_controller.egg-info/PKG-INFO
[0.827s] writing dependency_links to bumperbot_controller.egg-info/dependency_links.txt
[0.827s] writing top-level names to bumperbot_controller.egg-info/top_level.txt
[0.829s] reading manifest file 'bumperbot_controller.egg-info/SOURCES.txt'
[0.829s] writing manifest file 'bumperbot_controller.egg-info/SOURCES.txt'
[0.849s] [ 50%] Built target ament_cmake_python_build_bumperbot_controller_egg
[2.999s] [01m[K/home/bfg2h/bumperbot_ws/src/bumperbot_controller/src/simple_controller.cpp:[m[K In constructor â€˜[01m[KSimpleController::SimpleController(const string&)[m[Kâ€™:
[2.999s] [01m[K/home/bfg2h/bumperbot_ws/src/bumperbot_controller/src/simple_controller.cpp:27:6:[m[K [01;31m[Kerror: [m[Kexpected â€˜[01m[K;[m[Kâ€™ before â€˜[01m[Kspeed_conversion_[m[Kâ€™
[2.999s]    27 |     )
[2.999s]       |      [01;31m[K^[m[K
[2.999s]       |      [32m[K;[m[K
[2.999s] ......
[2.999s]    30 |     [32m[Kspeed_conversion_[m[K << wheel_radius_ / 2, wheel_radius_ / 2,
[2.999s]       |     [32m[K~~~~~~~~~~~~~~~~~[m[K
[3.032s] [01m[K/home/bfg2h/bumperbot_ws/src/bumperbot_controller/src/simple_controller.cpp:[m[K In member function â€˜[01m[Kvoid SimpleController::jointCallback(const JointState&)[m[Kâ€™:
[3.032s] [01m[K/home/bfg2h/bumperbot_ws/src/bumperbot_controller/src/simple_controller.cpp:71:16:[m[K [01;31m[Kerror: [m[Kâ€˜[01m[Kself[m[Kâ€™ was not declared in this scope
[3.032s]    71 |     double V = [01;31m[Kself[m[K.wheel_radius_/2*fi_right + self.wheel_radius_/2*fi_left;
[3.032s]       |                [01;31m[K^~~~[m[K
[3.043s] In file included from [01m[K/opt/ros/humble/include/rclcpp/rclcpp/client.hpp:40[m[K,
[3.043s]                  from [01m[K/opt/ros/humble/include/rclcpp/rclcpp/callback_group.hpp:24[m[K,
[3.044s]                  from [01m[K/opt/ros/humble/include/rclcpp/rclcpp/any_executable.hpp:20[m[K,
[3.044s]                  from [01m[K/opt/ros/humble/include/rclcpp/rclcpp/memory_strategy.hpp:25[m[K,
[3.044s]                  from [01m[K/opt/ros/humble/include/rclcpp/rclcpp/memory_strategies.hpp:18[m[K,
[3.044s]                  from [01m[K/opt/ros/humble/include/rclcpp/rclcpp/executor_options.hpp:20[m[K,
[3.044s]                  from [01m[K/opt/ros/humble/include/rclcpp/rclcpp/executor.hpp:37[m[K,
[3.044s]                  from [01m[K/opt/ros/humble/include/rclcpp/rclcpp/executors/multi_threaded_executor.hpp:25[m[K,
[3.044s]                  from [01m[K/opt/ros/humble/include/rclcpp/rclcpp/executors.hpp:21[m[K,
[3.044s]                  from [01m[K/opt/ros/humble/include/rclcpp/rclcpp/rclcpp.hpp:155[m[K,
[3.044s]                  from [01m[K/home/bfg2h/bumperbot_ws/src/bumperbot_controller/include/bumperbot_controller/simple_controller.hpp:4[m[K,
[3.044s]                  from [01m[K/home/bfg2h/bumperbot_ws/src/bumperbot_controller/src/simple_controller.cpp:1[m[K:
[3.044s] [01m[K/home/bfg2h/bumperbot_ws/src/bumperbot_controller/src/simple_controller.cpp:74:24:[m[K [01;31m[Kerror: [m[Kâ€˜[01m[Kget_loger[m[Kâ€™ was not declared in this scope; did you mean â€˜[01m[Kget_logger[m[Kâ€™?
[3.044s]    74 |     RCLCPP_INFO_STREAM([01;31m[Kget_loger[m[K(), "Linear Velocity is measured as: " << V<<" and Angular Velocity is : "<< w<<"\n");
[3.044s]       |                        [01;31m[K^~~~~~~~~[m[K
[3.044s] [01m[K/home/bfg2h/bumperbot_ws/src/bumperbot_controller/src/simple_controller.cpp:74:5:[m[K [01;31m[Kerror: [m[Ktemplate argument 1 is invalid
[3.044s]    74 |     [01;31m[KRCLCPP_INFO_STREAM[m[K(get_loger(), "Linear Velocity is measured as: " << V<<" and Angular Velocity is : "<< w<<"\n");
[3.044s]       |     [01;31m[K^~~~~~~~~~~~~~~~~~[m[K
[3.044s] [01m[K/home/bfg2h/bumperbot_ws/src/bumperbot_controller/src/simple_controller.cpp:74:5:[m[K [01;31m[Kerror: [m[Ktemplate argument 1 is invalid
[3.044s]    74 |     [01;31m[KRCLCPP_INFO_STREAM[m[K(get_loger(), "Linear Velocity is measured as: " << V<<" and Angular Velocity is : "<< w<<"\n");
[3.045s]       |     [01;31m[K^~~~~~~~~~~~~~~~~~[m[K
[3.045s] [01m[K/home/bfg2h/bumperbot_ws/src/bumperbot_controller/src/simple_controller.cpp:74:5:[m[K [01;31m[Kerror: [m[Ktemplate argument 1 is invalid
[3.045s]    74 |     [01;31m[KRCLCPP_INFO_STREAM[m[K(get_loger(), "Linear Velocity is measured as: " << V<<" and Angular Velocity is : "<< w<<"\n");
[3.045s]       |     [01;31m[K^~~~~~~~~~~~~~~~~~[m[K
[5.981s] gmake[2]: *** [CMakeFiles/simple_controller.dir/build.make:76: CMakeFiles/simple_controller.dir/src/simple_controller.cpp.o] Error 1
[5.981s] gmake[1]: *** [CMakeFiles/Makefile2:140: CMakeFiles/simple_controller.dir/all] Error 2
[5.981s] gmake: *** [Makefile:146: all] Error 2
[5.983s] Invoked command in '/home/bfg2h/bumperbot_ws/build/bumperbot_controller' returned '2': CMAKE_PREFIX_PATH=${CMAKE_PREFIX_PATH}:/home/bfg2h/bumperbot_ws/install/bumperbot_py_examples:/home/bfg2h/ros2_ws/install/my_py_pkg:/home/bfg2h/udemy_ws/install/self_driving_car_pkg:/opt/ros/humble _=/usr/bin/env /usr/bin/cmake --build /home/bfg2h/bumperbot_ws/build/bumperbot_controller -- -j16 -l16
