[0.014s] Invoking command in '/home/bfg2h/bumperbot_ws/build/bumperbot_cpp_examples': CMAKE_PREFIX_PATH=/home/bfg2h/bumperbot_ws/install/bumperbot_msgs:/home/bfg2h/bumperbot_ws/install/bumperbot_utils:/home/bfg2h/bumperbot_ws/install/bumperbot_cpp_examples:/home/bfg2h/bumperbot_ws/install/bumperbot_localization:/home/bfg2h/bumperbot_ws/install/bumperbot_description:/home/bfg2h/bumperbot_ws/install/bumperbot_controller:/home/bfg2h/manipulator_ws/install/arduinobot_moveit:/home/bfg2h/manipulator_ws/install/arduinobot_controllers:/home/bfg2h/manipulator_ws/install/arduinobot_description:/home/bfg2h/turtlebot3_ws/install/turtlebot3_simulations:/home/bfg2h/turtlebot3_ws/install/turtlebot3_gazebo:/home/bfg2h/turtlebot3_ws/install/turtlebot3_fake_node:/home/bfg2h/ros2_ws/install/my_cpp_pkg:/home/bfg2h/bumperbot_ws/install/bumperbot_py_examples:/home/bfg2h/ros2_ws/install/my_py_pkg:/home/bfg2h/udemy_ws/install/self_driving_car_pkg:/opt/ros/humble LD_LIBRARY_PATH=/home/bfg2h/bumperbot_ws/install/bumperbot_msgs/lib:/usr/lib/x86_64-linux-gnu/gazebo-11/plugins:/opt/ros/humble/opt/rviz_ogre_vendor/lib:/opt/ros/humble/lib/x86_64-linux-gnu:/opt/ros/humble/lib:/usr/share/gazebo/../../lib/x86_64-linux-gnu/gazebo-11/plugins _=/usr/bin/env /usr/bin/cmake --build /home/bfg2h/bumperbot_ws/build/bumperbot_cpp_examples -- -j16 -l16
[0.055s] [35m[1mConsolidate compiler generated dependencies of target simple_action_server[0m
[0.061s] [ 11%] Built target simple_action_server_node
[0.061s] [ 16%] [32mBuilding CXX object CMakeFiles/simple_service_client.dir/src/simple_service_client.cpp.o[0m
[0.062s] [ 27%] Built target simple_turtlesim_kinematics
[0.064s] [ 38%] Built target simple_parameter
[0.064s] [ 50%] Built target simple_publisher
[0.064s] [ 61%] Built target simple_subscriber
[0.064s] [ 66%] [32mBuilding CXX object CMakeFiles/simple_tf_kinematics.dir/src/simple_tf_kinematics.cpp.o[0m
[0.066s] [ 72%] [32mBuilding CXX object CMakeFiles/simple_service_server.dir/src/simple_service_server.cpp.o[0m
[0.073s] [ 77%] [32mBuilding CXX object CMakeFiles/simple_action_server.dir/src/simple_action_server.cpp.o[0m
[2.698s] [01m[K/home/bfg2h/bumperbot_ws/src/bumperbot_cpp_examples/src/simple_action_server.cpp:[m[K In member function â€˜[01m[Krclcpp_action::GoalResponse bumperbot_cpp_example::SimpleActionServer::goalCallback(const GoalUUID&, std::shared_ptr<const bumperbot_msgs::action::Fibonacci_Goal_<std::allocator<void> > >)[m[Kâ€™:
[2.698s] [01m[K/home/bfg2h/bumperbot_ws/src/bumperbot_cpp_examples/src/simple_action_server.cpp:32:40:[m[K [01;35m[Kwarning: [m[Kunused parameter â€˜[01m[Kuuid[m[Kâ€™ [[01;35m[K]8;;https://gcc.gnu.org/onlinedocs/gcc/Warning-Options.html#index-Wunused-parameter-Wunused-parameter]8;;[m[K]
[2.698s]    32 |         [01;35m[Kconst rclcpp_action::GoalUUID &uuid[m[K,
[2.698s]       |         [01;35m[K~~~~~~~~~~~~~~~~~~~~~~~~~~~~~~~^~~~[m[K
[2.704s] [01m[K/home/bfg2h/bumperbot_ws/src/bumperbot_cpp_examples/src/simple_action_server.cpp:[m[K In member function â€˜[01m[Kvoid bumperbot_cpp_example::SimpleActionServer::execute(std::shared_ptr<rclcpp_action::ServerGoalHandle<bumperbot_msgs::action::Fibonacci> >)[m[Kâ€™:
[2.705s] [01m[K/home/bfg2h/bumperbot_ws/src/bumperbot_cpp_examples/src/simple_action_server.cpp:63:25:[m[K [01;31m[Kerror: [m[Kâ€˜[01m[Kusing element_type = struct bumperbot_msgs::action::Fibonacci_Result_<std::allocator<void> >[m[Kâ€™ {aka â€˜[01m[Kstruct bumperbot_msgs::action::Fibonacci_Result_<std::allocator<void> >[m[Kâ€™} has no member named â€˜[01m[Ksequence[m[Kâ€™; did you mean â€˜[01m[Ksequenece[m[Kâ€™?
[2.705s]    63 |                 result->[01;31m[Ksequence[m[K = sequence;
[2.705s]       |                         [01;31m[K^~~~~~~~[m[K
[2.705s]       |                         [32m[Ksequenece[m[K
[2.707s] [01m[K/home/bfg2h/bumperbot_ws/src/bumperbot_cpp_examples/src/simple_action_server.cpp:77:21:[m[K [01;31m[Kerror: [m[Kâ€˜[01m[Kusing element_type = struct bumperbot_msgs::action::Fibonacci_Result_<std::allocator<void> >[m[Kâ€™ {aka â€˜[01m[Kstruct bumperbot_msgs::action::Fibonacci_Result_<std::allocator<void> >[m[Kâ€™} has no member named â€˜[01m[Ksequence[m[Kâ€™; did you mean â€˜[01m[Ksequenece[m[Kâ€™?
[2.707s]    77 |             result->[01;31m[Ksequence[m[K = sequence;
[2.707s]       |                     [01;31m[K^~~~~~~~[m[K
[2.707s]       |                     [32m[Ksequenece[m[K
[2.708s] [01m[K/home/bfg2h/bumperbot_ws/src/bumperbot_cpp_examples/src/simple_action_server.cpp:[m[K In member function â€˜[01m[Krclcpp_action::CancelResponse bumperbot_cpp_example::SimpleActionServer::cancelCallback(std::shared_ptr<rclcpp_action::ServerGoalHandle<bumperbot_msgs::action::Fibonacci> >)[m[Kâ€™:
[2.708s] [01m[K/home/bfg2h/bumperbot_ws/src/bumperbot_cpp_examples/src/simple_action_server.cpp:84:99:[m[K [01;35m[Kwarning: [m[Kunused parameter â€˜[01m[Kgoalhandle[m[Kâ€™ [[01;35m[K]8;;https://gcc.gnu.org/onlinedocs/gcc/Warning-Options.html#index-Wunused-parameter-Wunused-parameter]8;;[m[K]
[2.708s]    84 |         [01;35m[Kconst std::shared_ptr<rclcpp_action::ServerGoalHandle<bumperbot_msgs::action::Fibonacci>> goalhandle[m[K)
[2.708s]       |         [01;35m[K~~~~~~~~~~~~~~~~~~~~~~~~~~~~~~~~~~~~~~~~~~~~~~~~~~~~~~~~~~~~~~~~~~~~~~~~~~~~~~~~~~~~~~~~~~^~~~~~~~~~[m[K
[3.411s] gmake[2]: *** [CMakeFiles/simple_action_server.dir/build.make:76: CMakeFiles/simple_action_server.dir/src/simple_action_server.cpp.o] Error 1
[3.411s] gmake[1]: *** [CMakeFiles/Makefile2:335: CMakeFiles/simple_action_server.dir/all] Error 2
[3.411s] gmake[1]: *** Waiting for unfinished jobs....
[3.684s] [ 83%] [32m[1mLinking CXX executable simple_service_client[0m
[3.726s] [ 88%] [32m[1mLinking CXX executable simple_service_server[0m
[3.829s] [ 88%] Built target simple_service_client
[3.860s] [ 88%] Built target simple_service_server
[5.365s] [ 94%] [32m[1mLinking CXX executable simple_tf_kinematics[0m
[5.598s] [ 94%] Built target simple_tf_kinematics
[5.599s] gmake: *** [Makefile:146: all] Error 2
[5.601s] Invoked command in '/home/bfg2h/bumperbot_ws/build/bumperbot_cpp_examples' returned '2': CMAKE_PREFIX_PATH=/home/bfg2h/bumperbot_ws/install/bumperbot_msgs:/home/bfg2h/bumperbot_ws/install/bumperbot_utils:/home/bfg2h/bumperbot_ws/install/bumperbot_cpp_examples:/home/bfg2h/bumperbot_ws/install/bumperbot_localization:/home/bfg2h/bumperbot_ws/install/bumperbot_description:/home/bfg2h/bumperbot_ws/install/bumperbot_controller:/home/bfg2h/manipulator_ws/install/arduinobot_moveit:/home/bfg2h/manipulator_ws/install/arduinobot_controllers:/home/bfg2h/manipulator_ws/install/arduinobot_description:/home/bfg2h/turtlebot3_ws/install/turtlebot3_simulations:/home/bfg2h/turtlebot3_ws/install/turtlebot3_gazebo:/home/bfg2h/turtlebot3_ws/install/turtlebot3_fake_node:/home/bfg2h/ros2_ws/install/my_cpp_pkg:/home/bfg2h/bumperbot_ws/install/bumperbot_py_examples:/home/bfg2h/ros2_ws/install/my_py_pkg:/home/bfg2h/udemy_ws/install/self_driving_car_pkg:/opt/ros/humble LD_LIBRARY_PATH=/home/bfg2h/bumperbot_ws/install/bumperbot_msgs/lib:/usr/lib/x86_64-linux-gnu/gazebo-11/plugins:/opt/ros/humble/opt/rviz_ogre_vendor/lib:/opt/ros/humble/lib/x86_64-linux-gnu:/opt/ros/humble/lib:/usr/share/gazebo/../../lib/x86_64-linux-gnu/gazebo-11/plugins _=/usr/bin/env /usr/bin/cmake --build /home/bfg2h/bumperbot_ws/build/bumperbot_cpp_examples -- -j16 -l16
