[35m[1mConsolidate compiler generated dependencies of target simple_tf_kinematics[0m
[ 85%] Built target simple_subscriber
[ 85%] Built target simple_parameter
[ 85%] Built target simple_service_server
[ 85%] Built target simple_service_client
[ 85%] Built target simple_turtlesim_kinematics
[ 85%] Built target simple_publisher
[ 92%] [32mBuilding CXX object CMakeFiles/simple_tf_kinematics.dir/src/simple_tf_kinematics.cpp.o[0m
In file included from [01m[K/home/bfg2h/bumperbot_ws/src/bumperbot_cpp_examples/src/simple_tf_kinematics.cpp:1[m[K:
[01m[K/home/bfg2h/bumperbot_ws/src/bumperbot_cpp_examples/include/bumperbot_cpp_examples/simple_tf_kinematics.hpp:41:10:[m[K [01;31m[Kerror: [m[Kâ€˜[01m[KQuarternion[m[Kâ€™ in namespace â€˜[01m[Ktf2[m[Kâ€™ does not name a type; did you mean â€˜[01m[KQuaternion[m[Kâ€™?
   41 |     tf2::[01;31m[KQuarternion[m[K last_orientation_;
      |          [01;31m[K^~~~~~~~~~~[m[K
      |          [32m[KQuaternion[m[K
[01m[K/home/bfg2h/bumperbot_ws/src/bumperbot_cpp_examples/include/bumperbot_cpp_examples/simple_tf_kinematics.hpp:42:10:[m[K [01;31m[Kerror: [m[Kâ€˜[01m[KQuarternion[m[Kâ€™ in namespace â€˜[01m[Ktf2[m[Kâ€™ does not name a type; did you mean â€˜[01m[KQuaternion[m[Kâ€™?
   42 |     tf2::[01;31m[KQuarternion[m[K orientation_increment_;
      |          [01;31m[K^~~~~~~~~~~[m[K
      |          [32m[KQuaternion[m[K
[01m[K/home/bfg2h/bumperbot_ws/src/bumperbot_cpp_examples/src/simple_tf_kinematics.cpp:[m[K In constructor â€˜[01m[KSimpleTfKinematics::SimpleTfKinematics(const string&)[m[Kâ€™:
[01m[K/home/bfg2h/bumperbot_ws/src/bumperbot_cpp_examples/src/simple_tf_kinematics.cpp:41:9:[m[K [01;31m[Kerror: [m[Kâ€˜[01m[Klast_orientation_[m[Kâ€™ was not declared in this scope
   41 |         [01;31m[Klast_orientation_[m[K.setRPY(0,0,0);
      |         [01;31m[K^~~~~~~~~~~~~~~~~[m[K
[01m[K/home/bfg2h/bumperbot_ws/src/bumperbot_cpp_examples/src/simple_tf_kinematics.cpp:42:9:[m[K [01;31m[Kerror: [m[Kâ€˜[01m[Korientation_increment_[m[Kâ€™ was not declared in this scope
   42 |         [01;31m[Korientation_increment_[m[K.setRPY(0,0,0.05);
      |         [01;31m[K^~~~~~~~~~~~~~~~~~~~~~[m[K
[01m[K/home/bfg2h/bumperbot_ws/src/bumperbot_cpp_examples/src/simple_tf_kinematics.cpp:[m[K In member function â€˜[01m[Kvoid SimpleTfKinematics::timerCallback()[m[Kâ€™:
[01m[K/home/bfg2h/bumperbot_ws/src/bumperbot_cpp_examples/src/simple_tf_kinematics.cpp:55:9:[m[K [01;31m[Kerror: [m[Kâ€˜[01m[Klast_orientation_[m[Kâ€™ was not declared in this scope
   55 |     q = [01;31m[Klast_orientation_[m[K * orientation_increment_;
      |         [01;31m[K^~~~~~~~~~~~~~~~~[m[K
[01m[K/home/bfg2h/bumperbot_ws/src/bumperbot_cpp_examples/src/simple_tf_kinematics.cpp:55:29:[m[K [01;31m[Kerror: [m[Kâ€˜[01m[Korientation_increment_[m[Kâ€™ was not declared in this scope
   55 |     q = last_orientation_ * [01;31m[Korientation_increment_[m[K;
      |                             [01;31m[K^~~~~~~~~~~~~~~~~~~~~~[m[K
[01m[K/home/bfg2h/bumperbot_ws/src/bumperbot_cpp_examples/src/simple_tf_kinematics.cpp:68:34:[m[K [01;31m[Kerror: [m[Kâ€˜[01m[Korientaiotn_increment_[m[Kâ€™ was not declared in this scope
   68 |         orientation_increment_ = [01;31m[Korientaiotn_increment_[m[K.inverse();
      |                                  [01;31m[K^~~~~~~~~~~~~~~~~~~~~~[m[K
gmake[2]: *** [CMakeFiles/simple_tf_kinematics.dir/build.make:76: CMakeFiles/simple_tf_kinematics.dir/src/simple_tf_kinematics.cpp.o] Error 1
gmake[1]: *** [CMakeFiles/Makefile2:253: CMakeFiles/simple_tf_kinematics.dir/all] Error 2
gmake: *** [Makefile:146: all] Error 2
