[0.014s] Invoking command in '/home/bfg2h/bumperbot_ws/build/bumperbot_cpp_examples': CMAKE_PREFIX_PATH=/home/bfg2h/bumperbot_ws/install/bumperbot_msgs:/home/bfg2h/turtlebot3_ws/install/turtlebot3_simulations:/home/bfg2h/turtlebot3_ws/install/turtlebot3_gazebo:/home/bfg2h/turtlebot3_ws/install/turtlebot3_fake_node:/home/bfg2h/bumperbot_ws/install/bumperbot_cpp_examples:/home/bfg2h/bumperbot_ws/install/bumperbot_description:/home/bfg2h/bumperbot_ws/install/bumperbot_controller:/home/bfg2h/ros2_ws/install/my_cpp_pkg:/home/bfg2h/arduinobot_ws/install/arduinobot_description:/home/bfg2h/arduinobot_ws/install/arduinobot_cpp_examples:/home/bfg2h/arduinobot_ws/install/arduinobot_controller:/home/bfg2h/bumperbot_ws/install/bumperbot_py_examples:/home/bfg2h/ros2_ws/install/my_py_pkg:/home/bfg2h/udemy_ws/install/self_driving_car_pkg:/opt/ros/humble LD_LIBRARY_PATH=/home/bfg2h/bumperbot_ws/install/bumperbot_msgs/lib:/usr/lib/x86_64-linux-gnu/gazebo-11/plugins:/opt/ros/humble/opt/rviz_ogre_vendor/lib:/opt/ros/humble/lib/x86_64-linux-gnu:/opt/ros/humble/lib:/usr/share/gazebo/../../lib/x86_64-linux-gnu/gazebo-11/plugins _=/usr/bin/env /usr/bin/cmake --build /home/bfg2h/bumperbot_ws/build/bumperbot_cpp_examples -- -j16 -l16
[0.037s] -- Found ament_cmake: 1.3.10 (/opt/ros/humble/share/ament_cmake/cmake)
[0.169s] -- Found rclcpp: 16.0.10 (/opt/ros/humble/share/rclcpp/cmake)
[0.198s] -- Found rosidl_generator_c: 3.1.5 (/opt/ros/humble/share/rosidl_generator_c/cmake)
[0.201s] -- Found rosidl_adapter: 3.1.5 (/opt/ros/humble/share/rosidl_adapter/cmake)
[0.207s] -- Found rosidl_generator_cpp: 3.1.5 (/opt/ros/humble/share/rosidl_generator_cpp/cmake)
[0.217s] -- Using all available rosidl_typesupport_c: rosidl_typesupport_fastrtps_c;rosidl_typesupport_introspection_c
[0.230s] -- Using all available rosidl_typesupport_cpp: rosidl_typesupport_fastrtps_cpp;rosidl_typesupport_introspection_cpp
[0.263s] -- Found rmw_implementation_cmake: 6.1.2 (/opt/ros/humble/share/rmw_implementation_cmake/cmake)
[0.264s] -- Found rmw_fastrtps_cpp: 6.2.7 (/opt/ros/humble/share/rmw_fastrtps_cpp/cmake)
[0.371s] -- Using RMW implementation 'rmw_fastrtps_cpp' as default
[0.423s] -- Found turtlesim: 1.4.2 (/opt/ros/humble/share/turtlesim/cmake)
[0.468s] -- Found tf2_ros: 0.25.8 (/opt/ros/humble/share/tf2_ros/cmake)
[0.544s] -- Found bumperbot_msgs: 0.0.0 (/home/bfg2h/bumperbot_ws/install/bumperbot_msgs/share/bumperbot_msgs/cmake)
[0.648s] -- Configuring done
[0.679s] -- Generating done
[0.680s] -- Build files have been written to: /home/bfg2h/bumperbot_ws/build/bumperbot_cpp_examples
[0.708s] [35m[1mConsolidate compiler generated dependencies of target simple_parameter[0m
[0.708s] [35m[1mConsolidate compiler generated dependencies of target simple_publisher[0m
[0.708s] [35m[1mConsolidate compiler generated dependencies of target simple_turtlesim_kinematics[0m
[0.708s] [35m[1mConsolidate compiler generated dependencies of target simple_service_client[0m
[0.708s] [35m[1mConsolidate compiler generated dependencies of target simple_tf_kinematics[0m
[0.709s] [35m[1mConsolidate compiler generated dependencies of target simple_subscriber[0m
[0.710s] [35m[1mConsolidate compiler generated dependencies of target simple_service_server[0m
[0.725s] [ 71%] Built target simple_parameter
[0.725s] [ 71%] [32mBuilding CXX object CMakeFiles/simple_tf_kinematics.dir/src/simple_tf_kinematics.cpp.o[0m
[0.725s] [ 71%] Built target simple_service_client
[0.725s] [ 71%] Built target simple_turtlesim_kinematics
[0.725s] [ 78%] Built target simple_subscriber
[0.725s] [ 78%] Built target simple_publisher
[0.726s] [ 92%] Built target simple_service_server
[3.237s] In file included from [01m[K/home/bfg2h/bumperbot_ws/src/bumperbot_cpp_examples/src/simple_tf_kinematics.cpp:1[m[K:
[3.237s] [01m[K/home/bfg2h/bumperbot_ws/src/bumperbot_cpp_examples/include/bumperbot_cpp_examples/simple_tf_kinematics.hpp:41:10:[m[K [01;31m[Kerror: [m[Kâ€˜[01m[KQuarternion[m[Kâ€™ in namespace â€˜[01m[Ktf2[m[Kâ€™ does not name a type; did you mean â€˜[01m[KQuaternion[m[Kâ€™?
[3.237s]    41 |     tf2::[01;31m[KQuarternion[m[K last_orientation_;
[3.237s]       |          [01;31m[K^~~~~~~~~~~[m[K
[3.237s]       |          [32m[KQuaternion[m[K
[3.237s] [01m[K/home/bfg2h/bumperbot_ws/src/bumperbot_cpp_examples/include/bumperbot_cpp_examples/simple_tf_kinematics.hpp:42:10:[m[K [01;31m[Kerror: [m[Kâ€˜[01m[KQuarternion[m[Kâ€™ in namespace â€˜[01m[Ktf2[m[Kâ€™ does not name a type; did you mean â€˜[01m[KQuaternion[m[Kâ€™?
[3.237s]    42 |     tf2::[01;31m[KQuarternion[m[K orientation_increment_;
[3.237s]       |          [01;31m[K^~~~~~~~~~~[m[K
[3.237s]       |          [32m[KQuaternion[m[K
[3.263s] [01m[K/home/bfg2h/bumperbot_ws/src/bumperbot_cpp_examples/src/simple_tf_kinematics.cpp:[m[K In constructor â€˜[01m[KSimpleTfKinematics::SimpleTfKinematics(const string&)[m[Kâ€™:
[3.263s] [01m[K/home/bfg2h/bumperbot_ws/src/bumperbot_cpp_examples/src/simple_tf_kinematics.cpp:41:9:[m[K [01;31m[Kerror: [m[Kâ€˜[01m[Klast_orientation_[m[Kâ€™ was not declared in this scope
[3.263s]    41 |         [01;31m[Klast_orientation_[m[K.setRPY(0,0,0);
[3.263s]       |         [01;31m[K^~~~~~~~~~~~~~~~~[m[K
[3.274s] [01m[K/home/bfg2h/bumperbot_ws/src/bumperbot_cpp_examples/src/simple_tf_kinematics.cpp:42:9:[m[K [01;31m[Kerror: [m[Kâ€˜[01m[Korientation_increment_[m[Kâ€™ was not declared in this scope
[3.274s]    42 |         [01;31m[Korientation_increment_[m[K.setRPY(0,0,0.05);
[3.274s]       |         [01;31m[K^~~~~~~~~~~~~~~~~~~~~~[m[K
[3.285s] [01m[K/home/bfg2h/bumperbot_ws/src/bumperbot_cpp_examples/src/simple_tf_kinematics.cpp:[m[K In member function â€˜[01m[Kvoid SimpleTfKinematics::timerCallback()[m[Kâ€™:
[3.285s] [01m[K/home/bfg2h/bumperbot_ws/src/bumperbot_cpp_examples/src/simple_tf_kinematics.cpp:55:9:[m[K [01;31m[Kerror: [m[Kâ€˜[01m[Klast_orientation_[m[Kâ€™ was not declared in this scope
[3.286s]    55 |     q = [01;31m[Klast_orientation_[m[K * orientation_increment_;
[3.286s]       |         [01;31m[K^~~~~~~~~~~~~~~~~[m[K
[3.296s] [01m[K/home/bfg2h/bumperbot_ws/src/bumperbot_cpp_examples/src/simple_tf_kinematics.cpp:55:29:[m[K [01;31m[Kerror: [m[Kâ€˜[01m[Korientation_increment_[m[Kâ€™ was not declared in this scope
[3.296s]    55 |     q = last_orientation_ * [01;31m[Korientation_increment_[m[K;
[3.296s]       |                             [01;31m[K^~~~~~~~~~~~~~~~~~~~~~[m[K
[3.307s] [01m[K/home/bfg2h/bumperbot_ws/src/bumperbot_cpp_examples/src/simple_tf_kinematics.cpp:68:34:[m[K [01;31m[Kerror: [m[Kâ€˜[01m[Korientaiotn_increment_[m[Kâ€™ was not declared in this scope
[3.307s]    68 |         orientation_increment_ = [01;31m[Korientaiotn_increment_[m[K.inverse();
[3.307s]       |                                  [01;31m[K^~~~~~~~~~~~~~~~~~~~~~[m[K
[4.308s] gmake[2]: *** [CMakeFiles/simple_tf_kinematics.dir/build.make:76: CMakeFiles/simple_tf_kinematics.dir/src/simple_tf_kinematics.cpp.o] Error 1
[4.308s] gmake[1]: *** [CMakeFiles/Makefile2:253: CMakeFiles/simple_tf_kinematics.dir/all] Error 2
[4.308s] gmake: *** [Makefile:146: all] Error 2
[4.310s] Invoked command in '/home/bfg2h/bumperbot_ws/build/bumperbot_cpp_examples' returned '2': CMAKE_PREFIX_PATH=/home/bfg2h/bumperbot_ws/install/bumperbot_msgs:/home/bfg2h/turtlebot3_ws/install/turtlebot3_simulations:/home/bfg2h/turtlebot3_ws/install/turtlebot3_gazebo:/home/bfg2h/turtlebot3_ws/install/turtlebot3_fake_node:/home/bfg2h/bumperbot_ws/install/bumperbot_cpp_examples:/home/bfg2h/bumperbot_ws/install/bumperbot_description:/home/bfg2h/bumperbot_ws/install/bumperbot_controller:/home/bfg2h/ros2_ws/install/my_cpp_pkg:/home/bfg2h/arduinobot_ws/install/arduinobot_description:/home/bfg2h/arduinobot_ws/install/arduinobot_cpp_examples:/home/bfg2h/arduinobot_ws/install/arduinobot_controller:/home/bfg2h/bumperbot_ws/install/bumperbot_py_examples:/home/bfg2h/ros2_ws/install/my_py_pkg:/home/bfg2h/udemy_ws/install/self_driving_car_pkg:/opt/ros/humble LD_LIBRARY_PATH=/home/bfg2h/bumperbot_ws/install/bumperbot_msgs/lib:/usr/lib/x86_64-linux-gnu/gazebo-11/plugins:/opt/ros/humble/opt/rviz_ogre_vendor/lib:/opt/ros/humble/lib/x86_64-linux-gnu:/opt/ros/humble/lib:/usr/share/gazebo/../../lib/x86_64-linux-gnu/gazebo-11/plugins _=/usr/bin/env /usr/bin/cmake --build /home/bfg2h/bumperbot_ws/build/bumperbot_cpp_examples -- -j16 -l16
