[01m[K/home/bfg2h/bumperbot_ws/src/bumperbot_controller/src/noisy_controller.cpp:7:1:[m[K [01;31m[Kerror: [m[Kâ€˜[01m[KNoisyController[m[Kâ€™ does not name a type
    7 | [01;31m[KNoisyController[m[K::NoisyController(const std::string &name) : Node(name)
      | [01;31m[K^~~~~~~~~~~~~~~[m[K
[01m[K/home/bfg2h/bumperbot_ws/src/bumperbot_controller/src/noisy_controller.cpp:55:6:[m[K [01;31m[Kerror: [m[Kâ€˜[01m[KNoisyController[m[Kâ€™ has not been declared
   55 | void [01;31m[KNoisyController[m[K::jointCallback(const sensor_msgs::msg::JointState &msg)
      |      [01;31m[K^~~~~~~~~~~~~~~[m[K
[01m[K/home/bfg2h/bumperbot_ws/src/bumperbot_controller/src/noisy_controller.cpp:[m[K In function â€˜[01m[Kvoid jointCallback(const JointState&)[m[Kâ€™:
[01m[K/home/bfg2h/bumperbot_ws/src/bumperbot_controller/src/noisy_controller.cpp:57:26:[m[K [01;31m[Kerror: [m[Kâ€˜[01m[Kstd::chrono[m[Kâ€™ has not been declared
   57 |     unsigned seed = std::[01;31m[Kchrono[m[K::system_clock::now().time_since_epoch().count();
      |                          [01;31m[K^~~~~~[m[K
[01m[K/home/bfg2h/bumperbot_ws/src/bumperbot_controller/src/noisy_controller.cpp:68:38:[m[K [01;31m[Kerror: [m[Kâ€˜[01m[Kright_wheel_prev_pos_[m[Kâ€™ was not declared in this scope
   68 |     dp_right = wheel_encoder_right - [01;31m[Kright_wheel_prev_pos_[m[K;
      |                                      [01;31m[K^~~~~~~~~~~~~~~~~~~~~[m[K
[01m[K/home/bfg2h/bumperbot_ws/src/bumperbot_controller/src/noisy_controller.cpp:69:36:[m[K [01;31m[Kerror: [m[Kâ€˜[01m[Kleft_wheel_prev_pos_[m[Kâ€™ was not declared in this scope
   69 |     dp_left = wheel_encoder_left - [01;31m[Kleft_wheel_prev_pos_[m[K;
      |                                    [01;31m[K^~~~~~~~~~~~~~~~~~~~[m[K
[01m[K/home/bfg2h/bumperbot_ws/src/bumperbot_controller/src/noisy_controller.cpp:71:5:[m[K [01;31m[Kerror: [m[Kâ€˜[01m[Krclcpp[m[Kâ€™ has not been declared
   71 |     [01;31m[Krclcpp[m[K::Time msg_time = msg.header.stamp;
      |     [01;31m[K^~~~~~[m[K
[01m[K/home/bfg2h/bumperbot_ws/src/bumperbot_controller/src/noisy_controller.cpp:72:5:[m[K [01;31m[Kerror: [m[Kâ€˜[01m[Krclcpp[m[Kâ€™ has not been declared
   72 |     [01;31m[Krclcpp[m[K::Duration dt = msg_time - prev_time_;
      |     [01;31m[K^~~~~~[m[K
[01m[K/home/bfg2h/bumperbot_ws/src/bumperbot_controller/src/noisy_controller.cpp:76:5:[m[K [01;31m[Kerror: [m[Kâ€˜[01m[Kprev_time_[m[Kâ€™ was not declared in this scope
   76 |     [01;31m[Kprev_time_[m[K = msg_time;
      |     [01;31m[K^~~~~~~~~~[m[K
[01m[K/home/bfg2h/bumperbot_ws/src/bumperbot_controller/src/noisy_controller.cpp:76:18:[m[K [01;31m[Kerror: [m[Kâ€˜[01m[Kmsg_time[m[Kâ€™ was not declared in this scope; did you mean â€˜[01m[Kmktime[m[Kâ€™?
   76 |     prev_time_ = [01;31m[Kmsg_time[m[K;
      |                  [01;31m[K^~~~~~~~[m[K
      |                  [32m[Kmktime[m[K
[01m[K/home/bfg2h/bumperbot_ws/src/bumperbot_controller/src/noisy_controller.cpp:78:32:[m[K [01;31m[Kerror: [m[Kâ€˜[01m[Kdt[m[Kâ€™ was not declared in this scope
   78 |     double fi_left = dp_left / [01;31m[Kdt[m[K.seconds();
      |                                [01;31m[K^~[m[K
[01m[K/home/bfg2h/bumperbot_ws/src/bumperbot_controller/src/noisy_controller.cpp:81:16:[m[K [01;31m[Kerror: [m[Kâ€˜[01m[Kwheel_radius_[m[Kâ€™ was not declared in this scope
   81 |     double V = [01;31m[Kwheel_radius_[m[K / 2 * fi_right + wheel_radius_ / 2 * fi_left;
      |                [01;31m[K^~~~~~~~~~~~~[m[K
[01m[K/home/bfg2h/bumperbot_ws/src/bumperbot_controller/src/noisy_controller.cpp:82:32:[m[K [01;31m[Kerror: [m[Kâ€˜[01m[Kwheel_separation_[m[Kâ€™ was not declared in this scope
   82 |     double w = wheel_radius_ / [01;31m[Kwheel_separation_[m[K * fi_right - wheel_radius_ / wheel_separation_ * fi_left;
      |                                [01;31m[K^~~~~~~~~~~~~~~~~[m[K
[01m[K/home/bfg2h/bumperbot_ws/src/bumperbot_controller/src/noisy_controller.cpp:86:5:[m[K [01;31m[Kerror: [m[Kâ€˜[01m[Ktheta_[m[Kâ€™ was not declared in this scope
   86 |     [01;31m[Ktheta_[m[K += d_theta;
      |     [01;31m[K^~~~~~[m[K
[01m[K/home/bfg2h/bumperbot_ws/src/bumperbot_controller/src/noisy_controller.cpp:87:5:[m[K [01;31m[Kerror: [m[Kâ€˜[01m[Kx_[m[Kâ€™ was not declared in this scope
   87 |     [01;31m[Kx_[m[K += d_s * std::cos(theta_);
      |     [01;31m[K^~[m[K
[01m[K/home/bfg2h/bumperbot_ws/src/bumperbot_controller/src/noisy_controller.cpp:88:5:[m[K [01;31m[Kerror: [m[Kâ€˜[01m[Ky_[m[Kâ€™ was not declared in this scope; did you mean â€˜[01m[Kyn[m[Kâ€™?
   88 |     [01;31m[Ky_[m[K += d_s * std::sin(theta_);
      |     [01;31m[K^~[m[K
      |     [32m[Kyn[m[K
[01m[K/home/bfg2h/bumperbot_ws/src/bumperbot_controller/src/noisy_controller.cpp:90:5:[m[K [01;31m[Kerror: [m[Kâ€˜[01m[Kq[m[Kâ€™ was not declared in this scope
   90 |     [01;31m[Kq[m[K.setRPY(0,0,theta_);
      |     [01;31m[K^[m[K
[01m[K/home/bfg2h/bumperbot_ws/src/bumperbot_controller/src/noisy_controller.cpp:91:5:[m[K [01;31m[Kerror: [m[Kâ€˜[01m[Kodom_msgs_[m[Kâ€™ was not declared in this scope
   91 |     [01;31m[Kodom_msgs_[m[K.pose.pose.orientation.x = q.x();
      |     [01;31m[K^~~~~~~~~~[m[K
[01m[K/home/bfg2h/bumperbot_ws/src/bumperbot_controller/src/noisy_controller.cpp:97:31:[m[K [01;31m[Kerror: [m[Kâ€˜[01m[Kget_clock[m[Kâ€™ was not declared in this scope
   97 |     odom_msgs_.header.stamp = [01;31m[Kget_clock[m[K()->now();
      |                               [01;31m[K^~~~~~~~~[m[K
[01m[K/home/bfg2h/bumperbot_ws/src/bumperbot_controller/src/noisy_controller.cpp:101:5:[m[K [01;31m[Kerror: [m[Kâ€˜[01m[Kodom_pub_[m[Kâ€™ was not declared in this scope
  101 |     [01;31m[Kodom_pub_[m[K->publish(odom_msgs_);
      |     [01;31m[K^~~~~~~~~[m[K
[01m[K/home/bfg2h/bumperbot_ws/src/bumperbot_controller/src/noisy_controller.cpp:103:5:[m[K [01;31m[Kerror: [m[Kâ€˜[01m[Ktransform_stamped_[m[Kâ€™ was not declared in this scope
  103 |     [01;31m[Ktransform_stamped_[m[K.transform.translation.x  = x_;
      |     [01;31m[K^~~~~~~~~~~~~~~~~~[m[K
[01m[K/home/bfg2h/bumperbot_ws/src/bumperbot_controller/src/noisy_controller.cpp:110:5:[m[K [01;31m[Kerror: [m[Kâ€˜[01m[Kbr_[m[Kâ€™ was not declared in this scope
  110 |     [01;31m[Kbr_[m[K->sendTransform(transform_stamped_);
      |     [01;31m[K^~~[m[K
[01m[K/home/bfg2h/bumperbot_ws/src/bumperbot_controller/src/noisy_controller.cpp:[m[K In function â€˜[01m[Kint main(int, char**)[m[Kâ€™:
[01m[K/home/bfg2h/bumperbot_ws/src/bumperbot_controller/src/noisy_controller.cpp:118:5:[m[K [01;31m[Kerror: [m[Kâ€˜[01m[Krclcpp[m[Kâ€™ has not been declared
  118 |     [01;31m[Krclcpp[m[K::init(argc, argv);
      |     [01;31m[K^~~~~~[m[K
[01m[K/home/bfg2h/bumperbot_ws/src/bumperbot_controller/src/noisy_controller.cpp:119:34:[m[K [01;31m[Kerror: [m[Kâ€˜[01m[KNoisyController[m[Kâ€™ was not declared in this scope
  119 |     auto node = std::make_shared<[01;31m[KNoisyController[m[K>("noisy_controller");
      |                                  [01;31m[K^~~~~~~~~~~~~~~[m[K
[01m[K/home/bfg2h/bumperbot_ws/src/bumperbot_controller/src/noisy_controller.cpp:119:50:[m[K [01;31m[Kerror: [m[Kno matching function for call to â€˜[01m[Kmake_shared<<expression error> >(const char [17])[m[Kâ€™
  119 |     auto node = [01;31m[Kstd::make_shared<NoisyController>("noisy_controller")[m[K;
      |                 [01;31m[K~~~~~~~~~~~~~~~~~~~~~~~~~~~~~~~~~^~~~~~~~~~~~~~~~~~~~[m[K
In file included from [01m[K/usr/include/c++/11/memory:77[m[K,
                 from [01m[K/home/bfg2h/bumperbot_ws/src/bumperbot_controller/src/noisy_controller.cpp:3[m[K:
[01m[K/usr/include/c++/11/bits/shared_ptr.h:875:5:[m[K [01;36m[Knote: [m[Kcandidate: â€˜[01m[Ktemplate<class _Tp, class ... _Args> std::shared_ptr<_Tp> std::make_shared(_Args&& ...)[m[Kâ€™
  875 |     [01;36m[Kmake_shared[m[K(_Args&&... __args)
      |     [01;36m[K^~~~~~~~~~~[m[K
[01m[K/usr/include/c++/11/bits/shared_ptr.h:875:5:[m[K [01;36m[Knote: [m[K  template argument deduction/substitution failed:
[01m[K/home/bfg2h/bumperbot_ws/src/bumperbot_controller/src/noisy_controller.cpp:119:50:[m[K [01;31m[Kerror: [m[Ktemplate argument 1 is invalid
  119 |     auto node = [01;31m[Kstd::make_shared<NoisyController>("noisy_controller")[m[K;
      |                 [01;31m[K~~~~~~~~~~~~~~~~~~~~~~~~~~~~~~~~~^~~~~~~~~~~~~~~~~~~~[m[K
[01m[K/home/bfg2h/bumperbot_ws/src/bumperbot_controller/src/noisy_controller.cpp:120:5:[m[K [01;31m[Kerror: [m[Kâ€˜[01m[Krclcpp[m[Kâ€™ has not been declared
  120 |     [01;31m[Krclcpp[m[K::spin(node);
      |     [01;31m[K^~~~~~[m[K
[01m[K/home/bfg2h/bumperbot_ws/src/bumperbot_controller/src/noisy_controller.cpp:121:5:[m[K [01;31m[Kerror: [m[Kâ€˜[01m[Krclcpp[m[Kâ€™ has not been declared
  121 |     [01;31m[Krclcpp[m[K::shutdown();
      |     [01;31m[K^~~~~~[m[K
gmake[2]: *** [CMakeFiles/noisy_controller.dir/build.make:76: CMakeFiles/noisy_controller.dir/src/noisy_controller.cpp.o] Error 1
gmake[1]: *** [CMakeFiles/Makefile2:168: CMakeFiles/noisy_controller.dir/all] Error 2
gmake: *** [Makefile:146: all] Error 2
